2022-09-06 00:37:47.5121|0|DEBUG|Program|init main 
2022-09-06 00:37:48.7784|3|DEBUG|Microsoft.AspNetCore.Mvc.Razor.Compilation.DefaultViewCompiler|Initializing Razor view compiler with compiled view: '/Pages/Account/AccessDenied.cshtml'. 
2022-09-06 00:37:48.7991|3|DEBUG|Microsoft.AspNetCore.Mvc.Razor.Compilation.DefaultViewCompiler|Initializing Razor view compiler with compiled view: '/Pages/Account/ForgetPassword.cshtml'. 
2022-09-06 00:37:48.7991|3|DEBUG|Microsoft.AspNetCore.Mvc.Razor.Compilation.DefaultViewCompiler|Initializing Razor view compiler with compiled view: '/Pages/Account/Login.cshtml'. 
2022-09-06 00:37:48.7991|3|DEBUG|Microsoft.AspNetCore.Mvc.Razor.Compilation.DefaultViewCompiler|Initializing Razor view compiler with compiled view: '/Pages/Account/Register.cshtml'. 
2022-09-06 00:37:48.7991|3|DEBUG|Microsoft.AspNetCore.Mvc.Razor.Compilation.DefaultViewCompiler|Initializing Razor view compiler with compiled view: '/Pages/Account/Signout.cshtml'. 
2022-09-06 00:37:48.7991|3|DEBUG|Microsoft.AspNetCore.Mvc.Razor.Compilation.DefaultViewCompiler|Initializing Razor view compiler with compiled view: '/Pages/Account/_Partial/_LoginScriptPartial.cshtml'. 
2022-09-06 00:37:48.7991|3|DEBUG|Microsoft.AspNetCore.Mvc.Razor.Compilation.DefaultViewCompiler|Initializing Razor view compiler with compiled view: '/Pages/Account/_Partial/_LoginStylePartial.cshtml'. 
2022-09-06 00:37:48.7991|3|DEBUG|Microsoft.AspNetCore.Mvc.Razor.Compilation.DefaultViewCompiler|Initializing Razor view compiler with compiled view: '/Pages/Account/_Partial/_RegisterScriptPartial.cshtml'. 
2022-09-06 00:37:48.7991|3|DEBUG|Microsoft.AspNetCore.Mvc.Razor.Compilation.DefaultViewCompiler|Initializing Razor view compiler with compiled view: '/Pages/Account/_Partial/_RegisterStylePartial.cshtml'. 
2022-09-06 00:37:48.7991|3|DEBUG|Microsoft.AspNetCore.Mvc.Razor.Compilation.DefaultViewCompiler|Initializing Razor view compiler with compiled view: '/Pages/Admin/Index.cshtml'. 
2022-09-06 00:37:48.7991|3|DEBUG|Microsoft.AspNetCore.Mvc.Razor.Compilation.DefaultViewCompiler|Initializing Razor view compiler with compiled view: '/Pages/Admin/Shared/_AdminLayout.cshtml'. 
2022-09-06 00:37:48.7991|3|DEBUG|Microsoft.AspNetCore.Mvc.Razor.Compilation.DefaultViewCompiler|Initializing Razor view compiler with compiled view: '/Pages/Admin/Shared/_Partials/_LinkPartial.cshtml'. 
2022-09-06 00:37:48.7991|3|DEBUG|Microsoft.AspNetCore.Mvc.Razor.Compilation.DefaultViewCompiler|Initializing Razor view compiler with compiled view: '/Pages/Admin/Shared/_Partials/_MetaTagPartial.cshtml'. 
2022-09-06 00:37:48.7991|3|DEBUG|Microsoft.AspNetCore.Mvc.Razor.Compilation.DefaultViewCompiler|Initializing Razor view compiler with compiled view: '/Pages/Admin/Shared/_Partials/_ScriptPartial.cshtml'. 
2022-09-06 00:37:48.7991|3|DEBUG|Microsoft.AspNetCore.Mvc.Razor.Compilation.DefaultViewCompiler|Initializing Razor view compiler with compiled view: '/Pages/Admin/Users/Index.cshtml'. 
2022-09-06 00:37:48.7991|3|DEBUG|Microsoft.AspNetCore.Mvc.Razor.Compilation.DefaultViewCompiler|Initializing Razor view compiler with compiled view: '/Pages/Admin/Users/Register.cshtml'. 
2022-09-06 00:37:48.7991|3|DEBUG|Microsoft.AspNetCore.Mvc.Razor.Compilation.DefaultViewCompiler|Initializing Razor view compiler with compiled view: '/Pages/Admin/Users/RemovedUsers.cshtml'. 
2022-09-06 00:37:48.7991|3|DEBUG|Microsoft.AspNetCore.Mvc.Razor.Compilation.DefaultViewCompiler|Initializing Razor view compiler with compiled view: '/Pages/Admin/Users/_Partial/_ChangeActivationUserScript.cshtml'. 
2022-09-06 00:37:48.7991|3|DEBUG|Microsoft.AspNetCore.Mvc.Razor.Compilation.DefaultViewCompiler|Initializing Razor view compiler with compiled view: '/Pages/Admin/Users/_Partial/_DeleteUserScript.cshtml'. 
2022-09-06 00:37:48.7991|3|DEBUG|Microsoft.AspNetCore.Mvc.Razor.Compilation.DefaultViewCompiler|Initializing Razor view compiler with compiled view: '/Pages/Admin/Users/_Partial/_EditModalPartial.cshtml'. 
2022-09-06 00:37:48.7991|3|DEBUG|Microsoft.AspNetCore.Mvc.Razor.Compilation.DefaultViewCompiler|Initializing Razor view compiler with compiled view: '/Pages/Admin/Users/_Partial/_EditUserScript.cshtml'. 
2022-09-06 00:37:48.7991|3|DEBUG|Microsoft.AspNetCore.Mvc.Razor.Compilation.DefaultViewCompiler|Initializing Razor view compiler with compiled view: '/Pages/Admin/_ViewImports.cshtml'. 
2022-09-06 00:37:48.7991|3|DEBUG|Microsoft.AspNetCore.Mvc.Razor.Compilation.DefaultViewCompiler|Initializing Razor view compiler with compiled view: '/Pages/Admin/_ViewStart.cshtml'. 
2022-09-06 00:37:48.7991|3|DEBUG|Microsoft.AspNetCore.Mvc.Razor.Compilation.DefaultViewCompiler|Initializing Razor view compiler with compiled view: '/Pages/Index.cshtml'. 
2022-09-06 00:37:48.7991|3|DEBUG|Microsoft.AspNetCore.Mvc.Razor.Compilation.DefaultViewCompiler|Initializing Razor view compiler with compiled view: '/Pages/Shared/_Partials/SideScript/_DisableFormBtn.cshtml'. 
2022-09-06 00:37:48.7991|3|DEBUG|Microsoft.AspNetCore.Mvc.Razor.Compilation.DefaultViewCompiler|Initializing Razor view compiler with compiled view: '/Pages/Shared/_Partials/_DisplayPageMessages.cshtml'. 
2022-09-06 00:37:48.7991|3|DEBUG|Microsoft.AspNetCore.Mvc.Razor.Compilation.DefaultViewCompiler|Initializing Razor view compiler with compiled view: '/Pages/Shared/_Partials/_DisplayPageMessagesInLayout.cshtml'. 
2022-09-06 00:37:48.7991|3|DEBUG|Microsoft.AspNetCore.Mvc.Razor.Compilation.DefaultViewCompiler|Initializing Razor view compiler with compiled view: '/Pages/Shared/_Partials/_DisplayToastMessages.cshtml'. 
2022-09-06 00:37:48.7991|3|DEBUG|Microsoft.AspNetCore.Mvc.Razor.Compilation.DefaultViewCompiler|Initializing Razor view compiler with compiled view: '/Pages/Shared/_Partials/_LinkPartial.cshtml'. 
2022-09-06 00:37:48.7991|3|DEBUG|Microsoft.AspNetCore.Mvc.Razor.Compilation.DefaultViewCompiler|Initializing Razor view compiler with compiled view: '/Pages/Shared/_Partials/_MetaTagPartial.cshtml'. 
2022-09-06 00:37:48.7991|3|DEBUG|Microsoft.AspNetCore.Mvc.Razor.Compilation.DefaultViewCompiler|Initializing Razor view compiler with compiled view: '/Pages/Shared/_Partials/_ScriptPartial.cshtml'. 
2022-09-06 00:37:48.7991|3|DEBUG|Microsoft.AspNetCore.Mvc.Razor.Compilation.DefaultViewCompiler|Initializing Razor view compiler with compiled view: '/Pages/Shared/_ValidationScriptsPartial.cshtml'. 
2022-09-06 00:37:48.7991|3|DEBUG|Microsoft.AspNetCore.Mvc.Razor.Compilation.DefaultViewCompiler|Initializing Razor view compiler with compiled view: '/Pages/_ViewImports.cshtml'. 
2022-09-06 00:37:48.7991|3|DEBUG|Microsoft.AspNetCore.Mvc.Razor.Compilation.DefaultViewCompiler|Initializing Razor view compiler with compiled view: '/Pages/_ViewStart.cshtml'. 
2022-09-06 00:37:48.7991|3|DEBUG|Microsoft.AspNetCore.Mvc.Razor.Compilation.DefaultViewCompiler|Initializing Razor view compiler with compiled view: '/Pages/Shared/_Layout.cshtml'. 
2022-09-06 00:37:48.8138|12|DEBUG|Microsoft.AspNetCore.Mvc.ModelBinding.ModelBinderFactory|Registered model binder providers, in the following order: Microsoft.AspNetCore.Mvc.ModelBinding.Binders.BinderTypeModelBinderProvider, Microsoft.AspNetCore.Mvc.ModelBinding.Binders.ServicesModelBinderProvider, Microsoft.AspNetCore.Mvc.ModelBinding.Binders.BodyModelBinderProvider, Microsoft.AspNetCore.Mvc.ModelBinding.Binders.HeaderModelBinderProvider, Microsoft.AspNetCore.Mvc.ModelBinding.Binders.FloatingPointTypeModelBinderProvider, Microsoft.AspNetCore.Mvc.ModelBinding.Binders.EnumTypeModelBinderProvider, Microsoft.AspNetCore.Mvc.ModelBinding.Binders.DateTimeModelBinderProvider, Microsoft.AspNetCore.Mvc.ModelBinding.Binders.SimpleTypeModelBinderProvider, Microsoft.AspNetCore.Mvc.ModelBinding.Binders.CancellationTokenModelBinderProvider, Microsoft.AspNetCore.Mvc.ModelBinding.Binders.ByteArrayModelBinderProvider, Microsoft.AspNetCore.Mvc.ModelBinding.Binders.FormFileModelBinderProvider, Microsoft.AspNetCore.Mvc.ModelBinding.Binders.FormCollectionModelBinderProvider, Microsoft.AspNetCore.Mvc.ModelBinding.Binders.KeyValuePairModelBinderProvider, Microsoft.AspNetCore.Mvc.ModelBinding.Binders.DictionaryModelBinderProvider, Microsoft.AspNetCore.Mvc.ModelBinding.Binders.ArrayModelBinderProvider, Microsoft.AspNetCore.Mvc.ModelBinding.Binders.CollectionModelBinderProvider, Microsoft.AspNetCore.Mvc.ModelBinding.Binders.ComplexObjectModelBinderProvider 
2022-09-06 00:37:48.8655|63|INFO|Microsoft.AspNetCore.DataProtection.KeyManagement.XmlKeyManager|User profile is available. Using 'C:\Users\manga\AppData\Local\ASP.NET\DataProtection-Keys' as key repository and Windows DPAPI to encrypt keys at rest. 
2022-09-06 00:37:49.0442|1|DEBUG|Microsoft.Extensions.Hosting.Internal.Host|Hosting starting 
2022-09-06 00:37:49.0442|37|DEBUG|Microsoft.AspNetCore.DataProtection.Repositories.FileSystemXmlRepository|Reading data from file 'C:\Users\manga\AppData\Local\ASP.NET\DataProtection-Keys\key-1d229e6e-b996-49aa-b68a-88a15fd4472d.xml'. 
2022-09-06 00:37:49.0601|18|DEBUG|Microsoft.AspNetCore.DataProtection.KeyManagement.XmlKeyManager|Found key {1d229e6e-b996-49aa-b68a-88a15fd4472d}. 
2022-09-06 00:37:49.0747|13|DEBUG|Microsoft.AspNetCore.DataProtection.KeyManagement.DefaultKeyResolver|Considering key {1d229e6e-b996-49aa-b68a-88a15fd4472d} with expiration date 2022-09-29 15:23:03Z as default key. 
2022-09-06 00:37:49.0747|0|DEBUG|Microsoft.AspNetCore.DataProtection.TypeForwardingActivator|Forwarded activator type request from Microsoft.AspNetCore.DataProtection.XmlEncryption.DpapiXmlDecryptor, Microsoft.AspNetCore.DataProtection, Version=5.0.0.0, Culture=neutral, PublicKeyToken=adb9793829ddae60 to Microsoft.AspNetCore.DataProtection.XmlEncryption.DpapiXmlDecryptor, Microsoft.AspNetCore.DataProtection, Culture=neutral, PublicKeyToken=adb9793829ddae60 
2022-09-06 00:37:49.0747|51|DEBUG|Microsoft.AspNetCore.DataProtection.XmlEncryption.DpapiXmlDecryptor|Decrypting secret element using Windows DPAPI. 
2022-09-06 00:37:49.0747|0|DEBUG|Microsoft.AspNetCore.DataProtection.TypeForwardingActivator|Forwarded activator type request from Microsoft.AspNetCore.DataProtection.AuthenticatedEncryption.ConfigurationModel.AuthenticatedEncryptorDescriptorDeserializer, Microsoft.AspNetCore.DataProtection, Version=5.0.0.0, Culture=neutral, PublicKeyToken=adb9793829ddae60 to Microsoft.AspNetCore.DataProtection.AuthenticatedEncryption.ConfigurationModel.AuthenticatedEncryptorDescriptorDeserializer, Microsoft.AspNetCore.DataProtection, Culture=neutral, PublicKeyToken=adb9793829ddae60 
2022-09-06 00:37:49.0917|4|DEBUG|Microsoft.AspNetCore.DataProtection.AuthenticatedEncryption.CngCbcAuthenticatedEncryptorFactory|Opening CNG algorithm 'AES' from provider '(null)' with chaining mode CBC. 
2022-09-06 00:37:49.0917|3|DEBUG|Microsoft.AspNetCore.DataProtection.AuthenticatedEncryption.CngCbcAuthenticatedEncryptorFactory|Opening CNG algorithm 'SHA256' from provider '(null)' with HMAC. 
2022-09-06 00:37:49.0917|2|DEBUG|Microsoft.AspNetCore.DataProtection.KeyManagement.KeyRingProvider|Using key {1d229e6e-b996-49aa-b68a-88a15fd4472d} as the default key. 
2022-09-06 00:37:49.0917|65|DEBUG|Microsoft.AspNetCore.DataProtection.Internal.DataProtectionHostedService|Key ring with default key {1d229e6e-b996-49aa-b68a-88a15fd4472d} was loaded during application startup. 
2022-09-06 00:37:49.1449|13|DEBUG|Microsoft.AspNetCore.Hosting.Diagnostics|Loaded hosting startup assembly KalaMarket.EndPoint 
2022-09-06 00:37:49.1510|13|DEBUG|Microsoft.AspNetCore.Hosting.Diagnostics|Loaded hosting startup assembly Microsoft.AspNetCore.Watch.BrowserRefresh 
2022-09-06 00:37:49.1510|13|DEBUG|Microsoft.AspNetCore.Hosting.Diagnostics|Loaded hosting startup assembly Microsoft.WebTools.BrowserLink.Net 
2022-09-06 00:37:49.1510|0|INFO|Microsoft.Hosting.Lifetime|Application started. Press Ctrl+C to shut down. 
2022-09-06 00:37:49.1510|0|INFO|Microsoft.Hosting.Lifetime|Hosting environment: Development 
2022-09-06 00:37:49.1510|0|INFO|Microsoft.Hosting.Lifetime|Content root path: C:\WorkSpace\Asp\Projects\KalaMarket\Src\KalaMarket\KalaMarket.EndPoint\ 
2022-09-06 00:37:49.1510|2|DEBUG|Microsoft.Extensions.Hosting.Internal.Host|Hosting started 
2022-09-06 00:37:49.2034|1|INFO|Microsoft.AspNetCore.Hosting.Diagnostics|Request starting HTTP/2 GET https://localhost:44316/ - - 
2022-09-06 00:37:49.2459|0|DEBUG|Microsoft.AspNetCore.HostFiltering.HostFilteringMiddleware|Wildcard detected, all requests with hosts will be allowed. 
2022-09-06 00:37:49.2459|2|TRACE|Microsoft.AspNetCore.HostFiltering.HostFilteringMiddleware|All hosts are allowed. 
2022-09-06 00:37:49.2459|4|DEBUG|Microsoft.AspNetCore.StaticFiles.StaticFileMiddleware|The request path / does not match a supported file type 
2022-09-06 00:37:49.2774|1001|DEBUG|Microsoft.AspNetCore.Routing.Matching.DfaMatcher|1 candidate(s) found for the request path '/' 
2022-09-06 00:37:49.2774|1005|DEBUG|Microsoft.AspNetCore.Routing.Matching.DfaMatcher|Endpoint '/Index' with route pattern '' is valid for the request path '/' 
2022-09-06 00:37:49.2774|1|DEBUG|Microsoft.AspNetCore.Routing.EndpointRoutingMiddleware|Request matched endpoint '/Index' 
2022-09-06 00:37:49.2980|9|DEBUG|Microsoft.AspNetCore.Authentication.Cookies.CookieAuthenticationHandler|AuthenticationScheme: Cookies was not authenticated. 
2022-09-06 00:37:49.2980|0|INFO|Microsoft.AspNetCore.Routing.EndpointMiddleware|Executing endpoint '/Index' 
2022-09-06 00:37:49.3882|5|TRACE|Microsoft.AspNetCore.Mvc.Razor.Compilation.DefaultViewCompiler|Located compiled view for view at path '/Pages/_ViewStart.cshtml'. 
2022-09-06 00:37:49.3882|7|TRACE|Microsoft.AspNetCore.Mvc.Razor.Compilation.DefaultViewCompiler|Could not find a file for view at path '/_ViewStart.cshtml'. 
2022-09-06 00:37:49.3882|3|INFO|Microsoft.AspNetCore.Mvc.RazorPages.Infrastructure.PageActionInvoker|Route matched with {page = "/Index", area = "", action = "", controller = ""}. Executing page /Index 
2022-09-06 00:37:49.4014|1|DEBUG|Microsoft.AspNetCore.Mvc.RazorPages.Infrastructure.PageActionInvoker|Execution plan of authorization filters (in the following order): Microsoft.AspNetCore.Mvc.ViewFeatures.Filters.AutoValidateAntiforgeryTokenAuthorizationFilter 
2022-09-06 00:37:49.4014|1|DEBUG|Microsoft.AspNetCore.Mvc.RazorPages.Infrastructure.PageActionInvoker|Execution plan of resource filters (in the following order): Microsoft.AspNetCore.Mvc.ViewFeatures.Filters.SaveTempDataFilter 
2022-09-06 00:37:49.4014|1|DEBUG|Microsoft.AspNetCore.Mvc.RazorPages.Infrastructure.PageActionInvoker|Execution plan of action filters (in the following order): Microsoft.AspNetCore.Mvc.ModelBinding.UnsupportedContentTypeFilter (Order: -3000) 
2022-09-06 00:37:49.4014|1|DEBUG|Microsoft.AspNetCore.Mvc.RazorPages.Infrastructure.PageActionInvoker|Execution plan of exception filters (in the following order): None 
2022-09-06 00:37:49.4014|1|DEBUG|Microsoft.AspNetCore.Mvc.RazorPages.Infrastructure.PageActionInvoker|Execution plan of result filters (in the following order): Microsoft.AspNetCore.Mvc.ViewFeatures.Filters.SaveTempDataFilter 
2022-09-06 00:37:49.4014|2|TRACE|Microsoft.AspNetCore.Mvc.RazorPages.Infrastructure.PageActionInvoker|Authorization Filter: Before executing OnAuthorizationAsync on filter Microsoft.AspNetCore.Mvc.ViewFeatures.Filters.AutoValidateAntiforgeryTokenAuthorizationFilter. 
2022-09-06 00:37:49.4014|3|TRACE|Microsoft.AspNetCore.Mvc.RazorPages.Infrastructure.PageActionInvoker|Authorization Filter: After executing OnAuthorizationAsync on filter Microsoft.AspNetCore.Mvc.ViewFeatures.Filters.AutoValidateAntiforgeryTokenAuthorizationFilter. 
2022-09-06 00:37:49.4014|2|TRACE|Microsoft.AspNetCore.Mvc.RazorPages.Infrastructure.PageActionInvoker|Resource Filter: Before executing OnResourceExecuting on filter Microsoft.AspNetCore.Mvc.ViewFeatures.Filters.SaveTempDataFilter. 
2022-09-06 00:37:49.4014|3|TRACE|Microsoft.AspNetCore.Mvc.RazorPages.Infrastructure.PageActionInvoker|Resource Filter: After executing OnResourceExecuting on filter Microsoft.AspNetCore.Mvc.ViewFeatures.Filters.SaveTempDataFilter. 
2022-09-06 00:37:49.4014|101|DEBUG|Microsoft.AspNetCore.Mvc.RazorPages.Infrastructure.PageActionInvoker|Executing page model factory for page KalaMarket.EndPoint.Pages.Pages_Index (KalaMarket.EndPoint) 
2022-09-06 00:37:49.4014|0|DEBUG|KalaMarket.EndPoint.Pages.IndexModel|1 
2022-09-06 00:37:49.4197|102|DEBUG|Microsoft.AspNetCore.Mvc.RazorPages.Infrastructure.PageActionInvoker|Executed page model factory for page KalaMarket.EndPoint.Pages.Pages_Index (KalaMarket.EndPoint) 
2022-09-06 00:37:49.4197|1|TRACE|Microsoft.AspNetCore.Mvc.RazorPages.Infrastructure.PageActionInvoker|Page Filter: Before executing OnPageHandlerSelectionAsync on filter Microsoft.AspNetCore.Mvc.Filters.PageHandlerPageFilter. 
2022-09-06 00:37:49.4197|2|TRACE|Microsoft.AspNetCore.Mvc.RazorPages.Infrastructure.PageActionInvoker|Page Filter: After executing OnPageHandlerSelectionAsync on filter Microsoft.AspNetCore.Mvc.Filters.PageHandlerPageFilter. 
2022-09-06 00:37:49.4197|1|TRACE|Microsoft.AspNetCore.Mvc.RazorPages.Infrastructure.PageActionInvoker|Page Filter: Before executing OnPageHandlerSelected on filter Microsoft.AspNetCore.Mvc.RazorPages.Infrastructure.HandleOptionsRequestsPageFilter. 
2022-09-06 00:37:49.4197|1|TRACE|Microsoft.AspNetCore.Mvc.RazorPages.Infrastructure.PageActionInvoker|Page Filter: Before executing OnPageHandlerExecutionAsync on filter Microsoft.AspNetCore.Mvc.Filters.PageHandlerPageFilter. 
2022-09-06 00:37:49.4329|1|TRACE|Microsoft.AspNetCore.Mvc.RazorPages.Infrastructure.PageActionInvoker|Page Filter: Before executing OnPageHandlerExecuting on filter Microsoft.AspNetCore.Mvc.RazorPages.Infrastructure.HandleOptionsRequestsPageFilter. 
2022-09-06 00:37:49.4329|2|TRACE|Microsoft.AspNetCore.Mvc.RazorPages.Infrastructure.PageActionInvoker|Page Filter: After executing OnPageHandlerExecuting on filter Microsoft.AspNetCore.Mvc.RazorPages.Infrastructure.HandleOptionsRequestsPageFilter. 
2022-09-06 00:37:49.4567|105|INFO|Microsoft.AspNetCore.Mvc.RazorPages.Infrastructure.PageActionInvoker|Executing handler method KalaMarket.EndPoint.Pages.IndexModel.OnGet - ModelState is Valid 
2022-09-06 00:37:49.4567|0|INFO|KalaMarket.EndPoint.Pages.IndexModel|Hello , This is OnGet Method Of Main 
2022-09-06 00:37:49.4567|108|INFO|Microsoft.AspNetCore.Mvc.RazorPages.Infrastructure.PageActionInvoker|Executed handler method OnGet, returned result . 
2022-09-06 00:37:49.4769|107|INFO|Microsoft.AspNetCore.Mvc.RazorPages.Infrastructure.PageActionInvoker|Executing an implicit handler method - ModelState is Valid 
2022-09-06 00:37:49.4769|109|INFO|Microsoft.AspNetCore.Mvc.RazorPages.Infrastructure.PageActionInvoker|Executed an implicit handler method, returned result Microsoft.AspNetCore.Mvc.RazorPages.PageResult. 
2022-09-06 00:37:49.4769|1|TRACE|Microsoft.AspNetCore.Mvc.RazorPages.Infrastructure.PageActionInvoker|Page Filter: Before executing OnPageHandlerExecuted on filter Microsoft.AspNetCore.Mvc.RazorPages.Infrastructure.HandleOptionsRequestsPageFilter. 
2022-09-06 00:37:49.4769|2|TRACE|Microsoft.AspNetCore.Mvc.RazorPages.Infrastructure.PageActionInvoker|Page Filter: After executing OnPageHandlerExecuted on filter Microsoft.AspNetCore.Mvc.RazorPages.Infrastructure.HandleOptionsRequestsPageFilter. 
2022-09-06 00:37:49.4769|2|TRACE|Microsoft.AspNetCore.Mvc.RazorPages.Infrastructure.PageActionInvoker|Page Filter: After executing OnPageHandlerExecutionAsync on filter Microsoft.AspNetCore.Mvc.Filters.PageHandlerPageFilter. 
2022-09-06 00:37:49.4797|2|TRACE|Microsoft.AspNetCore.Mvc.RazorPages.Infrastructure.PageActionInvoker|Result Filter: Before executing OnResultExecuting on filter Microsoft.AspNetCore.Mvc.ViewFeatures.Filters.SaveTempDataFilter. 
2022-09-06 00:37:49.4797|3|TRACE|Microsoft.AspNetCore.Mvc.RazorPages.Infrastructure.PageActionInvoker|Result Filter: After executing OnResultExecuting on filter Microsoft.AspNetCore.Mvc.ViewFeatures.Filters.SaveTempDataFilter. 
2022-09-06 00:37:49.4953|4|TRACE|Microsoft.AspNetCore.Mvc.RazorPages.Infrastructure.PageActionInvoker|Before executing action result Microsoft.AspNetCore.Mvc.RazorPages.PageResult. 
2022-09-06 00:37:49.7853|1|DEBUG|Microsoft.AspNetCore.Mvc.Razor.RazorViewEngine|View lookup cache miss for view '_Layout' in controller '(null)'. 
2022-09-06 00:37:49.7853|7|TRACE|Microsoft.AspNetCore.Mvc.Razor.Compilation.DefaultViewCompiler|Could not find a file for view at path '/Pages/_Layout.cshtml'. 
2022-09-06 00:37:49.7853|5|TRACE|Microsoft.AspNetCore.Mvc.Razor.Compilation.DefaultViewCompiler|Located compiled view for view at path '/Pages/Shared/_Layout.cshtml'. 
2022-09-06 00:37:49.8365|1|DEBUG|Microsoft.AspNetCore.Mvc.Razor.RazorViewEngine|View lookup cache miss for view '_Partials/_MetaTagPartial' in controller '(null)'. 
2022-09-06 00:37:49.8365|7|TRACE|Microsoft.AspNetCore.Mvc.Razor.Compilation.DefaultViewCompiler|Could not find a file for view at path '/Pages/_Partials/_MetaTagPartial.cshtml'. 
2022-09-06 00:37:49.8365|5|TRACE|Microsoft.AspNetCore.Mvc.Razor.Compilation.DefaultViewCompiler|Located compiled view for view at path '/Pages/Shared/_Partials/_MetaTagPartial.cshtml'. 
2022-09-06 00:37:49.8512|1|DEBUG|Microsoft.AspNetCore.Mvc.Razor.RazorViewEngine|View lookup cache miss for view '_Partials/_LinkPartial' in controller '(null)'. 
2022-09-06 00:37:49.8512|7|TRACE|Microsoft.AspNetCore.Mvc.Razor.Compilation.DefaultViewCompiler|Could not find a file for view at path '/Pages/_Partials/_LinkPartial.cshtml'. 
2022-09-06 00:37:49.8512|5|TRACE|Microsoft.AspNetCore.Mvc.Razor.Compilation.DefaultViewCompiler|Located compiled view for view at path '/Pages/Shared/_Partials/_LinkPartial.cshtml'. 
2022-09-06 00:37:49.9340|1|DEBUG|Microsoft.AspNetCore.Mvc.Razor.RazorViewEngine|View lookup cache miss for view '_Partials/_DisplayToastMessages' in controller '(null)'. 
2022-09-06 00:37:49.9340|7|TRACE|Microsoft.AspNetCore.Mvc.Razor.Compilation.DefaultViewCompiler|Could not find a file for view at path '/Pages/_Partials/_DisplayToastMessages.cshtml'. 
2022-09-06 00:37:49.9340|5|TRACE|Microsoft.AspNetCore.Mvc.Razor.Compilation.DefaultViewCompiler|Located compiled view for view at path '/Pages/Shared/_Partials/_DisplayToastMessages.cshtml'. 
2022-09-06 00:37:49.9857|1|DEBUG|Microsoft.AspNetCore.Mvc.ViewFeatures.CookieTempDataProvider|The temp data cookie .AspNetCore.Mvc.CookieTempDataProvider was not found. 
2022-09-06 00:37:50.1394|100|DEBUG|Microsoft.AspNetCore.Routing.DefaultLinkGenerator|Found the endpoints /Account/Login, Route: {area:exists}/{controller=Home}/{action=Index}/{id?}, Route: {controller=Home}/{action=Index}/{id?} for address Microsoft.AspNetCore.Routing.RouteValuesAddress 
2022-09-06 00:37:50.1771|102|DEBUG|Microsoft.AspNetCore.Routing.DefaultLinkGenerator|Successfully processed template Account/Login for /Account/Login resulting in /account/login and  
2022-09-06 00:37:50.1771|105|DEBUG|Microsoft.AspNetCore.Routing.DefaultLinkGenerator|Link generation succeeded for endpoints /Account/Login, Route: {area:exists}/{controller=Home}/{action=Index}/{id?}, Route: {controller=Home}/{action=Index}/{id?} with result /account/login 
2022-09-06 00:37:50.1833|100|DEBUG|Microsoft.AspNetCore.Routing.DefaultLinkGenerator|Found the endpoints /Account/Register, Route: {area:exists}/{controller=Home}/{action=Index}/{id?}, Route: {controller=Home}/{action=Index}/{id?} for address Microsoft.AspNetCore.Routing.RouteValuesAddress 
2022-09-06 00:37:50.1833|102|DEBUG|Microsoft.AspNetCore.Routing.DefaultLinkGenerator|Successfully processed template Account/Register/{handler?} for /Account/Register resulting in /account/register and  
2022-09-06 00:37:50.1833|105|DEBUG|Microsoft.AspNetCore.Routing.DefaultLinkGenerator|Link generation succeeded for endpoints /Account/Register, Route: {area:exists}/{controller=Home}/{action=Index}/{id?}, Route: {controller=Home}/{action=Index}/{id?} with result /account/register 
2022-09-06 00:37:50.1833|1|DEBUG|Microsoft.AspNetCore.Mvc.Razor.RazorViewEngine|View lookup cache miss for view '_Partials/_ScriptPartial' in controller '(null)'. 
2022-09-06 00:37:50.1833|7|TRACE|Microsoft.AspNetCore.Mvc.Razor.Compilation.DefaultViewCompiler|Could not find a file for view at path '/Pages/_Partials/_ScriptPartial.cshtml'. 
2022-09-06 00:37:50.1833|5|TRACE|Microsoft.AspNetCore.Mvc.Razor.Compilation.DefaultViewCompiler|Located compiled view for view at path '/Pages/Shared/_Partials/_ScriptPartial.cshtml'. 
2022-09-06 00:37:50.5560|5|TRACE|Microsoft.AspNetCore.Mvc.RazorPages.Infrastructure.PageActionInvoker|After executing action result Microsoft.AspNetCore.Mvc.RazorPages.PageResult. 
2022-09-06 00:37:50.5627|2|TRACE|Microsoft.AspNetCore.Mvc.RazorPages.Infrastructure.PageActionInvoker|Result Filter: Before executing OnResultExecuted on filter Microsoft.AspNetCore.Mvc.ViewFeatures.Filters.SaveTempDataFilter. 
2022-09-06 00:37:50.5627|3|TRACE|Microsoft.AspNetCore.Mvc.RazorPages.Infrastructure.PageActionInvoker|Result Filter: After executing OnResultExecuted on filter Microsoft.AspNetCore.Mvc.ViewFeatures.Filters.SaveTempDataFilter. 
2022-09-06 00:37:50.5773|2|TRACE|Microsoft.AspNetCore.Mvc.RazorPages.Infrastructure.PageActionInvoker|Resource Filter: Before executing OnResourceExecuted on filter Microsoft.AspNetCore.Mvc.ViewFeatures.Filters.SaveTempDataFilter. 
2022-09-06 00:37:50.5773|3|TRACE|Microsoft.AspNetCore.Mvc.RazorPages.Infrastructure.PageActionInvoker|Resource Filter: After executing OnResourceExecuted on filter Microsoft.AspNetCore.Mvc.ViewFeatures.Filters.SaveTempDataFilter. 
2022-09-06 00:37:50.5938|4|INFO|Microsoft.AspNetCore.Mvc.RazorPages.Infrastructure.PageActionInvoker|Executed page /Index in 1179.109ms 
2022-09-06 00:37:50.5938|1|INFO|Microsoft.AspNetCore.Routing.EndpointMiddleware|Executed endpoint '/Index' 
2022-09-06 00:37:50.6410|1|DEBUG|Microsoft.AspNetCore.Watch.BrowserRefresh.BrowserRefreshMiddleware|Response markup is scheduled to include browser refresh script injection. 
2022-09-06 00:37:50.7382|2|DEBUG|Microsoft.AspNetCore.Watch.BrowserRefresh.BrowserRefreshMiddleware|Response markup was updated to include browser refresh script injection. 
2022-09-06 00:37:50.7740|1|DEBUG|Microsoft.AspNetCore.Server.IIS.Core.IISHttpServer|Connection ID "18302628886439002150" disconnecting. 
2022-09-06 00:37:50.7853|2|INFO|Microsoft.AspNetCore.Hosting.Diagnostics|Request finished HTTP/2 GET https://localhost:44316/ - - - 200 - text/html;+charset=utf-8 1584.0475ms 
2022-09-06 00:37:50.8645|1|INFO|Microsoft.AspNetCore.Hosting.Diagnostics|Request starting HTTP/2 GET https://localhost:44316/_framework/aspnetcore-browser-refresh.js - - 
2022-09-06 00:37:50.8853|2|INFO|Microsoft.AspNetCore.Hosting.Diagnostics|Request finished HTTP/2 GET https://localhost:44316/_framework/aspnetcore-browser-refresh.js - - - 200 12007 application/javascript;+charset=utf-8 18.0848ms 
2022-09-06 00:37:50.8853|1|DEBUG|Microsoft.AspNetCore.Server.IIS.Core.IISHttpServer|Connection ID "18230571309580943369" disconnecting. 
2022-09-06 00:37:51.0815|1|INFO|Microsoft.AspNetCore.Hosting.Diagnostics|Request starting HTTP/2 GET https://localhost:44316/_vs/browserLink - - 
2022-09-06 00:37:51.1368|1|DEBUG|Microsoft.AspNetCore.Server.IIS.Core.IISHttpServer|Connection ID "18230571300991008781" disconnecting. 
2022-09-06 00:37:51.1368|2|INFO|Microsoft.AspNetCore.Hosting.Diagnostics|Request finished HTTP/2 GET https://localhost:44316/_vs/browserLink - - - 200 - text/javascript;+charset=UTF-8 55.5354ms 
