INFO |***| Now listening on: https://localhost:7060  |***| 2022-10-04 01:44:59.1660 |***| 14|***| Microsoft.Hosting.Lifetime|
INFO |***| Now listening on: http://localhost:5060  |***| 2022-10-04 01:44:59.1660 |***| 14|***| Microsoft.Hosting.Lifetime|
INFO |***| Application started. Press Ctrl+C to shut down.  |***| 2022-10-04 01:44:59.1660 |***| 0|***| Microsoft.Hosting.Lifetime|
INFO |***| Hosting environment: Development  |***| 2022-10-04 01:44:59.1660 |***| 0|***| Microsoft.Hosting.Lifetime|
INFO |***| Content root path: C:\WorkSpace\Asp\Projects\KalaMarket\Src\KalaMarket\KalaMarket.EndPoint\  |***| 2022-10-04 01:44:59.1660 |***| 0|***| Microsoft.Hosting.Lifetime|
WARN |***| No store type was specified for the decimal property 'Price' on entity type 'Product'. This will cause values to be silently truncated if they do not fit in the default precision and scale. Explicitly specify the SQL server column type that can accommodate all the values in 'OnModelCreating' using 'HasColumnType', specify precision and scale using 'HasPrecision', or configure a value converter using 'HasConversion'.  |***| 2022-10-04 01:45:04.3104 |***| 30000|***| Microsoft.EntityFrameworkCore.Model.Validation|
INFO |***| Now listening on: https://localhost:7060  |***| 2022-10-04 10:40:35.5712 |***| 14|***| Microsoft.Hosting.Lifetime|
INFO |***| Now listening on: http://localhost:5060  |***| 2022-10-04 10:40:35.5712 |***| 14|***| Microsoft.Hosting.Lifetime|
INFO |***| Application started. Press Ctrl+C to shut down.  |***| 2022-10-04 10:40:35.5712 |***| 0|***| Microsoft.Hosting.Lifetime|
INFO |***| Hosting environment: Development  |***| 2022-10-04 10:40:35.5712 |***| 0|***| Microsoft.Hosting.Lifetime|
INFO |***| Content root path: C:\WorkSpace\Asp\Projects\KalaMarket\Src\KalaMarket\KalaMarket.EndPoint\  |***| 2022-10-04 10:40:35.5712 |***| 0|***| Microsoft.Hosting.Lifetime|
WARN |***| No store type was specified for the decimal property 'Price' on entity type 'Product'. This will cause values to be silently truncated if they do not fit in the default precision and scale. Explicitly specify the SQL server column type that can accommodate all the values in 'OnModelCreating' using 'HasColumnType', specify precision and scale using 'HasPrecision', or configure a value converter using 'HasConversion'.  |***| 2022-10-04 10:40:41.0481 |***| 30000|***| Microsoft.EntityFrameworkCore.Model.Validation|
INFO |***| Now listening on: https://localhost:7060  |***| 2022-10-04 10:43:43.9878 |***| 14|***| Microsoft.Hosting.Lifetime|
INFO |***| Now listening on: http://localhost:5060  |***| 2022-10-04 10:43:43.9878 |***| 14|***| Microsoft.Hosting.Lifetime|
INFO |***| Application started. Press Ctrl+C to shut down.  |***| 2022-10-04 10:43:43.9878 |***| 0|***| Microsoft.Hosting.Lifetime|
INFO |***| Hosting environment: Development  |***| 2022-10-04 10:43:43.9878 |***| 0|***| Microsoft.Hosting.Lifetime|
INFO |***| Content root path: C:\WorkSpace\Asp\Projects\KalaMarket\Src\KalaMarket\KalaMarket.EndPoint\  |***| 2022-10-04 10:43:43.9878 |***| 0|***| Microsoft.Hosting.Lifetime|
WARN |***| No store type was specified for the decimal property 'Price' on entity type 'Product'. This will cause values to be silently truncated if they do not fit in the default precision and scale. Explicitly specify the SQL server column type that can accommodate all the values in 'OnModelCreating' using 'HasColumnType', specify precision and scale using 'HasPrecision', or configure a value converter using 'HasConversion'.  |***| 2022-10-04 10:43:49.1878 |***| 30000|***| Microsoft.EntityFrameworkCore.Model.Validation|
WARN |***| No store type was specified for the decimal property 'Price' on entity type 'Product'. This will cause values to be silently truncated if they do not fit in the default precision and scale. Explicitly specify the SQL server column type that can accommodate all the values in 'OnModelCreating' using 'HasColumnType', specify precision and scale using 'HasPrecision', or configure a value converter using 'HasConversion'.  |***| 2022-10-04 12:43:05.0874 |***| 30000|***| Microsoft.EntityFrameworkCore.Model.Validation|
WARN |***| No store type was specified for the decimal property 'Price' on entity type 'Product'. This will cause values to be silently truncated if they do not fit in the default precision and scale. Explicitly specify the SQL server column type that can accommodate all the values in 'OnModelCreating' using 'HasColumnType', specify precision and scale using 'HasPrecision', or configure a value converter using 'HasConversion'.  |***| 2022-10-04 12:43:05.3316 |***| 30000|***| Microsoft.EntityFrameworkCore.Model.Validation|
WARN |***| No store type was specified for the decimal property 'Price' on entity type 'Product'. This will cause values to be silently truncated if they do not fit in the default precision and scale. Explicitly specify the SQL server column type that can accommodate all the values in 'OnModelCreating' using 'HasColumnType', specify precision and scale using 'HasPrecision', or configure a value converter using 'HasConversion'.  |***| 2022-10-04 12:43:26.3192 |***| 30000|***| Microsoft.EntityFrameworkCore.Model.Validation|
INFO |***| Now listening on: https://localhost:7060  |***| 2022-10-04 13:11:58.4310 |***| 14|***| Microsoft.Hosting.Lifetime|
INFO |***| Now listening on: http://localhost:5060  |***| 2022-10-04 13:11:58.4310 |***| 14|***| Microsoft.Hosting.Lifetime|
INFO |***| Application started. Press Ctrl+C to shut down.  |***| 2022-10-04 13:11:58.4310 |***| 0|***| Microsoft.Hosting.Lifetime|
INFO |***| Hosting environment: Development  |***| 2022-10-04 13:11:58.4310 |***| 0|***| Microsoft.Hosting.Lifetime|
INFO |***| Content root path: C:\WorkSpace\Asp\Projects\KalaMarket\Src\KalaMarket\KalaMarket.EndPoint\  |***| 2022-10-04 13:11:58.4310 |***| 0|***| Microsoft.Hosting.Lifetime|
WARN |***| No store type was specified for the decimal property 'Price' on entity type 'Product'. This will cause values to be silently truncated if they do not fit in the default precision and scale. Explicitly specify the SQL server column type that can accommodate all the values in 'OnModelCreating' using 'HasColumnType', specify precision and scale using 'HasPrecision', or configure a value converter using 'HasConversion'.  |***| 2022-10-04 13:12:03.6366 |***| 30000|***| Microsoft.EntityFrameworkCore.Model.Validation|
INFO |***| Now listening on: https://localhost:7060  |***| 2022-10-04 13:16:47.1181 |***| 14|***| Microsoft.Hosting.Lifetime|
INFO |***| Now listening on: http://localhost:5060  |***| 2022-10-04 13:16:47.1181 |***| 14|***| Microsoft.Hosting.Lifetime|
INFO |***| Application started. Press Ctrl+C to shut down.  |***| 2022-10-04 13:16:47.1181 |***| 0|***| Microsoft.Hosting.Lifetime|
INFO |***| Hosting environment: Development  |***| 2022-10-04 13:16:47.1181 |***| 0|***| Microsoft.Hosting.Lifetime|
INFO |***| Content root path: C:\WorkSpace\Asp\Projects\KalaMarket\Src\KalaMarket\KalaMarket.EndPoint\  |***| 2022-10-04 13:16:47.1181 |***| 0|***| Microsoft.Hosting.Lifetime|
WARN |***| No store type was specified for the decimal property 'Price' on entity type 'Product'. This will cause values to be silently truncated if they do not fit in the default precision and scale. Explicitly specify the SQL server column type that can accommodate all the values in 'OnModelCreating' using 'HasColumnType', specify precision and scale using 'HasPrecision', or configure a value converter using 'HasConversion'.  |***| 2022-10-04 13:16:51.9281 |***| 30000|***| Microsoft.EntityFrameworkCore.Model.Validation|
INFO |***| Now listening on: https://localhost:7060  |***| 2022-10-04 13:19:10.2112 |***| 14|***| Microsoft.Hosting.Lifetime|
INFO |***| Now listening on: http://localhost:5060  |***| 2022-10-04 13:19:10.2112 |***| 14|***| Microsoft.Hosting.Lifetime|
INFO |***| Application started. Press Ctrl+C to shut down.  |***| 2022-10-04 13:19:10.2112 |***| 0|***| Microsoft.Hosting.Lifetime|
INFO |***| Hosting environment: Development  |***| 2022-10-04 13:19:10.2112 |***| 0|***| Microsoft.Hosting.Lifetime|
INFO |***| Content root path: C:\WorkSpace\Asp\Projects\KalaMarket\Src\KalaMarket\KalaMarket.EndPoint\  |***| 2022-10-04 13:19:10.2112 |***| 0|***| Microsoft.Hosting.Lifetime|
WARN |***| No store type was specified for the decimal property 'Price' on entity type 'Product'. This will cause values to be silently truncated if they do not fit in the default precision and scale. Explicitly specify the SQL server column type that can accommodate all the values in 'OnModelCreating' using 'HasColumnType', specify precision and scale using 'HasPrecision', or configure a value converter using 'HasConversion'.  |***| 2022-10-04 13:19:14.2001 |***| 30000|***| Microsoft.EntityFrameworkCore.Model.Validation|
INFO |***| Now listening on: https://localhost:7060  |***| 2022-10-04 13:20:42.8955 |***| 14|***| Microsoft.Hosting.Lifetime|
INFO |***| Now listening on: http://localhost:5060  |***| 2022-10-04 13:20:42.8955 |***| 14|***| Microsoft.Hosting.Lifetime|
INFO |***| Application started. Press Ctrl+C to shut down.  |***| 2022-10-04 13:20:42.8955 |***| 0|***| Microsoft.Hosting.Lifetime|
INFO |***| Hosting environment: Development  |***| 2022-10-04 13:20:42.8955 |***| 0|***| Microsoft.Hosting.Lifetime|
INFO |***| Content root path: C:\WorkSpace\Asp\Projects\KalaMarket\Src\KalaMarket\KalaMarket.EndPoint\  |***| 2022-10-04 13:20:42.8955 |***| 0|***| Microsoft.Hosting.Lifetime|
WARN |***| No store type was specified for the decimal property 'Price' on entity type 'Product'. This will cause values to be silently truncated if they do not fit in the default precision and scale. Explicitly specify the SQL server column type that can accommodate all the values in 'OnModelCreating' using 'HasColumnType', specify precision and scale using 'HasPrecision', or configure a value converter using 'HasConversion'.  |***| 2022-10-04 13:20:47.3362 |***| 30000|***| Microsoft.EntityFrameworkCore.Model.Validation|
INFO |***| Now listening on: https://localhost:7060  |***| 2022-10-04 13:25:14.1949 |***| 14|***| Microsoft.Hosting.Lifetime|
INFO |***| Now listening on: http://localhost:5060  |***| 2022-10-04 13:25:14.1949 |***| 14|***| Microsoft.Hosting.Lifetime|
INFO |***| Application started. Press Ctrl+C to shut down.  |***| 2022-10-04 13:25:14.1949 |***| 0|***| Microsoft.Hosting.Lifetime|
INFO |***| Hosting environment: Development  |***| 2022-10-04 13:25:14.1949 |***| 0|***| Microsoft.Hosting.Lifetime|
INFO |***| Content root path: C:\WorkSpace\Asp\Projects\KalaMarket\Src\KalaMarket\KalaMarket.EndPoint\  |***| 2022-10-04 13:25:14.1949 |***| 0|***| Microsoft.Hosting.Lifetime|
WARN |***| No store type was specified for the decimal property 'Price' on entity type 'Product'. This will cause values to be silently truncated if they do not fit in the default precision and scale. Explicitly specify the SQL server column type that can accommodate all the values in 'OnModelCreating' using 'HasColumnType', specify precision and scale using 'HasPrecision', or configure a value converter using 'HasConversion'.  |***| 2022-10-04 13:25:19.5812 |***| 30000|***| Microsoft.EntityFrameworkCore.Model.Validation|
INFO |***| مین اسلایدر جدید ساخته شد  |***| 2022-10-04 13:32:09.9679 |***| 0|***| KalaMarket.Infrastructure.LoggerManger|
WARN |***| The query uses a row limiting operator ('Skip'/'Take') without an 'OrderBy' operator. This may lead to unpredictable results. If the 'Distinct' operator is used after 'OrderBy', then make sure to use the 'OrderBy' operator after 'Distinct' as the ordering would otherwise get erased.  |***| 2022-10-04 13:32:10.1036 |***| 10102|***| Microsoft.EntityFrameworkCore.Query|
WARN |***| The query uses a row limiting operator ('Skip'/'Take') without an 'OrderBy' operator. This may lead to unpredictable results. If the 'Distinct' operator is used after 'OrderBy', then make sure to use the 'OrderBy' operator after 'Distinct' as the ordering would otherwise get erased.  |***| 2022-10-04 13:32:10.1036 |***| 10102|***| Microsoft.EntityFrameworkCore.Query|
INFO |***| ----> PagingTagHelper SettingsJson: default - default  |***| 2022-10-04 13:32:10.1464 |***| 0|***| LazZiya.TagHelpers.PagingTagHelper|
INFO |***| ----> PagingTagHelper - PageNo: 1, PageSize: 8, TotalRecords: 4, TotalPages: 1, QueryStringKeyPageNo: page, QueryStringKeyPageSize: pageSize,   |***| 2022-10-04 13:32:10.1464 |***| 0|***| LazZiya.TagHelpers.PagingTagHelper|
INFO |***| مین اسلایدر جدید ساخته شد  |***| 2022-10-04 13:32:24.2011 |***| 0|***| KalaMarket.Infrastructure.LoggerManger|
INFO |***| ----> PagingTagHelper SettingsJson: default - default  |***| 2022-10-04 13:32:24.2172 |***| 0|***| LazZiya.TagHelpers.PagingTagHelper|
INFO |***| ----> PagingTagHelper - PageNo: 1, PageSize: 8, TotalRecords: 5, TotalPages: 1, QueryStringKeyPageNo: page, QueryStringKeyPageSize: pageSize,   |***| 2022-10-04 13:32:24.2172 |***| 0|***| LazZiya.TagHelpers.PagingTagHelper|
INFO |***| مین اسلایدر جدید ساخته شد  |***| 2022-10-04 13:32:38.7801 |***| 0|***| KalaMarket.Infrastructure.LoggerManger|
INFO |***| ----> PagingTagHelper SettingsJson: default - default  |***| 2022-10-04 13:32:38.7952 |***| 0|***| LazZiya.TagHelpers.PagingTagHelper|
INFO |***| ----> PagingTagHelper - PageNo: 1, PageSize: 8, TotalRecords: 6, TotalPages: 1, QueryStringKeyPageNo: page, QueryStringKeyPageSize: pageSize,   |***| 2022-10-04 13:32:38.7952 |***| 0|***| LazZiya.TagHelpers.PagingTagHelper|
INFO |***| مین اسلایدر جدید ساخته شد  |***| 2022-10-04 13:32:46.1387 |***| 0|***| KalaMarket.Infrastructure.LoggerManger|
INFO |***| ----> PagingTagHelper SettingsJson: default - default  |***| 2022-10-04 13:32:46.1544 |***| 0|***| LazZiya.TagHelpers.PagingTagHelper|
INFO |***| ----> PagingTagHelper - PageNo: 1, PageSize: 8, TotalRecords: 7, TotalPages: 1, QueryStringKeyPageNo: page, QueryStringKeyPageSize: pageSize,   |***| 2022-10-04 13:32:46.1544 |***| 0|***| LazZiya.TagHelpers.PagingTagHelper|
INFO |***| مین اسلایدر جدید ساخته شد  |***| 2022-10-04 13:32:53.6858 |***| 0|***| KalaMarket.Infrastructure.LoggerManger|
INFO |***| ----> PagingTagHelper SettingsJson: default - default  |***| 2022-10-04 13:32:53.7012 |***| 0|***| LazZiya.TagHelpers.PagingTagHelper|
INFO |***| ----> PagingTagHelper - PageNo: 1, PageSize: 8, TotalRecords: 8, TotalPages: 1, QueryStringKeyPageNo: page, QueryStringKeyPageSize: pageSize,   |***| 2022-10-04 13:32:53.7012 |***| 0|***| LazZiya.TagHelpers.PagingTagHelper|
INFO |***| مین اسلایدر جدید ساخته شد  |***| 2022-10-04 13:37:12.3324 |***| 0|***| KalaMarket.Infrastructure.LoggerManger|
INFO |***| ----> PagingTagHelper SettingsJson: default - default  |***| 2022-10-04 13:37:12.3586 |***| 0|***| LazZiya.TagHelpers.PagingTagHelper|
INFO |***| ----> PagingTagHelper - PageNo: 1, PageSize: 8, TotalRecords: 9, TotalPages: 2, QueryStringKeyPageNo: page, QueryStringKeyPageSize: pageSize,   |***| 2022-10-04 13:37:12.3586 |***| 0|***| LazZiya.TagHelpers.PagingTagHelper|
INFO |***| مین اسلایدر جدید ساخته شد  |***| 2022-10-04 13:37:32.7269 |***| 0|***| KalaMarket.Infrastructure.LoggerManger|
INFO |***| ----> PagingTagHelper SettingsJson: default - default  |***| 2022-10-04 13:37:32.7330 |***| 0|***| LazZiya.TagHelpers.PagingTagHelper|
INFO |***| ----> PagingTagHelper - PageNo: 1, PageSize: 8, TotalRecords: 10, TotalPages: 2, QueryStringKeyPageNo: page, QueryStringKeyPageSize: pageSize,   |***| 2022-10-04 13:37:32.7330 |***| 0|***| LazZiya.TagHelpers.PagingTagHelper|
INFO |***| مین اسلایدر جدید ساخته شد  |***| 2022-10-04 13:37:55.8012 |***| 0|***| KalaMarket.Infrastructure.LoggerManger|
INFO |***| ----> PagingTagHelper SettingsJson: default - default  |***| 2022-10-04 13:37:55.8113 |***| 0|***| LazZiya.TagHelpers.PagingTagHelper|
INFO |***| ----> PagingTagHelper - PageNo: 1, PageSize: 8, TotalRecords: 11, TotalPages: 2, QueryStringKeyPageNo: page, QueryStringKeyPageSize: pageSize,   |***| 2022-10-04 13:37:55.8113 |***| 0|***| LazZiya.TagHelpers.PagingTagHelper|
INFO |***| مین اسلایدر جدید ساخته شد  |***| 2022-10-04 13:38:09.5634 |***| 0|***| KalaMarket.Infrastructure.LoggerManger|
INFO |***| ----> PagingTagHelper SettingsJson: default - default  |***| 2022-10-04 13:38:09.5943 |***| 0|***| LazZiya.TagHelpers.PagingTagHelper|
INFO |***| ----> PagingTagHelper - PageNo: 1, PageSize: 8, TotalRecords: 12, TotalPages: 2, QueryStringKeyPageNo: page, QueryStringKeyPageSize: pageSize,   |***| 2022-10-04 13:38:09.5943 |***| 0|***| LazZiya.TagHelpers.PagingTagHelper|
INFO |***| مین اسلایدر جدید ساخته شد  |***| 2022-10-04 13:38:20.9683 |***| 0|***| KalaMarket.Infrastructure.LoggerManger|
INFO |***| ----> PagingTagHelper SettingsJson: default - default  |***| 2022-10-04 13:38:20.9683 |***| 0|***| LazZiya.TagHelpers.PagingTagHelper|
INFO |***| ----> PagingTagHelper - PageNo: 1, PageSize: 8, TotalRecords: 13, TotalPages: 2, QueryStringKeyPageNo: page, QueryStringKeyPageSize: pageSize,   |***| 2022-10-04 13:38:20.9683 |***| 0|***| LazZiya.TagHelpers.PagingTagHelper|
INFO |***| مین اسلایدر جدید ساخته شد  |***| 2022-10-04 13:38:32.0321 |***| 0|***| KalaMarket.Infrastructure.LoggerManger|
INFO |***| ----> PagingTagHelper SettingsJson: default - default  |***| 2022-10-04 13:38:32.0450 |***| 0|***| LazZiya.TagHelpers.PagingTagHelper|
INFO |***| ----> PagingTagHelper - PageNo: 1, PageSize: 8, TotalRecords: 14, TotalPages: 2, QueryStringKeyPageNo: page, QueryStringKeyPageSize: pageSize,   |***| 2022-10-04 13:38:32.0450 |***| 0|***| LazZiya.TagHelpers.PagingTagHelper|
INFO |***| مین اسلایدر جدید ساخته شد  |***| 2022-10-04 13:39:01.7794 |***| 0|***| KalaMarket.Infrastructure.LoggerManger|
INFO |***| ----> PagingTagHelper SettingsJson: default - default  |***| 2022-10-04 13:39:01.8138 |***| 0|***| LazZiya.TagHelpers.PagingTagHelper|
INFO |***| ----> PagingTagHelper - PageNo: 1, PageSize: 8, TotalRecords: 15, TotalPages: 2, QueryStringKeyPageNo: page, QueryStringKeyPageSize: pageSize,   |***| 2022-10-04 13:39:01.8138 |***| 0|***| LazZiya.TagHelpers.PagingTagHelper|
INFO |***| مین اسلایدر جدید ساخته شد  |***| 2022-10-04 13:39:09.3109 |***| 0|***| KalaMarket.Infrastructure.LoggerManger|
INFO |***| ----> PagingTagHelper SettingsJson: default - default  |***| 2022-10-04 13:39:09.3301 |***| 0|***| LazZiya.TagHelpers.PagingTagHelper|
INFO |***| ----> PagingTagHelper - PageNo: 1, PageSize: 8, TotalRecords: 16, TotalPages: 2, QueryStringKeyPageNo: page, QueryStringKeyPageSize: pageSize,   |***| 2022-10-04 13:39:09.3416 |***| 0|***| LazZiya.TagHelpers.PagingTagHelper|
INFO |***| مین اسلایدر جدید ساخته شد  |***| 2022-10-04 13:39:18.0809 |***| 0|***| KalaMarket.Infrastructure.LoggerManger|
INFO |***| ----> PagingTagHelper SettingsJson: default - default  |***| 2022-10-04 13:39:18.0930 |***| 0|***| LazZiya.TagHelpers.PagingTagHelper|
INFO |***| ----> PagingTagHelper - PageNo: 1, PageSize: 8, TotalRecords: 17, TotalPages: 3, QueryStringKeyPageNo: page, QueryStringKeyPageSize: pageSize,   |***| 2022-10-04 13:39:18.0930 |***| 0|***| LazZiya.TagHelpers.PagingTagHelper|
INFO |***| مین اسلایدر جدید ساخته شد  |***| 2022-10-04 13:39:28.3419 |***| 0|***| KalaMarket.Infrastructure.LoggerManger|
INFO |***| ----> PagingTagHelper SettingsJson: default - default  |***| 2022-10-04 13:39:28.3571 |***| 0|***| LazZiya.TagHelpers.PagingTagHelper|
INFO |***| ----> PagingTagHelper - PageNo: 1, PageSize: 8, TotalRecords: 18, TotalPages: 3, QueryStringKeyPageNo: page, QueryStringKeyPageSize: pageSize,   |***| 2022-10-04 13:39:28.3571 |***| 0|***| LazZiya.TagHelpers.PagingTagHelper|
INFO |***| مین اسلایدر جدید ساخته شد  |***| 2022-10-04 13:39:37.3114 |***| 0|***| KalaMarket.Infrastructure.LoggerManger|
INFO |***| ----> PagingTagHelper SettingsJson: default - default  |***| 2022-10-04 13:39:37.3275 |***| 0|***| LazZiya.TagHelpers.PagingTagHelper|
INFO |***| ----> PagingTagHelper - PageNo: 1, PageSize: 8, TotalRecords: 19, TotalPages: 3, QueryStringKeyPageNo: page, QueryStringKeyPageSize: pageSize,   |***| 2022-10-04 13:39:37.3275 |***| 0|***| LazZiya.TagHelpers.PagingTagHelper|
INFO |***| مین اسلایدر جدید ساخته شد  |***| 2022-10-04 13:39:45.5165 |***| 0|***| KalaMarket.Infrastructure.LoggerManger|
INFO |***| ----> PagingTagHelper SettingsJson: default - default  |***| 2022-10-04 13:39:45.5455 |***| 0|***| LazZiya.TagHelpers.PagingTagHelper|
INFO |***| ----> PagingTagHelper - PageNo: 1, PageSize: 8, TotalRecords: 20, TotalPages: 3, QueryStringKeyPageNo: page, QueryStringKeyPageSize: pageSize,   |***| 2022-10-04 13:39:45.5455 |***| 0|***| LazZiya.TagHelpers.PagingTagHelper|
INFO |***| ----> PagingTagHelper SettingsJson: default - default  |***| 2022-10-04 13:39:48.7364 |***| 0|***| LazZiya.TagHelpers.PagingTagHelper|
INFO |***| ----> PagingTagHelper - PageNo: 1, PageSize: 8, TotalRecords: 20, TotalPages: 3, QueryStringKeyPageNo: page, QueryStringKeyPageSize: pageSize,   |***| 2022-10-04 13:39:48.7364 |***| 0|***| LazZiya.TagHelpers.PagingTagHelper|
INFO |***| ----> PagingTagHelper SettingsJson: default - default  |***| 2022-10-04 13:39:51.8005 |***| 0|***| LazZiya.TagHelpers.PagingTagHelper|
INFO |***| ----> PagingTagHelper - PageNo: 1, PageSize: 8, TotalRecords: 20, TotalPages: 3, QueryStringKeyPageNo: page, QueryStringKeyPageSize: pageSize,   |***| 2022-10-04 13:39:51.8005 |***| 0|***| LazZiya.TagHelpers.PagingTagHelper|
INFO |***| Now listening on: https://localhost:7060  |***| 2022-10-04 14:01:53.4955 |***| 14|***| Microsoft.Hosting.Lifetime|
INFO |***| Now listening on: http://localhost:5060  |***| 2022-10-04 14:01:53.4955 |***| 14|***| Microsoft.Hosting.Lifetime|
INFO |***| Application started. Press Ctrl+C to shut down.  |***| 2022-10-04 14:01:53.4955 |***| 0|***| Microsoft.Hosting.Lifetime|
INFO |***| Hosting environment: Development  |***| 2022-10-04 14:01:53.4955 |***| 0|***| Microsoft.Hosting.Lifetime|
INFO |***| Content root path: C:\WorkSpace\Asp\Projects\KalaMarket\Src\KalaMarket\KalaMarket.EndPoint\  |***| 2022-10-04 14:01:53.4955 |***| 0|***| Microsoft.Hosting.Lifetime|
WARN |***| No store type was specified for the decimal property 'Price' on entity type 'Product'. This will cause values to be silently truncated if they do not fit in the default precision and scale. Explicitly specify the SQL server column type that can accommodate all the values in 'OnModelCreating' using 'HasColumnType', specify precision and scale using 'HasPrecision', or configure a value converter using 'HasConversion'.  |***| 2022-10-04 14:01:58.6116 |***| 30000|***| Microsoft.EntityFrameworkCore.Model.Validation|
INFO |***| Now listening on: https://localhost:7060  |***| 2022-10-04 16:09:35.9444 |***| 14|***| Microsoft.Hosting.Lifetime|
INFO |***| Now listening on: http://localhost:5060  |***| 2022-10-04 16:09:35.9444 |***| 14|***| Microsoft.Hosting.Lifetime|
INFO |***| Application started. Press Ctrl+C to shut down.  |***| 2022-10-04 16:09:35.9444 |***| 0|***| Microsoft.Hosting.Lifetime|
INFO |***| Hosting environment: Development  |***| 2022-10-04 16:09:35.9444 |***| 0|***| Microsoft.Hosting.Lifetime|
INFO |***| Content root path: C:\WorkSpace\Asp\Projects\KalaMarket\Src\KalaMarket\KalaMarket.EndPoint\  |***| 2022-10-04 16:09:35.9444 |***| 0|***| Microsoft.Hosting.Lifetime|
WARN |***| No store type was specified for the decimal property 'Price' on entity type 'Product'. This will cause values to be silently truncated if they do not fit in the default precision and scale. Explicitly specify the SQL server column type that can accommodate all the values in 'OnModelCreating' using 'HasColumnType', specify precision and scale using 'HasPrecision', or configure a value converter using 'HasConversion'.  |***| 2022-10-04 16:09:40.6300 |***| 30000|***| Microsoft.EntityFrameworkCore.Model.Validation|
INFO |***| Now listening on: https://localhost:7060  |***| 2022-10-04 16:13:47.6248 |***| 14|***| Microsoft.Hosting.Lifetime|
INFO |***| Now listening on: http://localhost:5060  |***| 2022-10-04 16:13:47.6248 |***| 14|***| Microsoft.Hosting.Lifetime|
INFO |***| Application started. Press Ctrl+C to shut down.  |***| 2022-10-04 16:13:47.6248 |***| 0|***| Microsoft.Hosting.Lifetime|
INFO |***| Hosting environment: Development  |***| 2022-10-04 16:13:47.6248 |***| 0|***| Microsoft.Hosting.Lifetime|
INFO |***| Content root path: C:\WorkSpace\Asp\Projects\KalaMarket\Src\KalaMarket\KalaMarket.EndPoint\  |***| 2022-10-04 16:13:47.6248 |***| 0|***| Microsoft.Hosting.Lifetime|
WARN |***| No store type was specified for the decimal property 'Price' on entity type 'Product'. This will cause values to be silently truncated if they do not fit in the default precision and scale. Explicitly specify the SQL server column type that can accommodate all the values in 'OnModelCreating' using 'HasColumnType', specify precision and scale using 'HasPrecision', or configure a value converter using 'HasConversion'.  |***| 2022-10-04 16:13:52.5269 |***| 30000|***| Microsoft.EntityFrameworkCore.Model.Validation|
INFO |***| Now listening on: https://localhost:7060  |***| 2022-10-04 16:22:03.8700 |***| 14|***| Microsoft.Hosting.Lifetime|
INFO |***| Now listening on: http://localhost:5060  |***| 2022-10-04 16:22:03.8700 |***| 14|***| Microsoft.Hosting.Lifetime|
INFO |***| Application started. Press Ctrl+C to shut down.  |***| 2022-10-04 16:22:03.8700 |***| 0|***| Microsoft.Hosting.Lifetime|
INFO |***| Hosting environment: Development  |***| 2022-10-04 16:22:03.8700 |***| 0|***| Microsoft.Hosting.Lifetime|
INFO |***| Content root path: C:\WorkSpace\Asp\Projects\KalaMarket\Src\KalaMarket\KalaMarket.EndPoint\  |***| 2022-10-04 16:22:03.8700 |***| 0|***| Microsoft.Hosting.Lifetime|
WARN |***| No store type was specified for the decimal property 'Price' on entity type 'Product'. This will cause values to be silently truncated if they do not fit in the default precision and scale. Explicitly specify the SQL server column type that can accommodate all the values in 'OnModelCreating' using 'HasColumnType', specify precision and scale using 'HasPrecision', or configure a value converter using 'HasConversion'.  |***| 2022-10-04 16:22:08.5954 |***| 30000|***| Microsoft.EntityFrameworkCore.Model.Validation|
INFO |***| Now listening on: https://localhost:7060  |***| 2022-10-04 16:24:52.1226 |***| 14|***| Microsoft.Hosting.Lifetime|
INFO |***| Now listening on: http://localhost:5060  |***| 2022-10-04 16:24:52.1226 |***| 14|***| Microsoft.Hosting.Lifetime|
INFO |***| Application started. Press Ctrl+C to shut down.  |***| 2022-10-04 16:24:52.1240 |***| 0|***| Microsoft.Hosting.Lifetime|
INFO |***| Hosting environment: Development  |***| 2022-10-04 16:24:52.1240 |***| 0|***| Microsoft.Hosting.Lifetime|
INFO |***| Content root path: C:\WorkSpace\Asp\Projects\KalaMarket\Src\KalaMarket\KalaMarket.EndPoint\  |***| 2022-10-04 16:24:52.1240 |***| 0|***| Microsoft.Hosting.Lifetime|
WARN |***| No store type was specified for the decimal property 'Price' on entity type 'Product'. This will cause values to be silently truncated if they do not fit in the default precision and scale. Explicitly specify the SQL server column type that can accommodate all the values in 'OnModelCreating' using 'HasColumnType', specify precision and scale using 'HasPrecision', or configure a value converter using 'HasConversion'.  |***| 2022-10-04 16:24:57.1060 |***| 30000|***| Microsoft.EntityFrameworkCore.Model.Validation|
INFO |***| مین اسلایدر جدید ساخته شد  |***| 2022-10-04 16:26:16.8105 |***| 0|***| KalaMarket.Infrastructure.LoggerManger|
WARN |***| The query uses a row limiting operator ('Skip'/'Take') without an 'OrderBy' operator. This may lead to unpredictable results. If the 'Distinct' operator is used after 'OrderBy', then make sure to use the 'OrderBy' operator after 'Distinct' as the ordering would otherwise get erased.  |***| 2022-10-04 16:26:16.9397 |***| 10102|***| Microsoft.EntityFrameworkCore.Query|
WARN |***| The query uses a row limiting operator ('Skip'/'Take') without an 'OrderBy' operator. This may lead to unpredictable results. If the 'Distinct' operator is used after 'OrderBy', then make sure to use the 'OrderBy' operator after 'Distinct' as the ordering would otherwise get erased.  |***| 2022-10-04 16:26:16.9397 |***| 10102|***| Microsoft.EntityFrameworkCore.Query|
INFO |***| ----> PagingTagHelper SettingsJson: default - default  |***| 2022-10-04 16:26:16.9843 |***| 0|***| LazZiya.TagHelpers.PagingTagHelper|
INFO |***| ----> PagingTagHelper - PageNo: 1, PageSize: 8, TotalRecords: 4, TotalPages: 1, QueryStringKeyPageNo: page, QueryStringKeyPageSize: pageSize,   |***| 2022-10-04 16:26:16.9843 |***| 0|***| LazZiya.TagHelpers.PagingTagHelper|
INFO |***| مین اسلایدر جدید ساخته شد  |***| 2022-10-04 16:26:30.0480 |***| 0|***| KalaMarket.Infrastructure.LoggerManger|
INFO |***| ----> PagingTagHelper SettingsJson: default - default  |***| 2022-10-04 16:26:30.0602 |***| 0|***| LazZiya.TagHelpers.PagingTagHelper|
INFO |***| ----> PagingTagHelper - PageNo: 1, PageSize: 8, TotalRecords: 5, TotalPages: 1, QueryStringKeyPageNo: page, QueryStringKeyPageSize: pageSize,   |***| 2022-10-04 16:26:30.0602 |***| 0|***| LazZiya.TagHelpers.PagingTagHelper|
INFO |***| مین اسلایدر جدید ساخته شد  |***| 2022-10-04 16:26:50.7172 |***| 0|***| KalaMarket.Infrastructure.LoggerManger|
INFO |***| ----> PagingTagHelper SettingsJson: default - default  |***| 2022-10-04 16:26:50.7425 |***| 0|***| LazZiya.TagHelpers.PagingTagHelper|
INFO |***| ----> PagingTagHelper - PageNo: 1, PageSize: 8, TotalRecords: 6, TotalPages: 1, QueryStringKeyPageNo: page, QueryStringKeyPageSize: pageSize,   |***| 2022-10-04 16:26:50.7425 |***| 0|***| LazZiya.TagHelpers.PagingTagHelper|
INFO |***| مین اسلایدر جدید ساخته شد  |***| 2022-10-04 16:27:10.8973 |***| 0|***| KalaMarket.Infrastructure.LoggerManger|
INFO |***| ----> PagingTagHelper SettingsJson: default - default  |***| 2022-10-04 16:27:10.9215 |***| 0|***| LazZiya.TagHelpers.PagingTagHelper|
INFO |***| ----> PagingTagHelper - PageNo: 1, PageSize: 8, TotalRecords: 7, TotalPages: 1, QueryStringKeyPageNo: page, QueryStringKeyPageSize: pageSize,   |***| 2022-10-04 16:27:10.9215 |***| 0|***| LazZiya.TagHelpers.PagingTagHelper|
INFO |***| مین اسلایدر جدید ساخته شد  |***| 2022-10-04 16:27:20.6604 |***| 0|***| KalaMarket.Infrastructure.LoggerManger|
INFO |***| ----> PagingTagHelper SettingsJson: default - default  |***| 2022-10-04 16:27:20.6718 |***| 0|***| LazZiya.TagHelpers.PagingTagHelper|
INFO |***| ----> PagingTagHelper - PageNo: 1, PageSize: 8, TotalRecords: 8, TotalPages: 1, QueryStringKeyPageNo: page, QueryStringKeyPageSize: pageSize,   |***| 2022-10-04 16:27:20.6718 |***| 0|***| LazZiya.TagHelpers.PagingTagHelper|
INFO |***| مین اسلایدر جدید ساخته شد  |***| 2022-10-04 16:27:38.3189 |***| 0|***| KalaMarket.Infrastructure.LoggerManger|
INFO |***| ----> PagingTagHelper SettingsJson: default - default  |***| 2022-10-04 16:27:38.3263 |***| 0|***| LazZiya.TagHelpers.PagingTagHelper|
INFO |***| ----> PagingTagHelper - PageNo: 1, PageSize: 8, TotalRecords: 9, TotalPages: 2, QueryStringKeyPageNo: page, QueryStringKeyPageSize: pageSize,   |***| 2022-10-04 16:27:38.3263 |***| 0|***| LazZiya.TagHelpers.PagingTagHelper|
INFO |***| مین اسلایدر جدید ساخته شد  |***| 2022-10-04 16:27:47.0052 |***| 0|***| KalaMarket.Infrastructure.LoggerManger|
INFO |***| ----> PagingTagHelper SettingsJson: default - default  |***| 2022-10-04 16:27:47.0136 |***| 0|***| LazZiya.TagHelpers.PagingTagHelper|
INFO |***| ----> PagingTagHelper - PageNo: 1, PageSize: 8, TotalRecords: 10, TotalPages: 2, QueryStringKeyPageNo: page, QueryStringKeyPageSize: pageSize,   |***| 2022-10-04 16:27:47.0136 |***| 0|***| LazZiya.TagHelpers.PagingTagHelper|
INFO |***| مین اسلایدر جدید ساخته شد  |***| 2022-10-04 16:27:55.8349 |***| 0|***| KalaMarket.Infrastructure.LoggerManger|
INFO |***| ----> PagingTagHelper SettingsJson: default - default  |***| 2022-10-04 16:27:55.8457 |***| 0|***| LazZiya.TagHelpers.PagingTagHelper|
INFO |***| ----> PagingTagHelper - PageNo: 1, PageSize: 8, TotalRecords: 11, TotalPages: 2, QueryStringKeyPageNo: page, QueryStringKeyPageSize: pageSize,   |***| 2022-10-04 16:27:55.8457 |***| 0|***| LazZiya.TagHelpers.PagingTagHelper|
INFO |***| مین اسلایدر جدید ساخته شد  |***| 2022-10-04 16:28:06.3577 |***| 0|***| KalaMarket.Infrastructure.LoggerManger|
INFO |***| ----> PagingTagHelper SettingsJson: default - default  |***| 2022-10-04 16:28:06.3767 |***| 0|***| LazZiya.TagHelpers.PagingTagHelper|
INFO |***| ----> PagingTagHelper - PageNo: 1, PageSize: 8, TotalRecords: 12, TotalPages: 2, QueryStringKeyPageNo: page, QueryStringKeyPageSize: pageSize,   |***| 2022-10-04 16:28:06.3767 |***| 0|***| LazZiya.TagHelpers.PagingTagHelper|
INFO |***| مین اسلایدر جدید ساخته شد  |***| 2022-10-04 16:28:28.2953 |***| 0|***| KalaMarket.Infrastructure.LoggerManger|
INFO |***| ----> PagingTagHelper SettingsJson: default - default  |***| 2022-10-04 16:28:28.3807 |***| 0|***| LazZiya.TagHelpers.PagingTagHelper|
INFO |***| ----> PagingTagHelper - PageNo: 1, PageSize: 8, TotalRecords: 13, TotalPages: 2, QueryStringKeyPageNo: page, QueryStringKeyPageSize: pageSize,   |***| 2022-10-04 16:28:28.3807 |***| 0|***| LazZiya.TagHelpers.PagingTagHelper|
INFO |***| مین اسلایدر جدید ساخته شد  |***| 2022-10-04 16:29:05.0159 |***| 0|***| KalaMarket.Infrastructure.LoggerManger|
INFO |***| ----> PagingTagHelper SettingsJson: default - default  |***| 2022-10-04 16:29:05.0362 |***| 0|***| LazZiya.TagHelpers.PagingTagHelper|
INFO |***| ----> PagingTagHelper - PageNo: 1, PageSize: 8, TotalRecords: 14, TotalPages: 2, QueryStringKeyPageNo: page, QueryStringKeyPageSize: pageSize,   |***| 2022-10-04 16:29:05.0362 |***| 0|***| LazZiya.TagHelpers.PagingTagHelper|
INFO |***| مین اسلایدر جدید ساخته شد  |***| 2022-10-04 16:29:19.2342 |***| 0|***| KalaMarket.Infrastructure.LoggerManger|
INFO |***| ----> PagingTagHelper SettingsJson: default - default  |***| 2022-10-04 16:29:19.2342 |***| 0|***| LazZiya.TagHelpers.PagingTagHelper|
INFO |***| ----> PagingTagHelper - PageNo: 1, PageSize: 8, TotalRecords: 15, TotalPages: 2, QueryStringKeyPageNo: page, QueryStringKeyPageSize: pageSize,   |***| 2022-10-04 16:29:19.2342 |***| 0|***| LazZiya.TagHelpers.PagingTagHelper|
INFO |***| مین اسلایدر جدید ساخته شد  |***| 2022-10-04 16:29:30.0452 |***| 0|***| KalaMarket.Infrastructure.LoggerManger|
INFO |***| ----> PagingTagHelper SettingsJson: default - default  |***| 2022-10-04 16:29:30.0610 |***| 0|***| LazZiya.TagHelpers.PagingTagHelper|
INFO |***| ----> PagingTagHelper - PageNo: 1, PageSize: 8, TotalRecords: 16, TotalPages: 2, QueryStringKeyPageNo: page, QueryStringKeyPageSize: pageSize,   |***| 2022-10-04 16:29:30.0610 |***| 0|***| LazZiya.TagHelpers.PagingTagHelper|
INFO |***| مین اسلایدر جدید ساخته شد  |***| 2022-10-04 16:29:48.7051 |***| 0|***| KalaMarket.Infrastructure.LoggerManger|
INFO |***| ----> PagingTagHelper SettingsJson: default - default  |***| 2022-10-04 16:29:48.7180 |***| 0|***| LazZiya.TagHelpers.PagingTagHelper|
INFO |***| ----> PagingTagHelper - PageNo: 1, PageSize: 8, TotalRecords: 17, TotalPages: 3, QueryStringKeyPageNo: page, QueryStringKeyPageSize: pageSize,   |***| 2022-10-04 16:29:48.7180 |***| 0|***| LazZiya.TagHelpers.PagingTagHelper|
INFO |***| مین اسلایدر جدید ساخته شد  |***| 2022-10-04 16:29:58.6583 |***| 0|***| KalaMarket.Infrastructure.LoggerManger|
INFO |***| ----> PagingTagHelper SettingsJson: default - default  |***| 2022-10-04 16:29:58.6698 |***| 0|***| LazZiya.TagHelpers.PagingTagHelper|
INFO |***| ----> PagingTagHelper - PageNo: 1, PageSize: 8, TotalRecords: 18, TotalPages: 3, QueryStringKeyPageNo: page, QueryStringKeyPageSize: pageSize,   |***| 2022-10-04 16:29:58.6698 |***| 0|***| LazZiya.TagHelpers.PagingTagHelper|
INFO |***| مین اسلایدر جدید ساخته شد  |***| 2022-10-04 16:30:30.6386 |***| 0|***| KalaMarket.Infrastructure.LoggerManger|
INFO |***| ----> PagingTagHelper SettingsJson: default - default  |***| 2022-10-04 16:30:30.6572 |***| 0|***| LazZiya.TagHelpers.PagingTagHelper|
INFO |***| ----> PagingTagHelper - PageNo: 1, PageSize: 8, TotalRecords: 19, TotalPages: 3, QueryStringKeyPageNo: page, QueryStringKeyPageSize: pageSize,   |***| 2022-10-04 16:30:30.6572 |***| 0|***| LazZiya.TagHelpers.PagingTagHelper|
INFO |***| مین اسلایدر جدید ساخته شد  |***| 2022-10-04 16:30:43.5015 |***| 0|***| KalaMarket.Infrastructure.LoggerManger|
INFO |***| ----> PagingTagHelper SettingsJson: default - default  |***| 2022-10-04 16:30:43.5143 |***| 0|***| LazZiya.TagHelpers.PagingTagHelper|
INFO |***| ----> PagingTagHelper - PageNo: 1, PageSize: 8, TotalRecords: 20, TotalPages: 3, QueryStringKeyPageNo: page, QueryStringKeyPageSize: pageSize,   |***| 2022-10-04 16:30:43.5143 |***| 0|***| LazZiya.TagHelpers.PagingTagHelper|
INFO |***| مین اسلایدر جدید ساخته شد  |***| 2022-10-04 16:31:03.2371 |***| 0|***| KalaMarket.Infrastructure.LoggerManger|
INFO |***| ----> PagingTagHelper SettingsJson: default - default  |***| 2022-10-04 16:31:03.2484 |***| 0|***| LazZiya.TagHelpers.PagingTagHelper|
INFO |***| ----> PagingTagHelper - PageNo: 1, PageSize: 8, TotalRecords: 21, TotalPages: 3, QueryStringKeyPageNo: page, QueryStringKeyPageSize: pageSize,   |***| 2022-10-04 16:31:03.2484 |***| 0|***| LazZiya.TagHelpers.PagingTagHelper|
WARN |***| The query uses a row limiting operator ('Skip'/'Take') without an 'OrderBy' operator. This may lead to unpredictable results. If the 'Distinct' operator is used after 'OrderBy', then make sure to use the 'OrderBy' operator after 'Distinct' as the ordering would otherwise get erased.  |***| 2022-10-04 16:31:05.8414 |***| 10102|***| Microsoft.EntityFrameworkCore.Query|
WARN |***| The query uses a row limiting operator ('Skip'/'Take') without an 'OrderBy' operator. This may lead to unpredictable results. If the 'Distinct' operator is used after 'OrderBy', then make sure to use the 'OrderBy' operator after 'Distinct' as the ordering would otherwise get erased.  |***| 2022-10-04 16:31:05.8414 |***| 10102|***| Microsoft.EntityFrameworkCore.Query|
INFO |***| ----> PagingTagHelper SettingsJson: default - default  |***| 2022-10-04 16:31:05.8586 |***| 0|***| LazZiya.TagHelpers.PagingTagHelper|
INFO |***| ----> PagingTagHelper - PageNo: 2, PageSize: 8, TotalRecords: 21, TotalPages: 3, QueryStringKeyPageNo: page, QueryStringKeyPageSize: pageSize,   |***| 2022-10-04 16:31:05.8586 |***| 0|***| LazZiya.TagHelpers.PagingTagHelper|
INFO |***| ----> PagingTagHelper SettingsJson: default - default  |***| 2022-10-04 16:31:08.6592 |***| 0|***| LazZiya.TagHelpers.PagingTagHelper|
INFO |***| ----> PagingTagHelper - PageNo: 3, PageSize: 8, TotalRecords: 21, TotalPages: 3, QueryStringKeyPageNo: page, QueryStringKeyPageSize: pageSize,   |***| 2022-10-04 16:31:08.6592 |***| 0|***| LazZiya.TagHelpers.PagingTagHelper|
INFO |***| ----> PagingTagHelper SettingsJson: default - default  |***| 2022-10-04 16:31:13.9081 |***| 0|***| LazZiya.TagHelpers.PagingTagHelper|
INFO |***| ----> PagingTagHelper - PageNo: 1, PageSize: 25, TotalRecords: 21, TotalPages: 1, QueryStringKeyPageNo: page, QueryStringKeyPageSize: pageSize,   |***| 2022-10-04 16:31:13.9081 |***| 0|***| LazZiya.TagHelpers.PagingTagHelper|
INFO |***| ----> PagingTagHelper SettingsJson: default - default  |***| 2022-10-04 16:31:23.7531 |***| 0|***| LazZiya.TagHelpers.PagingTagHelper|
INFO |***| ----> PagingTagHelper - PageNo: 1, PageSize: 10, TotalRecords: 21, TotalPages: 3, QueryStringKeyPageNo: page, QueryStringKeyPageSize: pageSize,   |***| 2022-10-04 16:31:23.7531 |***| 0|***| LazZiya.TagHelpers.PagingTagHelper|
WARN |***| The query uses a row limiting operator ('Skip'/'Take') without an 'OrderBy' operator. This may lead to unpredictable results. If the 'Distinct' operator is used after 'OrderBy', then make sure to use the 'OrderBy' operator after 'Distinct' as the ordering would otherwise get erased.  |***| 2022-10-04 16:31:37.1863 |***| 10102|***| Microsoft.EntityFrameworkCore.Query|
WARN |***| The query uses a row limiting operator ('Skip'/'Take') without an 'OrderBy' operator. This may lead to unpredictable results. If the 'Distinct' operator is used after 'OrderBy', then make sure to use the 'OrderBy' operator after 'Distinct' as the ordering would otherwise get erased.  |***| 2022-10-04 16:31:37.1863 |***| 10102|***| Microsoft.EntityFrameworkCore.Query|
INFO |***| Now listening on: https://localhost:7060  |***| 2022-10-04 16:32:20.4506 |***| 14|***| Microsoft.Hosting.Lifetime|
INFO |***| Now listening on: http://localhost:5060  |***| 2022-10-04 16:32:20.4506 |***| 14|***| Microsoft.Hosting.Lifetime|
INFO |***| Application started. Press Ctrl+C to shut down.  |***| 2022-10-04 16:32:20.4522 |***| 0|***| Microsoft.Hosting.Lifetime|
INFO |***| Hosting environment: Development  |***| 2022-10-04 16:32:20.4522 |***| 0|***| Microsoft.Hosting.Lifetime|
INFO |***| Content root path: C:\WorkSpace\Asp\Projects\KalaMarket\Src\KalaMarket\KalaMarket.EndPoint\  |***| 2022-10-04 16:32:20.4522 |***| 0|***| Microsoft.Hosting.Lifetime|
WARN |***| No store type was specified for the decimal property 'Price' on entity type 'Product'. This will cause values to be silently truncated if they do not fit in the default precision and scale. Explicitly specify the SQL server column type that can accommodate all the values in 'OnModelCreating' using 'HasColumnType', specify precision and scale using 'HasPrecision', or configure a value converter using 'HasConversion'.  |***| 2022-10-04 16:32:23.4827 |***| 30000|***| Microsoft.EntityFrameworkCore.Model.Validation|
INFO |***| Now listening on: https://localhost:7060  |***| 2022-10-04 16:37:09.2569 |***| 14|***| Microsoft.Hosting.Lifetime|
INFO |***| Now listening on: http://localhost:5060  |***| 2022-10-04 16:37:09.2569 |***| 14|***| Microsoft.Hosting.Lifetime|
INFO |***| Application started. Press Ctrl+C to shut down.  |***| 2022-10-04 16:37:09.2569 |***| 0|***| Microsoft.Hosting.Lifetime|
INFO |***| Hosting environment: Development  |***| 2022-10-04 16:37:09.2569 |***| 0|***| Microsoft.Hosting.Lifetime|
INFO |***| Content root path: C:\WorkSpace\Asp\Projects\KalaMarket\Src\KalaMarket\KalaMarket.EndPoint\  |***| 2022-10-04 16:37:09.2569 |***| 0|***| Microsoft.Hosting.Lifetime|
WARN |***| No store type was specified for the decimal property 'Price' on entity type 'Product'. This will cause values to be silently truncated if they do not fit in the default precision and scale. Explicitly specify the SQL server column type that can accommodate all the values in 'OnModelCreating' using 'HasColumnType', specify precision and scale using 'HasPrecision', or configure a value converter using 'HasConversion'.  |***| 2022-10-04 16:37:14.3325 |***| 30000|***| Microsoft.EntityFrameworkCore.Model.Validation|
INFO |***| Now listening on: https://localhost:7060  |***| 2022-10-04 16:38:38.1031 |***| 14|***| Microsoft.Hosting.Lifetime|
INFO |***| Now listening on: http://localhost:5060  |***| 2022-10-04 16:38:38.1031 |***| 14|***| Microsoft.Hosting.Lifetime|
INFO |***| Application started. Press Ctrl+C to shut down.  |***| 2022-10-04 16:38:38.1031 |***| 0|***| Microsoft.Hosting.Lifetime|
INFO |***| Hosting environment: Development  |***| 2022-10-04 16:38:38.1031 |***| 0|***| Microsoft.Hosting.Lifetime|
INFO |***| Content root path: C:\WorkSpace\Asp\Projects\KalaMarket\Src\KalaMarket\KalaMarket.EndPoint\  |***| 2022-10-04 16:38:38.1031 |***| 0|***| Microsoft.Hosting.Lifetime|
WARN |***| No store type was specified for the decimal property 'Price' on entity type 'Product'. This will cause values to be silently truncated if they do not fit in the default precision and scale. Explicitly specify the SQL server column type that can accommodate all the values in 'OnModelCreating' using 'HasColumnType', specify precision and scale using 'HasPrecision', or configure a value converter using 'HasConversion'.  |***| 2022-10-04 16:38:41.9300 |***| 30000|***| Microsoft.EntityFrameworkCore.Model.Validation|
INFO |***| Now listening on: https://localhost:7060  |***| 2022-10-04 16:50:07.9699 |***| 14|***| Microsoft.Hosting.Lifetime|
INFO |***| Now listening on: http://localhost:5060  |***| 2022-10-04 16:50:07.9699 |***| 14|***| Microsoft.Hosting.Lifetime|
INFO |***| Application started. Press Ctrl+C to shut down.  |***| 2022-10-04 16:50:07.9699 |***| 0|***| Microsoft.Hosting.Lifetime|
INFO |***| Hosting environment: Development  |***| 2022-10-04 16:50:07.9699 |***| 0|***| Microsoft.Hosting.Lifetime|
INFO |***| Content root path: C:\WorkSpace\Asp\Projects\KalaMarket\Src\KalaMarket\KalaMarket.EndPoint\  |***| 2022-10-04 16:50:07.9699 |***| 0|***| Microsoft.Hosting.Lifetime|
WARN |***| No store type was specified for the decimal property 'Price' on entity type 'Product'. This will cause values to be silently truncated if they do not fit in the default precision and scale. Explicitly specify the SQL server column type that can accommodate all the values in 'OnModelCreating' using 'HasColumnType', specify precision and scale using 'HasPrecision', or configure a value converter using 'HasConversion'.  |***| 2022-10-04 16:50:12.9595 |***| 30000|***| Microsoft.EntityFrameworkCore.Model.Validation|
INFO |***| Now listening on: https://localhost:7060  |***| 2022-10-04 21:35:56.4333 |***| 14|***| Microsoft.Hosting.Lifetime|
INFO |***| Now listening on: http://localhost:5060  |***| 2022-10-04 21:35:56.4333 |***| 14|***| Microsoft.Hosting.Lifetime|
INFO |***| Application started. Press Ctrl+C to shut down.  |***| 2022-10-04 21:35:56.4333 |***| 0|***| Microsoft.Hosting.Lifetime|
INFO |***| Hosting environment: Development  |***| 2022-10-04 21:35:56.4333 |***| 0|***| Microsoft.Hosting.Lifetime|
INFO |***| Content root path: C:\WorkSpace\Asp\Projects\KalaMarket\Src\KalaMarket\KalaMarket.EndPoint\  |***| 2022-10-04 21:35:56.4333 |***| 0|***| Microsoft.Hosting.Lifetime|
WARN |***| No store type was specified for the decimal property 'Price' on entity type 'Product'. This will cause values to be silently truncated if they do not fit in the default precision and scale. Explicitly specify the SQL server column type that can accommodate all the values in 'OnModelCreating' using 'HasColumnType', specify precision and scale using 'HasPrecision', or configure a value converter using 'HasConversion'.  |***| 2022-10-04 21:36:01.6790 |***| 30000|***| Microsoft.EntityFrameworkCore.Model.Validation|
