INFO |***| Now listening on: https://localhost:7060  |***| 2022-10-06 01:52:35.1726 |***| 14|***| Microsoft.Hosting.Lifetime|
INFO |***| Now listening on: http://localhost:5060  |***| 2022-10-06 01:52:35.1726 |***| 14|***| Microsoft.Hosting.Lifetime|
INFO |***| Application started. Press Ctrl+C to shut down.  |***| 2022-10-06 01:52:35.1726 |***| 0|***| Microsoft.Hosting.Lifetime|
INFO |***| Hosting environment: Development  |***| 2022-10-06 01:52:35.1726 |***| 0|***| Microsoft.Hosting.Lifetime|
INFO |***| Content root path: C:\WorkSpace\Asp\Projects\KalaMarket\Src\KalaMarket\KalaMarket.EndPoint\  |***| 2022-10-06 01:52:35.1726 |***| 0|***| Microsoft.Hosting.Lifetime|
WARN |***| No store type was specified for the decimal property 'TotalPrice' on entity type 'Cart'. This will cause values to be silently truncated if they do not fit in the default precision and scale. Explicitly specify the SQL server column type that can accommodate all the values in 'OnModelCreating' using 'HasColumnType', specify precision and scale using 'HasPrecision', or configure a value converter using 'HasConversion'.  |***| 2022-10-06 01:52:40.2193 |***| 30000|***| Microsoft.EntityFrameworkCore.Model.Validation|
WARN |***| No store type was specified for the decimal property 'Price' on entity type 'CartItem'. This will cause values to be silently truncated if they do not fit in the default precision and scale. Explicitly specify the SQL server column type that can accommodate all the values in 'OnModelCreating' using 'HasColumnType', specify precision and scale using 'HasPrecision', or configure a value converter using 'HasConversion'.  |***| 2022-10-06 01:52:40.2193 |***| 30000|***| Microsoft.EntityFrameworkCore.Model.Validation|
WARN |***| No store type was specified for the decimal property 'Price' on entity type 'Product'. This will cause values to be silently truncated if they do not fit in the default precision and scale. Explicitly specify the SQL server column type that can accommodate all the values in 'OnModelCreating' using 'HasColumnType', specify precision and scale using 'HasPrecision', or configure a value converter using 'HasConversion'.  |***| 2022-10-06 01:52:40.2193 |***| 30000|***| Microsoft.EntityFrameworkCore.Model.Validation|
INFO |***| Now listening on: https://localhost:7060  |***| 2022-10-06 01:55:38.0982 |***| 14|***| Microsoft.Hosting.Lifetime|
INFO |***| Now listening on: http://localhost:5060  |***| 2022-10-06 01:55:38.0982 |***| 14|***| Microsoft.Hosting.Lifetime|
INFO |***| Application started. Press Ctrl+C to shut down.  |***| 2022-10-06 01:55:38.1070 |***| 0|***| Microsoft.Hosting.Lifetime|
INFO |***| Hosting environment: Development  |***| 2022-10-06 01:55:38.1255 |***| 0|***| Microsoft.Hosting.Lifetime|
INFO |***| Content root path: C:\WorkSpace\Asp\Projects\KalaMarket\Src\KalaMarket\KalaMarket.EndPoint\  |***| 2022-10-06 01:55:38.1255 |***| 0|***| Microsoft.Hosting.Lifetime|
WARN |***| No store type was specified for the decimal property 'TotalPrice' on entity type 'Cart'. This will cause values to be silently truncated if they do not fit in the default precision and scale. Explicitly specify the SQL server column type that can accommodate all the values in 'OnModelCreating' using 'HasColumnType', specify precision and scale using 'HasPrecision', or configure a value converter using 'HasConversion'.  |***| 2022-10-06 01:55:48.3071 |***| 30000|***| Microsoft.EntityFrameworkCore.Model.Validation|
WARN |***| No store type was specified for the decimal property 'Price' on entity type 'CartItem'. This will cause values to be silently truncated if they do not fit in the default precision and scale. Explicitly specify the SQL server column type that can accommodate all the values in 'OnModelCreating' using 'HasColumnType', specify precision and scale using 'HasPrecision', or configure a value converter using 'HasConversion'.  |***| 2022-10-06 01:55:48.3071 |***| 30000|***| Microsoft.EntityFrameworkCore.Model.Validation|
WARN |***| No store type was specified for the decimal property 'Price' on entity type 'Product'. This will cause values to be silently truncated if they do not fit in the default precision and scale. Explicitly specify the SQL server column type that can accommodate all the values in 'OnModelCreating' using 'HasColumnType', specify precision and scale using 'HasPrecision', or configure a value converter using 'HasConversion'.  |***| 2022-10-06 01:55:48.3071 |***| 30000|***| Microsoft.EntityFrameworkCore.Model.Validation|
INFO |***| Now listening on: https://localhost:7060  |***| 2022-10-06 01:57:21.3238 |***| 14|***| Microsoft.Hosting.Lifetime|
INFO |***| Now listening on: http://localhost:5060  |***| 2022-10-06 01:57:21.3238 |***| 14|***| Microsoft.Hosting.Lifetime|
INFO |***| Application started. Press Ctrl+C to shut down.  |***| 2022-10-06 01:57:21.3238 |***| 0|***| Microsoft.Hosting.Lifetime|
INFO |***| Hosting environment: Development  |***| 2022-10-06 01:57:21.3238 |***| 0|***| Microsoft.Hosting.Lifetime|
INFO |***| Content root path: C:\WorkSpace\Asp\Projects\KalaMarket\Src\KalaMarket\KalaMarket.EndPoint\  |***| 2022-10-06 01:57:21.3238 |***| 0|***| Microsoft.Hosting.Lifetime|
WARN |***| No store type was specified for the decimal property 'TotalPrice' on entity type 'Cart'. This will cause values to be silently truncated if they do not fit in the default precision and scale. Explicitly specify the SQL server column type that can accommodate all the values in 'OnModelCreating' using 'HasColumnType', specify precision and scale using 'HasPrecision', or configure a value converter using 'HasConversion'.  |***| 2022-10-06 01:57:27.9034 |***| 30000|***| Microsoft.EntityFrameworkCore.Model.Validation|
WARN |***| No store type was specified for the decimal property 'Price' on entity type 'CartItem'. This will cause values to be silently truncated if they do not fit in the default precision and scale. Explicitly specify the SQL server column type that can accommodate all the values in 'OnModelCreating' using 'HasColumnType', specify precision and scale using 'HasPrecision', or configure a value converter using 'HasConversion'.  |***| 2022-10-06 01:57:27.9034 |***| 30000|***| Microsoft.EntityFrameworkCore.Model.Validation|
WARN |***| No store type was specified for the decimal property 'Price' on entity type 'Product'. This will cause values to be silently truncated if they do not fit in the default precision and scale. Explicitly specify the SQL server column type that can accommodate all the values in 'OnModelCreating' using 'HasColumnType', specify precision and scale using 'HasPrecision', or configure a value converter using 'HasConversion'.  |***| 2022-10-06 01:57:27.9034 |***| 30000|***| Microsoft.EntityFrameworkCore.Model.Validation|
INFO |***| Now listening on: https://localhost:7060  |***| 2022-10-06 02:14:08.8745 |***| 14|***| Microsoft.Hosting.Lifetime|
INFO |***| Now listening on: http://localhost:5060  |***| 2022-10-06 02:14:08.8745 |***| 14|***| Microsoft.Hosting.Lifetime|
INFO |***| Application started. Press Ctrl+C to shut down.  |***| 2022-10-06 02:14:08.8745 |***| 0|***| Microsoft.Hosting.Lifetime|
INFO |***| Hosting environment: Development  |***| 2022-10-06 02:14:08.8745 |***| 0|***| Microsoft.Hosting.Lifetime|
INFO |***| Content root path: C:\WorkSpace\Asp\Projects\KalaMarket\Src\KalaMarket\KalaMarket.EndPoint\  |***| 2022-10-06 02:14:08.8745 |***| 0|***| Microsoft.Hosting.Lifetime|
WARN |***| No store type was specified for the decimal property 'TotalPrice' on entity type 'Cart'. This will cause values to be silently truncated if they do not fit in the default precision and scale. Explicitly specify the SQL server column type that can accommodate all the values in 'OnModelCreating' using 'HasColumnType', specify precision and scale using 'HasPrecision', or configure a value converter using 'HasConversion'.  |***| 2022-10-06 02:14:16.5957 |***| 30000|***| Microsoft.EntityFrameworkCore.Model.Validation|
WARN |***| No store type was specified for the decimal property 'Price' on entity type 'CartItem'. This will cause values to be silently truncated if they do not fit in the default precision and scale. Explicitly specify the SQL server column type that can accommodate all the values in 'OnModelCreating' using 'HasColumnType', specify precision and scale using 'HasPrecision', or configure a value converter using 'HasConversion'.  |***| 2022-10-06 02:14:16.5957 |***| 30000|***| Microsoft.EntityFrameworkCore.Model.Validation|
WARN |***| No store type was specified for the decimal property 'Price' on entity type 'Product'. This will cause values to be silently truncated if they do not fit in the default precision and scale. Explicitly specify the SQL server column type that can accommodate all the values in 'OnModelCreating' using 'HasColumnType', specify precision and scale using 'HasPrecision', or configure a value converter using 'HasConversion'.  |***| 2022-10-06 02:14:16.5957 |***| 30000|***| Microsoft.EntityFrameworkCore.Model.Validation|
INFO |***| Now listening on: https://localhost:7060  |***| 2022-10-06 02:45:31.3833 |***| 14|***| Microsoft.Hosting.Lifetime|
INFO |***| Now listening on: http://localhost:5060  |***| 2022-10-06 02:45:31.3833 |***| 14|***| Microsoft.Hosting.Lifetime|
INFO |***| Application started. Press Ctrl+C to shut down.  |***| 2022-10-06 02:45:31.3886 |***| 0|***| Microsoft.Hosting.Lifetime|
INFO |***| Hosting environment: Development  |***| 2022-10-06 02:45:31.3886 |***| 0|***| Microsoft.Hosting.Lifetime|
INFO |***| Content root path: C:\WorkSpace\Asp\Projects\KalaMarket\Src\KalaMarket\KalaMarket.EndPoint\  |***| 2022-10-06 02:45:31.3886 |***| 0|***| Microsoft.Hosting.Lifetime|
WARN |***| No store type was specified for the decimal property 'TotalPrice' on entity type 'Cart'. This will cause values to be silently truncated if they do not fit in the default precision and scale. Explicitly specify the SQL server column type that can accommodate all the values in 'OnModelCreating' using 'HasColumnType', specify precision and scale using 'HasPrecision', or configure a value converter using 'HasConversion'.  |***| 2022-10-06 02:45:36.0057 |***| 30000|***| Microsoft.EntityFrameworkCore.Model.Validation|
WARN |***| No store type was specified for the decimal property 'Price' on entity type 'CartItem'. This will cause values to be silently truncated if they do not fit in the default precision and scale. Explicitly specify the SQL server column type that can accommodate all the values in 'OnModelCreating' using 'HasColumnType', specify precision and scale using 'HasPrecision', or configure a value converter using 'HasConversion'.  |***| 2022-10-06 02:45:36.0057 |***| 30000|***| Microsoft.EntityFrameworkCore.Model.Validation|
WARN |***| No store type was specified for the decimal property 'Price' on entity type 'Product'. This will cause values to be silently truncated if they do not fit in the default precision and scale. Explicitly specify the SQL server column type that can accommodate all the values in 'OnModelCreating' using 'HasColumnType', specify precision and scale using 'HasPrecision', or configure a value converter using 'HasConversion'.  |***| 2022-10-06 02:45:36.0057 |***| 30000|***| Microsoft.EntityFrameworkCore.Model.Validation|
INFO |***| Now listening on: https://localhost:7060  |***| 2022-10-06 02:47:28.1962 |***| 14|***| Microsoft.Hosting.Lifetime|
INFO |***| Now listening on: http://localhost:5060  |***| 2022-10-06 02:47:28.1962 |***| 14|***| Microsoft.Hosting.Lifetime|
INFO |***| Application started. Press Ctrl+C to shut down.  |***| 2022-10-06 02:47:28.1962 |***| 0|***| Microsoft.Hosting.Lifetime|
INFO |***| Hosting environment: Development  |***| 2022-10-06 02:47:28.1989 |***| 0|***| Microsoft.Hosting.Lifetime|
INFO |***| Content root path: C:\WorkSpace\Asp\Projects\KalaMarket\Src\KalaMarket\KalaMarket.EndPoint\  |***| 2022-10-06 02:47:28.1989 |***| 0|***| Microsoft.Hosting.Lifetime|
WARN |***| No store type was specified for the decimal property 'TotalPrice' on entity type 'Cart'. This will cause values to be silently truncated if they do not fit in the default precision and scale. Explicitly specify the SQL server column type that can accommodate all the values in 'OnModelCreating' using 'HasColumnType', specify precision and scale using 'HasPrecision', or configure a value converter using 'HasConversion'.  |***| 2022-10-06 02:47:33.5792 |***| 30000|***| Microsoft.EntityFrameworkCore.Model.Validation|
WARN |***| No store type was specified for the decimal property 'Price' on entity type 'CartItem'. This will cause values to be silently truncated if they do not fit in the default precision and scale. Explicitly specify the SQL server column type that can accommodate all the values in 'OnModelCreating' using 'HasColumnType', specify precision and scale using 'HasPrecision', or configure a value converter using 'HasConversion'.  |***| 2022-10-06 02:47:33.5792 |***| 30000|***| Microsoft.EntityFrameworkCore.Model.Validation|
WARN |***| No store type was specified for the decimal property 'Price' on entity type 'Product'. This will cause values to be silently truncated if they do not fit in the default precision and scale. Explicitly specify the SQL server column type that can accommodate all the values in 'OnModelCreating' using 'HasColumnType', specify precision and scale using 'HasPrecision', or configure a value converter using 'HasConversion'.  |***| 2022-10-06 02:47:33.5792 |***| 30000|***| Microsoft.EntityFrameworkCore.Model.Validation|
INFO |***| Now listening on: https://localhost:7060  |***| 2022-10-06 03:03:56.1901 |***| 14|***| Microsoft.Hosting.Lifetime|
INFO |***| Now listening on: http://localhost:5060  |***| 2022-10-06 03:03:56.1901 |***| 14|***| Microsoft.Hosting.Lifetime|
INFO |***| Application started. Press Ctrl+C to shut down.  |***| 2022-10-06 03:03:56.1901 |***| 0|***| Microsoft.Hosting.Lifetime|
INFO |***| Hosting environment: Development  |***| 2022-10-06 03:03:56.1901 |***| 0|***| Microsoft.Hosting.Lifetime|
INFO |***| Content root path: C:\WorkSpace\Asp\Projects\KalaMarket\Src\KalaMarket\KalaMarket.EndPoint\  |***| 2022-10-06 03:03:56.1901 |***| 0|***| Microsoft.Hosting.Lifetime|
WARN |***| No store type was specified for the decimal property 'TotalPrice' on entity type 'Cart'. This will cause values to be silently truncated if they do not fit in the default precision and scale. Explicitly specify the SQL server column type that can accommodate all the values in 'OnModelCreating' using 'HasColumnType', specify precision and scale using 'HasPrecision', or configure a value converter using 'HasConversion'.  |***| 2022-10-06 03:04:01.1467 |***| 30000|***| Microsoft.EntityFrameworkCore.Model.Validation|
WARN |***| No store type was specified for the decimal property 'Price' on entity type 'CartItem'. This will cause values to be silently truncated if they do not fit in the default precision and scale. Explicitly specify the SQL server column type that can accommodate all the values in 'OnModelCreating' using 'HasColumnType', specify precision and scale using 'HasPrecision', or configure a value converter using 'HasConversion'.  |***| 2022-10-06 03:04:01.1467 |***| 30000|***| Microsoft.EntityFrameworkCore.Model.Validation|
WARN |***| No store type was specified for the decimal property 'Price' on entity type 'Product'. This will cause values to be silently truncated if they do not fit in the default precision and scale. Explicitly specify the SQL server column type that can accommodate all the values in 'OnModelCreating' using 'HasColumnType', specify precision and scale using 'HasPrecision', or configure a value converter using 'HasConversion'.  |***| 2022-10-06 03:04:01.1467 |***| 30000|***| Microsoft.EntityFrameworkCore.Model.Validation|
INFO |***| Now listening on: https://localhost:7060  |***| 2022-10-06 03:24:38.9823 |***| 14|***| Microsoft.Hosting.Lifetime|
INFO |***| Now listening on: http://localhost:5060  |***| 2022-10-06 03:24:38.9823 |***| 14|***| Microsoft.Hosting.Lifetime|
INFO |***| Application started. Press Ctrl+C to shut down.  |***| 2022-10-06 03:24:38.9823 |***| 0|***| Microsoft.Hosting.Lifetime|
INFO |***| Hosting environment: Development  |***| 2022-10-06 03:24:38.9823 |***| 0|***| Microsoft.Hosting.Lifetime|
INFO |***| Content root path: C:\WorkSpace\Asp\Projects\KalaMarket\Src\KalaMarket\KalaMarket.EndPoint\  |***| 2022-10-06 03:24:38.9823 |***| 0|***| Microsoft.Hosting.Lifetime|
WARN |***| No store type was specified for the decimal property 'TotalPrice' on entity type 'Cart'. This will cause values to be silently truncated if they do not fit in the default precision and scale. Explicitly specify the SQL server column type that can accommodate all the values in 'OnModelCreating' using 'HasColumnType', specify precision and scale using 'HasPrecision', or configure a value converter using 'HasConversion'.  |***| 2022-10-06 03:24:45.7712 |***| 30000|***| Microsoft.EntityFrameworkCore.Model.Validation|
WARN |***| No store type was specified for the decimal property 'Price' on entity type 'CartItem'. This will cause values to be silently truncated if they do not fit in the default precision and scale. Explicitly specify the SQL server column type that can accommodate all the values in 'OnModelCreating' using 'HasColumnType', specify precision and scale using 'HasPrecision', or configure a value converter using 'HasConversion'.  |***| 2022-10-06 03:24:45.7712 |***| 30000|***| Microsoft.EntityFrameworkCore.Model.Validation|
WARN |***| No store type was specified for the decimal property 'Price' on entity type 'Product'. This will cause values to be silently truncated if they do not fit in the default precision and scale. Explicitly specify the SQL server column type that can accommodate all the values in 'OnModelCreating' using 'HasColumnType', specify precision and scale using 'HasPrecision', or configure a value converter using 'HasConversion'.  |***| 2022-10-06 03:24:45.7712 |***| 30000|***| Microsoft.EntityFrameworkCore.Model.Validation|
INFO |***| Now listening on: https://localhost:7060  |***| 2022-10-06 09:15:23.7138 |***| 14|***| Microsoft.Hosting.Lifetime|
INFO |***| Now listening on: http://localhost:5060  |***| 2022-10-06 09:15:23.7138 |***| 14|***| Microsoft.Hosting.Lifetime|
INFO |***| Application started. Press Ctrl+C to shut down.  |***| 2022-10-06 09:15:23.7182 |***| 0|***| Microsoft.Hosting.Lifetime|
INFO |***| Hosting environment: Development  |***| 2022-10-06 09:15:23.7182 |***| 0|***| Microsoft.Hosting.Lifetime|
INFO |***| Content root path: C:\WorkSpace\Asp\Projects\KalaMarket\Src\KalaMarket\KalaMarket.EndPoint\  |***| 2022-10-06 09:15:23.7182 |***| 0|***| Microsoft.Hosting.Lifetime|
WARN |***| No store type was specified for the decimal property 'TotalPrice' on entity type 'Cart'. This will cause values to be silently truncated if they do not fit in the default precision and scale. Explicitly specify the SQL server column type that can accommodate all the values in 'OnModelCreating' using 'HasColumnType', specify precision and scale using 'HasPrecision', or configure a value converter using 'HasConversion'.  |***| 2022-10-06 09:15:29.3271 |***| 30000|***| Microsoft.EntityFrameworkCore.Model.Validation|
WARN |***| No store type was specified for the decimal property 'Price' on entity type 'CartItem'. This will cause values to be silently truncated if they do not fit in the default precision and scale. Explicitly specify the SQL server column type that can accommodate all the values in 'OnModelCreating' using 'HasColumnType', specify precision and scale using 'HasPrecision', or configure a value converter using 'HasConversion'.  |***| 2022-10-06 09:15:29.3271 |***| 30000|***| Microsoft.EntityFrameworkCore.Model.Validation|
WARN |***| No store type was specified for the decimal property 'Price' on entity type 'Product'. This will cause values to be silently truncated if they do not fit in the default precision and scale. Explicitly specify the SQL server column type that can accommodate all the values in 'OnModelCreating' using 'HasColumnType', specify precision and scale using 'HasPrecision', or configure a value converter using 'HasConversion'.  |***| 2022-10-06 09:15:29.3271 |***| 30000|***| Microsoft.EntityFrameworkCore.Model.Validation|
INFO |***| Now listening on: https://localhost:7060  |***| 2022-10-06 11:21:22.7580 |***| 14|***| Microsoft.Hosting.Lifetime|
INFO |***| Now listening on: http://localhost:5060  |***| 2022-10-06 11:21:22.7580 |***| 14|***| Microsoft.Hosting.Lifetime|
INFO |***| Application started. Press Ctrl+C to shut down.  |***| 2022-10-06 11:21:22.7580 |***| 0|***| Microsoft.Hosting.Lifetime|
INFO |***| Hosting environment: Development  |***| 2022-10-06 11:21:22.7580 |***| 0|***| Microsoft.Hosting.Lifetime|
INFO |***| Content root path: C:\WorkSpace\Asp\Projects\KalaMarket\Src\KalaMarket\KalaMarket.EndPoint\  |***| 2022-10-06 11:21:22.7580 |***| 0|***| Microsoft.Hosting.Lifetime|
WARN |***| No store type was specified for the decimal property 'TotalPrice' on entity type 'Cart'. This will cause values to be silently truncated if they do not fit in the default precision and scale. Explicitly specify the SQL server column type that can accommodate all the values in 'OnModelCreating' using 'HasColumnType', specify precision and scale using 'HasPrecision', or configure a value converter using 'HasConversion'.  |***| 2022-10-06 11:21:28.1918 |***| 30000|***| Microsoft.EntityFrameworkCore.Model.Validation|
WARN |***| No store type was specified for the decimal property 'Price' on entity type 'CartItem'. This will cause values to be silently truncated if they do not fit in the default precision and scale. Explicitly specify the SQL server column type that can accommodate all the values in 'OnModelCreating' using 'HasColumnType', specify precision and scale using 'HasPrecision', or configure a value converter using 'HasConversion'.  |***| 2022-10-06 11:21:28.1918 |***| 30000|***| Microsoft.EntityFrameworkCore.Model.Validation|
WARN |***| No store type was specified for the decimal property 'Price' on entity type 'Product'. This will cause values to be silently truncated if they do not fit in the default precision and scale. Explicitly specify the SQL server column type that can accommodate all the values in 'OnModelCreating' using 'HasColumnType', specify precision and scale using 'HasPrecision', or configure a value converter using 'HasConversion'.  |***| 2022-10-06 11:21:28.1918 |***| 30000|***| Microsoft.EntityFrameworkCore.Model.Validation|
INFO |***| Now listening on: https://localhost:7060  |***| 2022-10-06 21:07:09.9920 |***| 14|***| Microsoft.Hosting.Lifetime|
INFO |***| Now listening on: http://localhost:5060  |***| 2022-10-06 21:07:09.9920 |***| 14|***| Microsoft.Hosting.Lifetime|
INFO |***| Application started. Press Ctrl+C to shut down.  |***| 2022-10-06 21:07:09.9967 |***| 0|***| Microsoft.Hosting.Lifetime|
INFO |***| Hosting environment: Development  |***| 2022-10-06 21:07:09.9967 |***| 0|***| Microsoft.Hosting.Lifetime|
INFO |***| Content root path: C:\WorkSpace\Asp\Projects\KalaMarket\Src\KalaMarket\KalaMarket.EndPoint\  |***| 2022-10-06 21:07:09.9967 |***| 0|***| Microsoft.Hosting.Lifetime|
WARN |***| No store type was specified for the decimal property 'TotalPrice' on entity type 'Cart'. This will cause values to be silently truncated if they do not fit in the default precision and scale. Explicitly specify the SQL server column type that can accommodate all the values in 'OnModelCreating' using 'HasColumnType', specify precision and scale using 'HasPrecision', or configure a value converter using 'HasConversion'.  |***| 2022-10-06 21:07:17.3704 |***| 30000|***| Microsoft.EntityFrameworkCore.Model.Validation|
WARN |***| No store type was specified for the decimal property 'Price' on entity type 'CartItem'. This will cause values to be silently truncated if they do not fit in the default precision and scale. Explicitly specify the SQL server column type that can accommodate all the values in 'OnModelCreating' using 'HasColumnType', specify precision and scale using 'HasPrecision', or configure a value converter using 'HasConversion'.  |***| 2022-10-06 21:07:17.3704 |***| 30000|***| Microsoft.EntityFrameworkCore.Model.Validation|
WARN |***| No store type was specified for the decimal property 'Price' on entity type 'Product'. This will cause values to be silently truncated if they do not fit in the default precision and scale. Explicitly specify the SQL server column type that can accommodate all the values in 'OnModelCreating' using 'HasColumnType', specify precision and scale using 'HasPrecision', or configure a value converter using 'HasConversion'.  |***| 2022-10-06 21:07:17.3704 |***| 30000|***| Microsoft.EntityFrameworkCore.Model.Validation|
INFO |***| Now listening on: https://localhost:7060  |***| 2022-10-06 21:25:13.2826 |***| 14|***| Microsoft.Hosting.Lifetime|
INFO |***| Now listening on: http://localhost:5060  |***| 2022-10-06 21:25:13.2826 |***| 14|***| Microsoft.Hosting.Lifetime|
INFO |***| Application started. Press Ctrl+C to shut down.  |***| 2022-10-06 21:25:13.2826 |***| 0|***| Microsoft.Hosting.Lifetime|
INFO |***| Hosting environment: Development  |***| 2022-10-06 21:25:13.2826 |***| 0|***| Microsoft.Hosting.Lifetime|
INFO |***| Content root path: C:\WorkSpace\Asp\Projects\KalaMarket\Src\KalaMarket\KalaMarket.EndPoint\  |***| 2022-10-06 21:25:13.2826 |***| 0|***| Microsoft.Hosting.Lifetime|
WARN |***| No store type was specified for the decimal property 'TotalPrice' on entity type 'Cart'. This will cause values to be silently truncated if they do not fit in the default precision and scale. Explicitly specify the SQL server column type that can accommodate all the values in 'OnModelCreating' using 'HasColumnType', specify precision and scale using 'HasPrecision', or configure a value converter using 'HasConversion'.  |***| 2022-10-06 21:25:20.3804 |***| 30000|***| Microsoft.EntityFrameworkCore.Model.Validation|
WARN |***| No store type was specified for the decimal property 'Price' on entity type 'CartItem'. This will cause values to be silently truncated if they do not fit in the default precision and scale. Explicitly specify the SQL server column type that can accommodate all the values in 'OnModelCreating' using 'HasColumnType', specify precision and scale using 'HasPrecision', or configure a value converter using 'HasConversion'.  |***| 2022-10-06 21:25:20.3804 |***| 30000|***| Microsoft.EntityFrameworkCore.Model.Validation|
WARN |***| No store type was specified for the decimal property 'Price' on entity type 'Product'. This will cause values to be silently truncated if they do not fit in the default precision and scale. Explicitly specify the SQL server column type that can accommodate all the values in 'OnModelCreating' using 'HasColumnType', specify precision and scale using 'HasPrecision', or configure a value converter using 'HasConversion'.  |***| 2022-10-06 21:25:20.3804 |***| 30000|***| Microsoft.EntityFrameworkCore.Model.Validation|
INFO |***| Now listening on: https://localhost:7060  |***| 2022-10-06 21:28:07.2075 |***| 14|***| Microsoft.Hosting.Lifetime|
INFO |***| Now listening on: http://localhost:5060  |***| 2022-10-06 21:28:07.2075 |***| 14|***| Microsoft.Hosting.Lifetime|
INFO |***| Application started. Press Ctrl+C to shut down.  |***| 2022-10-06 21:28:07.2075 |***| 0|***| Microsoft.Hosting.Lifetime|
INFO |***| Hosting environment: Development  |***| 2022-10-06 21:28:07.2075 |***| 0|***| Microsoft.Hosting.Lifetime|
INFO |***| Content root path: C:\WorkSpace\Asp\Projects\KalaMarket\Src\KalaMarket\KalaMarket.EndPoint\  |***| 2022-10-06 21:28:07.2075 |***| 0|***| Microsoft.Hosting.Lifetime|
WARN |***| No store type was specified for the decimal property 'TotalPrice' on entity type 'Cart'. This will cause values to be silently truncated if they do not fit in the default precision and scale. Explicitly specify the SQL server column type that can accommodate all the values in 'OnModelCreating' using 'HasColumnType', specify precision and scale using 'HasPrecision', or configure a value converter using 'HasConversion'.  |***| 2022-10-06 21:28:13.1923 |***| 30000|***| Microsoft.EntityFrameworkCore.Model.Validation|
WARN |***| No store type was specified for the decimal property 'Price' on entity type 'CartItem'. This will cause values to be silently truncated if they do not fit in the default precision and scale. Explicitly specify the SQL server column type that can accommodate all the values in 'OnModelCreating' using 'HasColumnType', specify precision and scale using 'HasPrecision', or configure a value converter using 'HasConversion'.  |***| 2022-10-06 21:28:13.1923 |***| 30000|***| Microsoft.EntityFrameworkCore.Model.Validation|
WARN |***| No store type was specified for the decimal property 'Price' on entity type 'Product'. This will cause values to be silently truncated if they do not fit in the default precision and scale. Explicitly specify the SQL server column type that can accommodate all the values in 'OnModelCreating' using 'HasColumnType', specify precision and scale using 'HasPrecision', or configure a value converter using 'HasConversion'.  |***| 2022-10-06 21:28:13.1923 |***| 30000|***| Microsoft.EntityFrameworkCore.Model.Validation|
INFO |***| Now listening on: https://localhost:7060  |***| 2022-10-06 21:32:57.9980 |***| 14|***| Microsoft.Hosting.Lifetime|
INFO |***| Now listening on: http://localhost:5060  |***| 2022-10-06 21:32:57.9980 |***| 14|***| Microsoft.Hosting.Lifetime|
INFO |***| Application started. Press Ctrl+C to shut down.  |***| 2022-10-06 21:32:57.9980 |***| 0|***| Microsoft.Hosting.Lifetime|
INFO |***| Hosting environment: Development  |***| 2022-10-06 21:32:57.9980 |***| 0|***| Microsoft.Hosting.Lifetime|
INFO |***| Content root path: C:\WorkSpace\Asp\Projects\KalaMarket\Src\KalaMarket\KalaMarket.EndPoint\  |***| 2022-10-06 21:32:57.9980 |***| 0|***| Microsoft.Hosting.Lifetime|
WARN |***| No store type was specified for the decimal property 'TotalPrice' on entity type 'Cart'. This will cause values to be silently truncated if they do not fit in the default precision and scale. Explicitly specify the SQL server column type that can accommodate all the values in 'OnModelCreating' using 'HasColumnType', specify precision and scale using 'HasPrecision', or configure a value converter using 'HasConversion'.  |***| 2022-10-06 21:33:07.9539 |***| 30000|***| Microsoft.EntityFrameworkCore.Model.Validation|
WARN |***| No store type was specified for the decimal property 'Price' on entity type 'CartItem'. This will cause values to be silently truncated if they do not fit in the default precision and scale. Explicitly specify the SQL server column type that can accommodate all the values in 'OnModelCreating' using 'HasColumnType', specify precision and scale using 'HasPrecision', or configure a value converter using 'HasConversion'.  |***| 2022-10-06 21:33:07.9539 |***| 30000|***| Microsoft.EntityFrameworkCore.Model.Validation|
WARN |***| No store type was specified for the decimal property 'Price' on entity type 'Product'. This will cause values to be silently truncated if they do not fit in the default precision and scale. Explicitly specify the SQL server column type that can accommodate all the values in 'OnModelCreating' using 'HasColumnType', specify precision and scale using 'HasPrecision', or configure a value converter using 'HasConversion'.  |***| 2022-10-06 21:33:07.9539 |***| 30000|***| Microsoft.EntityFrameworkCore.Model.Validation|
INFO |***| Now listening on: https://localhost:7060  |***| 2022-10-06 21:35:58.0550 |***| 14|***| Microsoft.Hosting.Lifetime|
INFO |***| Now listening on: http://localhost:5060  |***| 2022-10-06 21:35:58.0550 |***| 14|***| Microsoft.Hosting.Lifetime|
INFO |***| Application started. Press Ctrl+C to shut down.  |***| 2022-10-06 21:35:58.0594 |***| 0|***| Microsoft.Hosting.Lifetime|
INFO |***| Hosting environment: Development  |***| 2022-10-06 21:35:58.0594 |***| 0|***| Microsoft.Hosting.Lifetime|
INFO |***| Content root path: C:\WorkSpace\Asp\Projects\KalaMarket\Src\KalaMarket\KalaMarket.EndPoint\  |***| 2022-10-06 21:35:58.0594 |***| 0|***| Microsoft.Hosting.Lifetime|
WARN |***| No store type was specified for the decimal property 'TotalPrice' on entity type 'Cart'. This will cause values to be silently truncated if they do not fit in the default precision and scale. Explicitly specify the SQL server column type that can accommodate all the values in 'OnModelCreating' using 'HasColumnType', specify precision and scale using 'HasPrecision', or configure a value converter using 'HasConversion'.  |***| 2022-10-06 21:36:03.0069 |***| 30000|***| Microsoft.EntityFrameworkCore.Model.Validation|
WARN |***| No store type was specified for the decimal property 'Price' on entity type 'CartItem'. This will cause values to be silently truncated if they do not fit in the default precision and scale. Explicitly specify the SQL server column type that can accommodate all the values in 'OnModelCreating' using 'HasColumnType', specify precision and scale using 'HasPrecision', or configure a value converter using 'HasConversion'.  |***| 2022-10-06 21:36:03.0069 |***| 30000|***| Microsoft.EntityFrameworkCore.Model.Validation|
WARN |***| No store type was specified for the decimal property 'Price' on entity type 'Product'. This will cause values to be silently truncated if they do not fit in the default precision and scale. Explicitly specify the SQL server column type that can accommodate all the values in 'OnModelCreating' using 'HasColumnType', specify precision and scale using 'HasPrecision', or configure a value converter using 'HasConversion'.  |***| 2022-10-06 21:36:03.0069 |***| 30000|***| Microsoft.EntityFrameworkCore.Model.Validation|
INFO |***| Now listening on: https://localhost:7060  |***| 2022-10-06 21:37:14.6266 |***| 14|***| Microsoft.Hosting.Lifetime|
INFO |***| Now listening on: http://localhost:5060  |***| 2022-10-06 21:37:14.6266 |***| 14|***| Microsoft.Hosting.Lifetime|
INFO |***| Application started. Press Ctrl+C to shut down.  |***| 2022-10-06 21:37:14.6266 |***| 0|***| Microsoft.Hosting.Lifetime|
INFO |***| Hosting environment: Development  |***| 2022-10-06 21:37:14.6266 |***| 0|***| Microsoft.Hosting.Lifetime|
INFO |***| Content root path: C:\WorkSpace\Asp\Projects\KalaMarket\Src\KalaMarket\KalaMarket.EndPoint\  |***| 2022-10-06 21:37:14.6266 |***| 0|***| Microsoft.Hosting.Lifetime|
WARN |***| No store type was specified for the decimal property 'TotalPrice' on entity type 'Cart'. This will cause values to be silently truncated if they do not fit in the default precision and scale. Explicitly specify the SQL server column type that can accommodate all the values in 'OnModelCreating' using 'HasColumnType', specify precision and scale using 'HasPrecision', or configure a value converter using 'HasConversion'.  |***| 2022-10-06 21:37:19.6839 |***| 30000|***| Microsoft.EntityFrameworkCore.Model.Validation|
WARN |***| No store type was specified for the decimal property 'Price' on entity type 'CartItem'. This will cause values to be silently truncated if they do not fit in the default precision and scale. Explicitly specify the SQL server column type that can accommodate all the values in 'OnModelCreating' using 'HasColumnType', specify precision and scale using 'HasPrecision', or configure a value converter using 'HasConversion'.  |***| 2022-10-06 21:37:19.6839 |***| 30000|***| Microsoft.EntityFrameworkCore.Model.Validation|
WARN |***| No store type was specified for the decimal property 'Price' on entity type 'Product'. This will cause values to be silently truncated if they do not fit in the default precision and scale. Explicitly specify the SQL server column type that can accommodate all the values in 'OnModelCreating' using 'HasColumnType', specify precision and scale using 'HasPrecision', or configure a value converter using 'HasConversion'.  |***| 2022-10-06 21:37:19.6839 |***| 30000|***| Microsoft.EntityFrameworkCore.Model.Validation|
WARN |***| The query uses a row limiting operator ('Skip'/'Take') without an 'OrderBy' operator. This may lead to unpredictable results. If the 'Distinct' operator is used after 'OrderBy', then make sure to use the 'OrderBy' operator after 'Distinct' as the ordering would otherwise get erased.  |***| 2022-10-06 21:45:52.4246 |***| 10102|***| Microsoft.EntityFrameworkCore.Query|
WARN |***| The query uses a row limiting operator ('Skip'/'Take') without an 'OrderBy' operator. This may lead to unpredictable results. If the 'Distinct' operator is used after 'OrderBy', then make sure to use the 'OrderBy' operator after 'Distinct' as the ordering would otherwise get erased.  |***| 2022-10-06 21:45:52.4329 |***| 10102|***| Microsoft.EntityFrameworkCore.Query|
INFO |***| ----> PagingTagHelper SettingsJson: default - default  |***| 2022-10-06 21:45:52.4686 |***| 0|***| LazZiya.TagHelpers.PagingTagHelper|
INFO |***| ----> PagingTagHelper - PageNo: 1, PageSize: 8, TotalRecords: 21, TotalPages: 3, QueryStringKeyPageNo: page, QueryStringKeyPageSize: pageSize,   |***| 2022-10-06 21:45:52.4686 |***| 0|***| LazZiya.TagHelpers.PagingTagHelper|
ERROR |***| An unhandled exception has occurred while executing the request. System.InvalidOperationException: The partial view 'Shared/_ValidationScriptsPartial' was not found. The following locations were searched:
/Areas/Admin/Pages/Users/Shared/_ValidationScriptsPartial.cshtml
/Areas/Admin/Pages/Shared/_ValidationScriptsPartial.cshtml
/Areas/Admin/Pages/Shared/Shared/_ValidationScriptsPartial.cshtml
/Areas/Admin/Views/Shared/Shared/_ValidationScriptsPartial.cshtml
/Pages/Shared/Shared/_ValidationScriptsPartial.cshtml
/Views/Shared/Shared/_ValidationScriptsPartial.cshtml
   at Microsoft.AspNetCore.Mvc.TagHelpers.PartialTagHelper.ProcessAsync(TagHelperContext context, TagHelperOutput output)
   at Microsoft.AspNetCore.Razor.Runtime.TagHelpers.TagHelperRunner.<RunAsync>g__Awaited|0_0(Task task, TagHelperExecutionContext executionContext, Int32 i, Int32 count)
   at KalaMarket.EndPoint.Areas.Admin.Pages.Users.Areas_Admin_Pages_Users_Register.<ExecuteAsync>b__28_3()
   at Microsoft.AspNetCore.Mvc.Razor.RazorPage.RenderSectionAsyncCore(String sectionName, Boolean required)
   at KalaMarket.EndPoint.Areas.Admin.Pages.Shared.Areas_Admin_Pages_Shared__AdminLayout.<ExecuteAsync>b__75_1() in C:\WorkSpace\Asp\Projects\KalaMarket\Src\KalaMarket\KalaMarket.EndPoint\Areas\Admin\Pages\Shared\_AdminLayout.cshtml:line 425
   at Microsoft.AspNetCore.Razor.Runtime.TagHelpers.TagHelperExecutionContext.SetOutputContentAsync()
   at KalaMarket.EndPoint.Areas.Admin.Pages.Shared.Areas_Admin_Pages_Shared__AdminLayout.ExecuteAsync()
   at Microsoft.AspNetCore.Mvc.Razor.RazorView.RenderPageCoreAsync(IRazorPage page, ViewContext context)
   at Microsoft.AspNetCore.Mvc.Razor.RazorView.RenderPageAsync(IRazorPage page, ViewContext context, Boolean invokeViewStarts)
   at Microsoft.AspNetCore.Mvc.Razor.RazorView.RenderLayoutAsync(ViewContext context, ViewBufferTextWriter bodyWriter)
   at Microsoft.AspNetCore.Mvc.Razor.RazorView.RenderAsync(ViewContext context)
   at Microsoft.AspNetCore.Mvc.ViewFeatures.ViewExecutor.ExecuteAsync(ViewContext viewContext, String contentType, Nullable`1 statusCode)
   at Microsoft.AspNetCore.Mvc.ViewFeatures.ViewExecutor.ExecuteAsync(ViewContext viewContext, String contentType, Nullable`1 statusCode)
   at Microsoft.AspNetCore.Mvc.Infrastructure.ResourceInvoker.<InvokeResultAsync>g__Logged|22_0(ResourceInvoker invoker, IActionResult result)
   at Microsoft.AspNetCore.Mvc.Infrastructure.ResourceInvoker.<InvokeNextResultFilterAsync>g__Awaited|30_0[TFilter,TFilterAsync](ResourceInvoker invoker, Task lastTask, State next, Scope scope, Object state, Boolean isCompleted)
   at Microsoft.AspNetCore.Mvc.Infrastructure.ResourceInvoker.Rethrow(ResultExecutedContextSealed context)
   at Microsoft.AspNetCore.Mvc.Infrastructure.ResourceInvoker.ResultNext[TFilter,TFilterAsync](State& next, Scope& scope, Object& state, Boolean& isCompleted)
   at Microsoft.AspNetCore.Mvc.Infrastructure.ResourceInvoker.InvokeResultFilters()
--- End of stack trace from previous location ---
   at Microsoft.AspNetCore.Mvc.Infrastructure.ResourceInvoker.<InvokeNextResourceFilter>g__Awaited|25_0(ResourceInvoker invoker, Task lastTask, State next, Scope scope, Object state, Boolean isCompleted)
   at Microsoft.AspNetCore.Mvc.Infrastructure.ResourceInvoker.Rethrow(ResourceExecutedContextSealed context)
   at Microsoft.AspNetCore.Mvc.Infrastructure.ResourceInvoker.Next(State& next, Scope& scope, Object& state, Boolean& isCompleted)
   at Microsoft.AspNetCore.Mvc.Infrastructure.ResourceInvoker.InvokeFilterPipelineAsync()
--- End of stack trace from previous location ---
   at Microsoft.AspNetCore.Mvc.Infrastructure.ResourceInvoker.<InvokeAsync>g__Logged|17_1(ResourceInvoker invoker)
   at Microsoft.AspNetCore.Mvc.Infrastructure.ResourceInvoker.<InvokeAsync>g__Logged|17_1(ResourceInvoker invoker)
   at Microsoft.AspNetCore.Routing.EndpointMiddleware.<Invoke>g__AwaitRequestTask|6_0(Endpoint endpoint, Task requestTask, ILogger logger)
   at Microsoft.AspNetCore.Authorization.AuthorizationMiddleware.Invoke(HttpContext context)
   at Microsoft.AspNetCore.Authentication.AuthenticationMiddleware.Invoke(HttpContext context)
   at Microsoft.AspNetCore.Diagnostics.DeveloperExceptionPageMiddleware.Invoke(HttpContext context) |***| 2022-10-06 21:45:54.8865 |***| 1|***| Microsoft.AspNetCore.Diagnostics.DeveloperExceptionPageMiddleware|
INFO |***| ----> PagingTagHelper SettingsJson: default - default  |***| 2022-10-06 21:46:22.8561 |***| 0|***| LazZiya.TagHelpers.PagingTagHelper|
INFO |***| ----> PagingTagHelper - PageNo: 1, PageSize: 8, TotalRecords: 2, TotalPages: 1, QueryStringKeyPageNo: page, QueryStringKeyPageSize: pageSize,   |***| 2022-10-06 21:46:22.8561 |***| 0|***| LazZiya.TagHelpers.PagingTagHelper|
WARN |***| Compiling a query which loads related collections for more than one collection navigation, either via 'Include' or through projection, but no 'QuerySplittingBehavior' has been configured. By default, Entity Framework will use 'QuerySplittingBehavior.SingleQuery', which can potentially result in slow query performance. See https://go.microsoft.com/fwlink/?linkid=2134277 for more information. To identify the query that's triggering this warning call 'ConfigureWarnings(w => w.Throw(RelationalEventId.MultipleCollectionIncludeWarning))'.  |***| 2022-10-06 21:46:24.9651 |***| 20504|***| Microsoft.EntityFrameworkCore.Query|
INFO |***| Now listening on: https://localhost:7060  |***| 2022-10-06 21:50:21.9660 |***| 14|***| Microsoft.Hosting.Lifetime|
INFO |***| Now listening on: http://localhost:5060  |***| 2022-10-06 21:50:21.9660 |***| 14|***| Microsoft.Hosting.Lifetime|
INFO |***| Application started. Press Ctrl+C to shut down.  |***| 2022-10-06 21:50:21.9660 |***| 0|***| Microsoft.Hosting.Lifetime|
INFO |***| Hosting environment: Development  |***| 2022-10-06 21:50:21.9660 |***| 0|***| Microsoft.Hosting.Lifetime|
INFO |***| Content root path: C:\WorkSpace\Asp\Projects\KalaMarket\Src\KalaMarket\KalaMarket.EndPoint\  |***| 2022-10-06 21:50:21.9660 |***| 0|***| Microsoft.Hosting.Lifetime|
WARN |***| No store type was specified for the decimal property 'TotalPrice' on entity type 'Cart'. This will cause values to be silently truncated if they do not fit in the default precision and scale. Explicitly specify the SQL server column type that can accommodate all the values in 'OnModelCreating' using 'HasColumnType', specify precision and scale using 'HasPrecision', or configure a value converter using 'HasConversion'.  |***| 2022-10-06 21:50:27.3450 |***| 30000|***| Microsoft.EntityFrameworkCore.Model.Validation|
WARN |***| No store type was specified for the decimal property 'Price' on entity type 'CartItem'. This will cause values to be silently truncated if they do not fit in the default precision and scale. Explicitly specify the SQL server column type that can accommodate all the values in 'OnModelCreating' using 'HasColumnType', specify precision and scale using 'HasPrecision', or configure a value converter using 'HasConversion'.  |***| 2022-10-06 21:50:27.3450 |***| 30000|***| Microsoft.EntityFrameworkCore.Model.Validation|
WARN |***| No store type was specified for the decimal property 'Price' on entity type 'Product'. This will cause values to be silently truncated if they do not fit in the default precision and scale. Explicitly specify the SQL server column type that can accommodate all the values in 'OnModelCreating' using 'HasColumnType', specify precision and scale using 'HasPrecision', or configure a value converter using 'HasConversion'.  |***| 2022-10-06 21:50:27.3450 |***| 30000|***| Microsoft.EntityFrameworkCore.Model.Validation|
INFO |***| Now listening on: https://localhost:7060  |***| 2022-10-06 21:57:13.5873 |***| 14|***| Microsoft.Hosting.Lifetime|
INFO |***| Now listening on: http://localhost:5060  |***| 2022-10-06 21:57:13.5873 |***| 14|***| Microsoft.Hosting.Lifetime|
INFO |***| Application started. Press Ctrl+C to shut down.  |***| 2022-10-06 21:57:13.5915 |***| 0|***| Microsoft.Hosting.Lifetime|
INFO |***| Hosting environment: Development  |***| 2022-10-06 21:57:13.5915 |***| 0|***| Microsoft.Hosting.Lifetime|
INFO |***| Content root path: C:\WorkSpace\Asp\Projects\KalaMarket\Src\KalaMarket\KalaMarket.EndPoint\  |***| 2022-10-06 21:57:13.5915 |***| 0|***| Microsoft.Hosting.Lifetime|
WARN |***| No store type was specified for the decimal property 'TotalPrice' on entity type 'Cart'. This will cause values to be silently truncated if they do not fit in the default precision and scale. Explicitly specify the SQL server column type that can accommodate all the values in 'OnModelCreating' using 'HasColumnType', specify precision and scale using 'HasPrecision', or configure a value converter using 'HasConversion'.  |***| 2022-10-06 21:57:17.2370 |***| 30000|***| Microsoft.EntityFrameworkCore.Model.Validation|
WARN |***| No store type was specified for the decimal property 'Price' on entity type 'CartItem'. This will cause values to be silently truncated if they do not fit in the default precision and scale. Explicitly specify the SQL server column type that can accommodate all the values in 'OnModelCreating' using 'HasColumnType', specify precision and scale using 'HasPrecision', or configure a value converter using 'HasConversion'.  |***| 2022-10-06 21:57:17.2370 |***| 30000|***| Microsoft.EntityFrameworkCore.Model.Validation|
WARN |***| No store type was specified for the decimal property 'Price' on entity type 'Product'. This will cause values to be silently truncated if they do not fit in the default precision and scale. Explicitly specify the SQL server column type that can accommodate all the values in 'OnModelCreating' using 'HasColumnType', specify precision and scale using 'HasPrecision', or configure a value converter using 'HasConversion'.  |***| 2022-10-06 21:57:17.2370 |***| 30000|***| Microsoft.EntityFrameworkCore.Model.Validation|
