INFO |***| Application started. Press Ctrl+C to shut down.  |***| 2022-10-01 08:50:04.4466 |***| 0|***| Microsoft.Hosting.Lifetime|
INFO |***| Hosting environment: Development  |***| 2022-10-01 08:50:04.4466 |***| 0|***| Microsoft.Hosting.Lifetime|
INFO |***| Content root path: C:\WorkSpace\Asp\Projects\KalaMarket\Src\KalaMarket\KalaMarket.EndPoint\  |***| 2022-10-01 08:50:04.4466 |***| 0|***| Microsoft.Hosting.Lifetime|
WARN |***| No store type was specified for the decimal property 'Price' on entity type 'Product'. This will cause values to be silently truncated if they do not fit in the default precision and scale. Explicitly specify the SQL server column type that can accommodate all the values in 'OnModelCreating' using 'HasColumnType', specify precision and scale using 'HasPrecision', or configure a value converter using 'HasConversion'.  |***| 2022-10-01 08:50:05.9760 |***| 30000|***| Microsoft.EntityFrameworkCore.Model.Validation|
ERROR |***| An unhandled exception has occurred while executing the request. System.NullReferenceException: Object reference not set to an instance of an object.
   at Microsoft.AspNetCore.Mvc.Rendering.MultiSelectList.GetListItemsWithValueField()
   at Microsoft.AspNetCore.Mvc.Rendering.MultiSelectList.GetListItems()
   at Microsoft.AspNetCore.Mvc.Rendering.MultiSelectList.GetEnumerator()
   at System.Collections.Generic.List`1..ctor(IEnumerable`1 collection)
   at System.Linq.Enumerable.ToList[TSource](IEnumerable`1 source)
   at Microsoft.AspNetCore.Mvc.ViewFeatures.DefaultHtmlGenerator.GenerateGroupsAndOptions(String optionLabel, IEnumerable`1 selectList, ICollection`1 currentValues)
   at Microsoft.AspNetCore.Mvc.ViewFeatures.DefaultHtmlGenerator.GenerateGroupsAndOptions(String optionLabel, IEnumerable`1 selectList)
   at Microsoft.AspNetCore.Mvc.TagHelpers.SelectTagHelper.Process(TagHelperContext context, TagHelperOutput output)
   at Microsoft.AspNetCore.Razor.TagHelpers.TagHelper.ProcessAsync(TagHelperContext context, TagHelperOutput output)
   at Microsoft.AspNetCore.Razor.Runtime.TagHelpers.TagHelperRunner.RunAsync(TagHelperExecutionContext executionContext)
   at KalaMarket.EndPoint.Pages.Shared.Components.SearchInSiteComponent.Pages_Shared_Components_SearchInSiteComponent_SearchInSiteComponent.<ExecuteAsync>b__14_0() in C:\WorkSpace\Asp\Projects\KalaMarket\Src\KalaMarket\KalaMarket.EndPoint\Pages\Shared\Components\SearchInSiteComponent\SearchInSiteComponent.cshtml:line 12
   at Microsoft.AspNetCore.Razor.Runtime.TagHelpers.TagHelperExecutionContext.GetChildContentAsync(Boolean useCachedResult, HtmlEncoder encoder)
   at Microsoft.AspNetCore.Mvc.TagHelpers.RenderAtEndOfFormTagHelper.ProcessAsync(TagHelperContext context, TagHelperOutput output)
   at Microsoft.AspNetCore.Razor.Runtime.TagHelpers.TagHelperRunner.<RunAsync>g__Awaited|0_0(Task task, TagHelperExecutionContext executionContext, Int32 i, Int32 count)
   at KalaMarket.EndPoint.Pages.Shared.Components.SearchInSiteComponent.Pages_Shared_Components_SearchInSiteComponent_SearchInSiteComponent.ExecuteAsync()
   at Microsoft.AspNetCore.Mvc.Razor.RazorView.RenderPageCoreAsync(IRazorPage page, ViewContext context)
   at Microsoft.AspNetCore.Mvc.Razor.RazorView.RenderPageAsync(IRazorPage page, ViewContext context, Boolean invokeViewStarts)
   at Microsoft.AspNetCore.Mvc.Razor.RazorView.RenderAsync(ViewContext context)
   at Microsoft.AspNetCore.Mvc.ViewComponents.ViewViewComponentResult.ExecuteAsync(ViewComponentContext context)
   at Microsoft.AspNetCore.Mvc.ViewComponents.DefaultViewComponentInvoker.InvokeAsync(ViewComponentContext context)
   at Microsoft.AspNetCore.Mvc.ViewComponents.DefaultViewComponentHelper.InvokeCoreAsync(ViewComponentDescriptor descriptor, Object arguments)
   at KalaMarket.EndPoint.Pages.Shared.Pages_Shared__Layout.<ExecuteAsync>b__39_1() in C:\WorkSpace\Asp\Projects\KalaMarket\Src\KalaMarket\KalaMarket.EndPoint\Pages\Shared\_Layout.cshtml:line 27
   at Microsoft.AspNetCore.Razor.Runtime.TagHelpers.TagHelperExecutionContext.SetOutputContentAsync()
   at KalaMarket.EndPoint.Pages.Shared.Pages_Shared__Layout.ExecuteAsync() in C:\WorkSpace\Asp\Projects\KalaMarket\Src\KalaMarket\KalaMarket.EndPoint\Pages\Shared\_Layout.cshtml:line 0
   at Microsoft.AspNetCore.Mvc.Razor.RazorView.RenderPageCoreAsync(IRazorPage page, ViewContext context)
   at Microsoft.AspNetCore.Mvc.Razor.RazorView.RenderPageAsync(IRazorPage page, ViewContext context, Boolean invokeViewStarts)
   at Microsoft.AspNetCore.Mvc.Razor.RazorView.RenderLayoutAsync(ViewContext context, ViewBufferTextWriter bodyWriter)
   at Microsoft.AspNetCore.Mvc.Razor.RazorView.RenderAsync(ViewContext context)
   at Microsoft.AspNetCore.Mvc.ViewFeatures.ViewExecutor.ExecuteAsync(ViewContext viewContext, String contentType, Nullable`1 statusCode)
   at Microsoft.AspNetCore.Mvc.ViewFeatures.ViewExecutor.ExecuteAsync(ViewContext viewContext, String contentType, Nullable`1 statusCode)
   at Microsoft.AspNetCore.Mvc.Infrastructure.ResourceInvoker.<InvokeResultAsync>g__Logged|22_0(ResourceInvoker invoker, IActionResult result)
   at Microsoft.AspNetCore.Mvc.Infrastructure.ResourceInvoker.<InvokeNextResultFilterAsync>g__Awaited|30_0[TFilter,TFilterAsync](ResourceInvoker invoker, Task lastTask, State next, Scope scope, Object state, Boolean isCompleted)
   at Microsoft.AspNetCore.Mvc.Infrastructure.ResourceInvoker.Rethrow(ResultExecutedContextSealed context)
   at Microsoft.AspNetCore.Mvc.Infrastructure.ResourceInvoker.ResultNext[TFilter,TFilterAsync](State& next, Scope& scope, Object& state, Boolean& isCompleted)
   at Microsoft.AspNetCore.Mvc.Infrastructure.ResourceInvoker.<InvokeResultFilters>g__Awaited|28_0(ResourceInvoker invoker, Task lastTask, State next, Scope scope, Object state, Boolean isCompleted)
   at Microsoft.AspNetCore.Mvc.Infrastructure.ResourceInvoker.<InvokeNextResourceFilter>g__Awaited|25_0(ResourceInvoker invoker, Task lastTask, State next, Scope scope, Object state, Boolean isCompleted)
   at Microsoft.AspNetCore.Mvc.Infrastructure.ResourceInvoker.Rethrow(ResourceExecutedContextSealed context)
   at Microsoft.AspNetCore.Mvc.Infrastructure.ResourceInvoker.Next(State& next, Scope& scope, Object& state, Boolean& isCompleted)
   at Microsoft.AspNetCore.Mvc.Infrastructure.ResourceInvoker.<InvokeFilterPipelineAsync>g__Awaited|20_0(ResourceInvoker invoker, Task lastTask, State next, Scope scope, Object state, Boolean isCompleted)
   at Microsoft.AspNetCore.Mvc.Infrastructure.ResourceInvoker.<InvokeAsync>g__Logged|17_1(ResourceInvoker invoker)
   at Microsoft.AspNetCore.Mvc.Infrastructure.ResourceInvoker.<InvokeAsync>g__Logged|17_1(ResourceInvoker invoker)
   at Microsoft.AspNetCore.Routing.EndpointMiddleware.<Invoke>g__AwaitRequestTask|6_0(Endpoint endpoint, Task requestTask, ILogger logger)
   at Microsoft.AspNetCore.Authorization.AuthorizationMiddleware.Invoke(HttpContext context)
   at Microsoft.AspNetCore.Authentication.AuthenticationMiddleware.Invoke(HttpContext context)
   at Microsoft.AspNetCore.Diagnostics.DeveloperExceptionPageMiddleware.Invoke(HttpContext context) |***| 2022-10-01 08:56:45.0616 |***| 1|***| Microsoft.AspNetCore.Diagnostics.DeveloperExceptionPageMiddleware|
INFO |***| Application started. Press Ctrl+C to shut down.  |***| 2022-10-01 08:58:35.5997 |***| 0|***| Microsoft.Hosting.Lifetime|
INFO |***| Hosting environment: Development  |***| 2022-10-01 08:58:35.5997 |***| 0|***| Microsoft.Hosting.Lifetime|
INFO |***| Content root path: C:\WorkSpace\Asp\Projects\KalaMarket\Src\KalaMarket\KalaMarket.EndPoint\  |***| 2022-10-01 08:58:35.5997 |***| 0|***| Microsoft.Hosting.Lifetime|
WARN |***| No store type was specified for the decimal property 'Price' on entity type 'Product'. This will cause values to be silently truncated if they do not fit in the default precision and scale. Explicitly specify the SQL server column type that can accommodate all the values in 'OnModelCreating' using 'HasColumnType', specify precision and scale using 'HasPrecision', or configure a value converter using 'HasConversion'.  |***| 2022-10-01 08:58:36.8931 |***| 30000|***| Microsoft.EntityFrameworkCore.Model.Validation|
INFO |***| Application started. Press Ctrl+C to shut down.  |***| 2022-10-01 09:04:40.1134 |***| 0|***| Microsoft.Hosting.Lifetime|
INFO |***| Hosting environment: Development  |***| 2022-10-01 09:04:40.1134 |***| 0|***| Microsoft.Hosting.Lifetime|
INFO |***| Content root path: C:\WorkSpace\Asp\Projects\KalaMarket\Src\KalaMarket\KalaMarket.EndPoint\  |***| 2022-10-01 09:04:40.1134 |***| 0|***| Microsoft.Hosting.Lifetime|
WARN |***| No store type was specified for the decimal property 'Price' on entity type 'Product'. This will cause values to be silently truncated if they do not fit in the default precision and scale. Explicitly specify the SQL server column type that can accommodate all the values in 'OnModelCreating' using 'HasColumnType', specify precision and scale using 'HasPrecision', or configure a value converter using 'HasConversion'.  |***| 2022-10-01 09:04:41.3987 |***| 30000|***| Microsoft.EntityFrameworkCore.Model.Validation|
INFO |***| Application started. Press Ctrl+C to shut down.  |***| 2022-10-01 09:20:41.7956 |***| 0|***| Microsoft.Hosting.Lifetime|
INFO |***| Hosting environment: Development  |***| 2022-10-01 09:20:41.7956 |***| 0|***| Microsoft.Hosting.Lifetime|
INFO |***| Content root path: C:\WorkSpace\Asp\Projects\KalaMarket\Src\KalaMarket\KalaMarket.EndPoint\  |***| 2022-10-01 09:20:41.7956 |***| 0|***| Microsoft.Hosting.Lifetime|
WARN |***| No store type was specified for the decimal property 'Price' on entity type 'Product'. This will cause values to be silently truncated if they do not fit in the default precision and scale. Explicitly specify the SQL server column type that can accommodate all the values in 'OnModelCreating' using 'HasColumnType', specify precision and scale using 'HasPrecision', or configure a value converter using 'HasConversion'.  |***| 2022-10-01 09:20:43.0711 |***| 30000|***| Microsoft.EntityFrameworkCore.Model.Validation|
INFO |***| Application started. Press Ctrl+C to shut down.  |***| 2022-10-01 09:33:09.5411 |***| 0|***| Microsoft.Hosting.Lifetime|
INFO |***| Hosting environment: Development  |***| 2022-10-01 09:33:09.5415 |***| 0|***| Microsoft.Hosting.Lifetime|
INFO |***| Content root path: C:\WorkSpace\Asp\Projects\KalaMarket\Src\KalaMarket\KalaMarket.EndPoint\  |***| 2022-10-01 09:33:09.5415 |***| 0|***| Microsoft.Hosting.Lifetime|
WARN |***| No store type was specified for the decimal property 'Price' on entity type 'Product'. This will cause values to be silently truncated if they do not fit in the default precision and scale. Explicitly specify the SQL server column type that can accommodate all the values in 'OnModelCreating' using 'HasColumnType', specify precision and scale using 'HasPrecision', or configure a value converter using 'HasConversion'.  |***| 2022-10-01 09:33:11.2311 |***| 30000|***| Microsoft.EntityFrameworkCore.Model.Validation|
INFO |***| Now listening on: https://localhost:7060  |***| 2022-10-01 09:35:23.8560 |***| 14|***| Microsoft.Hosting.Lifetime|
INFO |***| Now listening on: http://localhost:5060  |***| 2022-10-01 09:35:23.8560 |***| 14|***| Microsoft.Hosting.Lifetime|
INFO |***| Application started. Press Ctrl+C to shut down.  |***| 2022-10-01 09:35:23.8560 |***| 0|***| Microsoft.Hosting.Lifetime|
INFO |***| Hosting environment: Development  |***| 2022-10-01 09:35:23.8560 |***| 0|***| Microsoft.Hosting.Lifetime|
INFO |***| Content root path: C:\WorkSpace\Asp\Projects\KalaMarket\Src\KalaMarket\KalaMarket.EndPoint\  |***| 2022-10-01 09:35:23.8560 |***| 0|***| Microsoft.Hosting.Lifetime|
WARN |***| No store type was specified for the decimal property 'Price' on entity type 'Product'. This will cause values to be silently truncated if they do not fit in the default precision and scale. Explicitly specify the SQL server column type that can accommodate all the values in 'OnModelCreating' using 'HasColumnType', specify precision and scale using 'HasPrecision', or configure a value converter using 'HasConversion'.  |***| 2022-10-01 09:35:30.3334 |***| 30000|***| Microsoft.EntityFrameworkCore.Model.Validation|
INFO |***| Now listening on: https://localhost:7060  |***| 2022-10-01 09:36:51.6570 |***| 14|***| Microsoft.Hosting.Lifetime|
INFO |***| Now listening on: http://localhost:5060  |***| 2022-10-01 09:36:51.6570 |***| 14|***| Microsoft.Hosting.Lifetime|
INFO |***| Application started. Press Ctrl+C to shut down.  |***| 2022-10-01 09:36:51.6570 |***| 0|***| Microsoft.Hosting.Lifetime|
INFO |***| Hosting environment: Development  |***| 2022-10-01 09:36:51.6570 |***| 0|***| Microsoft.Hosting.Lifetime|
INFO |***| Content root path: C:\WorkSpace\Asp\Projects\KalaMarket\Src\KalaMarket\KalaMarket.EndPoint\  |***| 2022-10-01 09:36:51.6570 |***| 0|***| Microsoft.Hosting.Lifetime|
WARN |***| No store type was specified for the decimal property 'Price' on entity type 'Product'. This will cause values to be silently truncated if they do not fit in the default precision and scale. Explicitly specify the SQL server column type that can accommodate all the values in 'OnModelCreating' using 'HasColumnType', specify precision and scale using 'HasPrecision', or configure a value converter using 'HasConversion'.  |***| 2022-10-01 09:36:56.6727 |***| 30000|***| Microsoft.EntityFrameworkCore.Model.Validation|
INFO |***| Now listening on: https://localhost:7060  |***| 2022-10-01 09:38:32.1470 |***| 14|***| Microsoft.Hosting.Lifetime|
INFO |***| Now listening on: http://localhost:5060  |***| 2022-10-01 09:38:32.1470 |***| 14|***| Microsoft.Hosting.Lifetime|
INFO |***| Application started. Press Ctrl+C to shut down.  |***| 2022-10-01 09:38:32.1470 |***| 0|***| Microsoft.Hosting.Lifetime|
INFO |***| Hosting environment: Development  |***| 2022-10-01 09:38:32.1470 |***| 0|***| Microsoft.Hosting.Lifetime|
INFO |***| Content root path: C:\WorkSpace\Asp\Projects\KalaMarket\Src\KalaMarket\KalaMarket.EndPoint\  |***| 2022-10-01 09:38:32.1470 |***| 0|***| Microsoft.Hosting.Lifetime|
WARN |***| No store type was specified for the decimal property 'Price' on entity type 'Product'. This will cause values to be silently truncated if they do not fit in the default precision and scale. Explicitly specify the SQL server column type that can accommodate all the values in 'OnModelCreating' using 'HasColumnType', specify precision and scale using 'HasPrecision', or configure a value converter using 'HasConversion'.  |***| 2022-10-01 09:38:38.4329 |***| 30000|***| Microsoft.EntityFrameworkCore.Model.Validation|
WARN |***| The query uses a row limiting operator ('Skip'/'Take') without an 'OrderBy' operator. This may lead to unpredictable results. If the 'Distinct' operator is used after 'OrderBy', then make sure to use the 'OrderBy' operator after 'Distinct' as the ordering would otherwise get erased.  |***| 2022-10-01 09:48:06.0733 |***| 10102|***| Microsoft.EntityFrameworkCore.Query|
WARN |***| The query uses a row limiting operator ('Skip'/'Take') without an 'OrderBy' operator. This may lead to unpredictable results. If the 'Distinct' operator is used after 'OrderBy', then make sure to use the 'OrderBy' operator after 'Distinct' as the ordering would otherwise get erased.  |***| 2022-10-01 09:48:06.0733 |***| 10102|***| Microsoft.EntityFrameworkCore.Query|
INFO |***| Now listening on: https://localhost:7060  |***| 2022-10-01 10:10:57.2095 |***| 14|***| Microsoft.Hosting.Lifetime|
INFO |***| Now listening on: http://localhost:5060  |***| 2022-10-01 10:10:57.2095 |***| 14|***| Microsoft.Hosting.Lifetime|
INFO |***| Application started. Press Ctrl+C to shut down.  |***| 2022-10-01 10:10:57.2095 |***| 0|***| Microsoft.Hosting.Lifetime|
INFO |***| Hosting environment: Development  |***| 2022-10-01 10:10:57.2095 |***| 0|***| Microsoft.Hosting.Lifetime|
INFO |***| Content root path: C:\WorkSpace\Asp\Projects\KalaMarket\Src\KalaMarket\KalaMarket.EndPoint\  |***| 2022-10-01 10:10:57.2095 |***| 0|***| Microsoft.Hosting.Lifetime|
WARN |***| No store type was specified for the decimal property 'Price' on entity type 'Product'. This will cause values to be silently truncated if they do not fit in the default precision and scale. Explicitly specify the SQL server column type that can accommodate all the values in 'OnModelCreating' using 'HasColumnType', specify precision and scale using 'HasPrecision', or configure a value converter using 'HasConversion'.  |***| 2022-10-01 10:11:02.5326 |***| 30000|***| Microsoft.EntityFrameworkCore.Model.Validation|
WARN |***| The query uses a row limiting operator ('Skip'/'Take') without an 'OrderBy' operator. This may lead to unpredictable results. If the 'Distinct' operator is used after 'OrderBy', then make sure to use the 'OrderBy' operator after 'Distinct' as the ordering would otherwise get erased.  |***| 2022-10-01 10:12:11.5525 |***| 10102|***| Microsoft.EntityFrameworkCore.Query|
WARN |***| The query uses a row limiting operator ('Skip'/'Take') without an 'OrderBy' operator. This may lead to unpredictable results. If the 'Distinct' operator is used after 'OrderBy', then make sure to use the 'OrderBy' operator after 'Distinct' as the ordering would otherwise get erased.  |***| 2022-10-01 10:12:11.5525 |***| 10102|***| Microsoft.EntityFrameworkCore.Query|
INFO |***| Now listening on: https://localhost:7060  |***| 2022-10-01 10:13:15.4382 |***| 14|***| Microsoft.Hosting.Lifetime|
INFO |***| Now listening on: http://localhost:5060  |***| 2022-10-01 10:13:15.4382 |***| 14|***| Microsoft.Hosting.Lifetime|
INFO |***| Application started. Press Ctrl+C to shut down.  |***| 2022-10-01 10:13:15.4382 |***| 0|***| Microsoft.Hosting.Lifetime|
INFO |***| Hosting environment: Development  |***| 2022-10-01 10:13:15.4382 |***| 0|***| Microsoft.Hosting.Lifetime|
INFO |***| Content root path: C:\WorkSpace\Asp\Projects\KalaMarket\Src\KalaMarket\KalaMarket.EndPoint\  |***| 2022-10-01 10:13:15.4382 |***| 0|***| Microsoft.Hosting.Lifetime|
WARN |***| No store type was specified for the decimal property 'Price' on entity type 'Product'. This will cause values to be silently truncated if they do not fit in the default precision and scale. Explicitly specify the SQL server column type that can accommodate all the values in 'OnModelCreating' using 'HasColumnType', specify precision and scale using 'HasPrecision', or configure a value converter using 'HasConversion'.  |***| 2022-10-01 10:13:20.1021 |***| 30000|***| Microsoft.EntityFrameworkCore.Model.Validation|
INFO |***| Now listening on: https://localhost:7060  |***| 2022-10-01 10:54:13.2131 |***| 14|***| Microsoft.Hosting.Lifetime|
INFO |***| Now listening on: http://localhost:5060  |***| 2022-10-01 10:54:13.2131 |***| 14|***| Microsoft.Hosting.Lifetime|
INFO |***| Application started. Press Ctrl+C to shut down.  |***| 2022-10-01 10:54:13.2131 |***| 0|***| Microsoft.Hosting.Lifetime|
INFO |***| Hosting environment: Development  |***| 2022-10-01 10:54:13.2131 |***| 0|***| Microsoft.Hosting.Lifetime|
INFO |***| Content root path: C:\WorkSpace\Asp\Projects\KalaMarket\Src\KalaMarket\KalaMarket.EndPoint\  |***| 2022-10-01 10:54:13.2131 |***| 0|***| Microsoft.Hosting.Lifetime|
WARN |***| No store type was specified for the decimal property 'Price' on entity type 'Product'. This will cause values to be silently truncated if they do not fit in the default precision and scale. Explicitly specify the SQL server column type that can accommodate all the values in 'OnModelCreating' using 'HasColumnType', specify precision and scale using 'HasPrecision', or configure a value converter using 'HasConversion'.  |***| 2022-10-01 10:54:17.0943 |***| 30000|***| Microsoft.EntityFrameworkCore.Model.Validation|
INFO |***| Now listening on: https://localhost:7060  |***| 2022-10-01 10:57:05.9143 |***| 14|***| Microsoft.Hosting.Lifetime|
INFO |***| Now listening on: http://localhost:5060  |***| 2022-10-01 10:57:05.9143 |***| 14|***| Microsoft.Hosting.Lifetime|
INFO |***| Application started. Press Ctrl+C to shut down.  |***| 2022-10-01 10:57:05.9192 |***| 0|***| Microsoft.Hosting.Lifetime|
INFO |***| Hosting environment: Development  |***| 2022-10-01 10:57:05.9192 |***| 0|***| Microsoft.Hosting.Lifetime|
INFO |***| Content root path: C:\WorkSpace\Asp\Projects\KalaMarket\Src\KalaMarket\KalaMarket.EndPoint\  |***| 2022-10-01 10:57:05.9192 |***| 0|***| Microsoft.Hosting.Lifetime|
WARN |***| No store type was specified for the decimal property 'Price' on entity type 'Product'. This will cause values to be silently truncated if they do not fit in the default precision and scale. Explicitly specify the SQL server column type that can accommodate all the values in 'OnModelCreating' using 'HasColumnType', specify precision and scale using 'HasPrecision', or configure a value converter using 'HasConversion'.  |***| 2022-10-01 10:57:10.0630 |***| 30000|***| Microsoft.EntityFrameworkCore.Model.Validation|
ERROR |***| An unhandled exception has occurred while executing the request. System.InvalidOperationException: The partial view 'Shared/_ValidationScriptsPartial' was not found. The following locations were searched:
/Areas/Account/Pages/Shared/_ValidationScriptsPartial.cshtml
/Areas/Account/Pages/Shared/Shared/_ValidationScriptsPartial.cshtml
/Areas/Account/Views/Shared/Shared/_ValidationScriptsPartial.cshtml
/Pages/Shared/Shared/_ValidationScriptsPartial.cshtml
/Views/Shared/Shared/_ValidationScriptsPartial.cshtml
   at Microsoft.AspNetCore.Mvc.TagHelpers.PartialTagHelper.ProcessAsync(TagHelperContext context, TagHelperOutput output)
   at Microsoft.AspNetCore.Razor.Runtime.TagHelpers.TagHelperRunner.<RunAsync>g__Awaited|0_0(Task task, TagHelperExecutionContext executionContext, Int32 i, Int32 count)
   at KalaMarket.EndPoint.Areas.Account.Pages.Areas_Account_Pages_Login.<ExecuteAsync>b__29_1() in C:\WorkSpace\Asp\Projects\KalaMarket\Src\KalaMarket\KalaMarket.EndPoint\Areas\Account\Pages\Login.cshtml:line 42
   at Microsoft.AspNetCore.Razor.Runtime.TagHelpers.TagHelperExecutionContext.SetOutputContentAsync()
   at KalaMarket.EndPoint.Areas.Account.Pages.Areas_Account_Pages_Login.ExecuteAsync() in C:\WorkSpace\Asp\Projects\KalaMarket\Src\KalaMarket\KalaMarket.EndPoint\Areas\Account\Pages\Login.cshtml:line 8
   at Microsoft.AspNetCore.Mvc.Razor.RazorView.RenderPageCoreAsync(IRazorPage page, ViewContext context)
   at Microsoft.AspNetCore.Mvc.Razor.RazorView.RenderPageAsync(IRazorPage page, ViewContext context, Boolean invokeViewStarts)
   at Microsoft.AspNetCore.Mvc.Razor.RazorView.RenderAsync(ViewContext context)
   at Microsoft.AspNetCore.Mvc.ViewFeatures.ViewExecutor.ExecuteAsync(ViewContext viewContext, String contentType, Nullable`1 statusCode)
   at Microsoft.AspNetCore.Mvc.ViewFeatures.ViewExecutor.ExecuteAsync(ViewContext viewContext, String contentType, Nullable`1 statusCode)
   at Microsoft.AspNetCore.Mvc.Infrastructure.ResourceInvoker.<InvokeResultAsync>g__Logged|22_0(ResourceInvoker invoker, IActionResult result)
   at Microsoft.AspNetCore.Mvc.Infrastructure.ResourceInvoker.<InvokeNextResultFilterAsync>g__Awaited|30_0[TFilter,TFilterAsync](ResourceInvoker invoker, Task lastTask, State next, Scope scope, Object state, Boolean isCompleted)
   at Microsoft.AspNetCore.Mvc.Infrastructure.ResourceInvoker.Rethrow(ResultExecutedContextSealed context)
   at Microsoft.AspNetCore.Mvc.Infrastructure.ResourceInvoker.ResultNext[TFilter,TFilterAsync](State& next, Scope& scope, Object& state, Boolean& isCompleted)
   at Microsoft.AspNetCore.Mvc.Infrastructure.ResourceInvoker.InvokeResultFilters()
--- End of stack trace from previous location ---
   at Microsoft.AspNetCore.Mvc.Infrastructure.ResourceInvoker.<InvokeNextResourceFilter>g__Awaited|25_0(ResourceInvoker invoker, Task lastTask, State next, Scope scope, Object state, Boolean isCompleted)
   at Microsoft.AspNetCore.Mvc.Infrastructure.ResourceInvoker.Rethrow(ResourceExecutedContextSealed context)
   at Microsoft.AspNetCore.Mvc.Infrastructure.ResourceInvoker.Next(State& next, Scope& scope, Object& state, Boolean& isCompleted)
   at Microsoft.AspNetCore.Mvc.Infrastructure.ResourceInvoker.InvokeFilterPipelineAsync()
--- End of stack trace from previous location ---
   at Microsoft.AspNetCore.Mvc.Infrastructure.ResourceInvoker.<InvokeAsync>g__Logged|17_1(ResourceInvoker invoker)
   at Microsoft.AspNetCore.Mvc.Infrastructure.ResourceInvoker.<InvokeAsync>g__Logged|17_1(ResourceInvoker invoker)
   at Microsoft.AspNetCore.Routing.EndpointMiddleware.<Invoke>g__AwaitRequestTask|6_0(Endpoint endpoint, Task requestTask, ILogger logger)
   at Microsoft.AspNetCore.Authorization.AuthorizationMiddleware.Invoke(HttpContext context)
   at Microsoft.AspNetCore.Authentication.AuthenticationMiddleware.Invoke(HttpContext context)
   at Microsoft.AspNetCore.Diagnostics.DeveloperExceptionPageMiddleware.Invoke(HttpContext context) |***| 2022-10-01 10:57:36.6685 |***| 1|***| Microsoft.AspNetCore.Diagnostics.DeveloperExceptionPageMiddleware|
INFO |***| Now listening on: https://localhost:7060  |***| 2022-10-01 11:02:31.4988 |***| 14|***| Microsoft.Hosting.Lifetime|
INFO |***| Now listening on: http://localhost:5060  |***| 2022-10-01 11:02:31.4988 |***| 14|***| Microsoft.Hosting.Lifetime|
INFO |***| Application started. Press Ctrl+C to shut down.  |***| 2022-10-01 11:02:31.4988 |***| 0|***| Microsoft.Hosting.Lifetime|
INFO |***| Hosting environment: Development  |***| 2022-10-01 11:02:31.4988 |***| 0|***| Microsoft.Hosting.Lifetime|
INFO |***| Content root path: C:\WorkSpace\Asp\Projects\KalaMarket\Src\KalaMarket\KalaMarket.EndPoint\  |***| 2022-10-01 11:02:31.4988 |***| 0|***| Microsoft.Hosting.Lifetime|
WARN |***| No store type was specified for the decimal property 'Price' on entity type 'Product'. This will cause values to be silently truncated if they do not fit in the default precision and scale. Explicitly specify the SQL server column type that can accommodate all the values in 'OnModelCreating' using 'HasColumnType', specify precision and scale using 'HasPrecision', or configure a value converter using 'HasConversion'.  |***| 2022-10-01 11:02:35.3215 |***| 30000|***| Microsoft.EntityFrameworkCore.Model.Validation|
INFO |***| Now listening on: https://localhost:7060  |***| 2022-10-01 12:40:53.0755 |***| 14|***| Microsoft.Hosting.Lifetime|
INFO |***| Now listening on: http://localhost:5060  |***| 2022-10-01 12:40:53.0755 |***| 14|***| Microsoft.Hosting.Lifetime|
INFO |***| Application started. Press Ctrl+C to shut down.  |***| 2022-10-01 12:40:53.0755 |***| 0|***| Microsoft.Hosting.Lifetime|
INFO |***| Hosting environment: Development  |***| 2022-10-01 12:40:53.0755 |***| 0|***| Microsoft.Hosting.Lifetime|
INFO |***| Content root path: C:\WorkSpace\Asp\Projects\KalaMarket\Src\KalaMarket\KalaMarket.EndPoint\  |***| 2022-10-01 12:40:53.0755 |***| 0|***| Microsoft.Hosting.Lifetime|
WARN |***| No store type was specified for the decimal property 'Price' on entity type 'Product'. This will cause values to be silently truncated if they do not fit in the default precision and scale. Explicitly specify the SQL server column type that can accommodate all the values in 'OnModelCreating' using 'HasColumnType', specify precision and scale using 'HasPrecision', or configure a value converter using 'HasConversion'.  |***| 2022-10-01 12:40:56.6206 |***| 30000|***| Microsoft.EntityFrameworkCore.Model.Validation|
WARN |***| The query uses a row limiting operator ('Skip'/'Take') without an 'OrderBy' operator. This may lead to unpredictable results. If the 'Distinct' operator is used after 'OrderBy', then make sure to use the 'OrderBy' operator after 'Distinct' as the ordering would otherwise get erased.  |***| 2022-10-01 12:43:10.0019 |***| 10102|***| Microsoft.EntityFrameworkCore.Query|
WARN |***| The query uses a row limiting operator ('Skip'/'Take') without an 'OrderBy' operator. This may lead to unpredictable results. If the 'Distinct' operator is used after 'OrderBy', then make sure to use the 'OrderBy' operator after 'Distinct' as the ordering would otherwise get erased.  |***| 2022-10-01 12:43:10.0019 |***| 10102|***| Microsoft.EntityFrameworkCore.Query|
INFO |***| Now listening on: https://localhost:7060  |***| 2022-10-01 12:45:09.2931 |***| 14|***| Microsoft.Hosting.Lifetime|
INFO |***| Now listening on: http://localhost:5060  |***| 2022-10-01 12:45:09.2931 |***| 14|***| Microsoft.Hosting.Lifetime|
INFO |***| Application started. Press Ctrl+C to shut down.  |***| 2022-10-01 12:45:09.2931 |***| 0|***| Microsoft.Hosting.Lifetime|
INFO |***| Hosting environment: Development  |***| 2022-10-01 12:45:09.2931 |***| 0|***| Microsoft.Hosting.Lifetime|
INFO |***| Content root path: C:\WorkSpace\Asp\Projects\KalaMarket\Src\KalaMarket\KalaMarket.EndPoint\  |***| 2022-10-01 12:45:09.2931 |***| 0|***| Microsoft.Hosting.Lifetime|
WARN |***| No store type was specified for the decimal property 'Price' on entity type 'Product'. This will cause values to be silently truncated if they do not fit in the default precision and scale. Explicitly specify the SQL server column type that can accommodate all the values in 'OnModelCreating' using 'HasColumnType', specify precision and scale using 'HasPrecision', or configure a value converter using 'HasConversion'.  |***| 2022-10-01 12:45:14.1201 |***| 30000|***| Microsoft.EntityFrameworkCore.Model.Validation|
INFO |***| Now listening on: https://localhost:7060  |***| 2022-10-01 12:46:09.9468 |***| 14|***| Microsoft.Hosting.Lifetime|
INFO |***| Now listening on: http://localhost:5060  |***| 2022-10-01 12:46:09.9468 |***| 14|***| Microsoft.Hosting.Lifetime|
INFO |***| Application started. Press Ctrl+C to shut down.  |***| 2022-10-01 12:46:09.9543 |***| 0|***| Microsoft.Hosting.Lifetime|
INFO |***| Hosting environment: Development  |***| 2022-10-01 12:46:09.9543 |***| 0|***| Microsoft.Hosting.Lifetime|
INFO |***| Content root path: C:\WorkSpace\Asp\Projects\KalaMarket\Src\KalaMarket\KalaMarket.EndPoint\  |***| 2022-10-01 12:46:09.9543 |***| 0|***| Microsoft.Hosting.Lifetime|
WARN |***| No store type was specified for the decimal property 'Price' on entity type 'Product'. This will cause values to be silently truncated if they do not fit in the default precision and scale. Explicitly specify the SQL server column type that can accommodate all the values in 'OnModelCreating' using 'HasColumnType', specify precision and scale using 'HasPrecision', or configure a value converter using 'HasConversion'.  |***| 2022-10-01 12:46:12.8022 |***| 30000|***| Microsoft.EntityFrameworkCore.Model.Validation|
WARN |***| The query uses a row limiting operator ('Skip'/'Take') without an 'OrderBy' operator. This may lead to unpredictable results. If the 'Distinct' operator is used after 'OrderBy', then make sure to use the 'OrderBy' operator after 'Distinct' as the ordering would otherwise get erased.  |***| 2022-10-01 12:47:51.7788 |***| 10102|***| Microsoft.EntityFrameworkCore.Query|
WARN |***| The query uses a row limiting operator ('Skip'/'Take') without an 'OrderBy' operator. This may lead to unpredictable results. If the 'Distinct' operator is used after 'OrderBy', then make sure to use the 'OrderBy' operator after 'Distinct' as the ordering would otherwise get erased.  |***| 2022-10-01 12:47:51.7788 |***| 10102|***| Microsoft.EntityFrameworkCore.Query|
WARN |***| The query uses a row limiting operator ('Skip'/'Take') without an 'OrderBy' operator. This may lead to unpredictable results. If the 'Distinct' operator is used after 'OrderBy', then make sure to use the 'OrderBy' operator after 'Distinct' as the ordering would otherwise get erased.  |***| 2022-10-01 12:48:00.6676 |***| 10102|***| Microsoft.EntityFrameworkCore.Query|
WARN |***| The query uses a row limiting operator ('Skip'/'Take') without an 'OrderBy' operator. This may lead to unpredictable results. If the 'Distinct' operator is used after 'OrderBy', then make sure to use the 'OrderBy' operator after 'Distinct' as the ordering would otherwise get erased.  |***| 2022-10-01 12:48:00.6676 |***| 10102|***| Microsoft.EntityFrameworkCore.Query|
INFO |***| Now listening on: https://localhost:7060  |***| 2022-10-01 12:48:19.1209 |***| 14|***| Microsoft.Hosting.Lifetime|
INFO |***| Now listening on: http://localhost:5060  |***| 2022-10-01 12:48:19.1209 |***| 14|***| Microsoft.Hosting.Lifetime|
INFO |***| Application started. Press Ctrl+C to shut down.  |***| 2022-10-01 12:48:19.1209 |***| 0|***| Microsoft.Hosting.Lifetime|
INFO |***| Hosting environment: Development  |***| 2022-10-01 12:48:19.1209 |***| 0|***| Microsoft.Hosting.Lifetime|
INFO |***| Content root path: C:\WorkSpace\Asp\Projects\KalaMarket\Src\KalaMarket\KalaMarket.EndPoint\  |***| 2022-10-01 12:48:19.1209 |***| 0|***| Microsoft.Hosting.Lifetime|
WARN |***| No store type was specified for the decimal property 'Price' on entity type 'Product'. This will cause values to be silently truncated if they do not fit in the default precision and scale. Explicitly specify the SQL server column type that can accommodate all the values in 'OnModelCreating' using 'HasColumnType', specify precision and scale using 'HasPrecision', or configure a value converter using 'HasConversion'.  |***| 2022-10-01 12:48:23.9609 |***| 30000|***| Microsoft.EntityFrameworkCore.Model.Validation|
WARN |***| The query uses a row limiting operator ('Skip'/'Take') without an 'OrderBy' operator. This may lead to unpredictable results. If the 'Distinct' operator is used after 'OrderBy', then make sure to use the 'OrderBy' operator after 'Distinct' as the ordering would otherwise get erased.  |***| 2022-10-01 12:48:28.3588 |***| 10102|***| Microsoft.EntityFrameworkCore.Query|
WARN |***| The query uses a row limiting operator ('Skip'/'Take') without an 'OrderBy' operator. This may lead to unpredictable results. If the 'Distinct' operator is used after 'OrderBy', then make sure to use the 'OrderBy' operator after 'Distinct' as the ordering would otherwise get erased.  |***| 2022-10-01 12:48:28.3588 |***| 10102|***| Microsoft.EntityFrameworkCore.Query|
INFO |***| Now listening on: https://localhost:7060  |***| 2022-10-01 12:51:36.3294 |***| 14|***| Microsoft.Hosting.Lifetime|
INFO |***| Now listening on: http://localhost:5060  |***| 2022-10-01 12:51:36.3294 |***| 14|***| Microsoft.Hosting.Lifetime|
INFO |***| Application started. Press Ctrl+C to shut down.  |***| 2022-10-01 12:51:36.3294 |***| 0|***| Microsoft.Hosting.Lifetime|
INFO |***| Hosting environment: Development  |***| 2022-10-01 12:51:36.3294 |***| 0|***| Microsoft.Hosting.Lifetime|
INFO |***| Content root path: C:\WorkSpace\Asp\Projects\KalaMarket\Src\KalaMarket\KalaMarket.EndPoint\  |***| 2022-10-01 12:51:36.3294 |***| 0|***| Microsoft.Hosting.Lifetime|
INFO |***| Now listening on: https://localhost:7060  |***| 2022-10-01 12:52:17.0505 |***| 14|***| Microsoft.Hosting.Lifetime|
INFO |***| Now listening on: http://localhost:5060  |***| 2022-10-01 12:52:17.0505 |***| 14|***| Microsoft.Hosting.Lifetime|
INFO |***| Application started. Press Ctrl+C to shut down.  |***| 2022-10-01 12:52:17.0505 |***| 0|***| Microsoft.Hosting.Lifetime|
INFO |***| Hosting environment: Development  |***| 2022-10-01 12:52:17.0505 |***| 0|***| Microsoft.Hosting.Lifetime|
INFO |***| Content root path: C:\WorkSpace\Asp\Projects\KalaMarket\Src\KalaMarket\KalaMarket.EndPoint\  |***| 2022-10-01 12:52:17.0505 |***| 0|***| Microsoft.Hosting.Lifetime|
WARN |***| No store type was specified for the decimal property 'Price' on entity type 'Product'. This will cause values to be silently truncated if they do not fit in the default precision and scale. Explicitly specify the SQL server column type that can accommodate all the values in 'OnModelCreating' using 'HasColumnType', specify precision and scale using 'HasPrecision', or configure a value converter using 'HasConversion'.  |***| 2022-10-01 12:52:19.8929 |***| 30000|***| Microsoft.EntityFrameworkCore.Model.Validation|
WARN |***| The query uses a row limiting operator ('Skip'/'Take') without an 'OrderBy' operator. This may lead to unpredictable results. If the 'Distinct' operator is used after 'OrderBy', then make sure to use the 'OrderBy' operator after 'Distinct' as the ordering would otherwise get erased.  |***| 2022-10-01 12:52:25.8699 |***| 10102|***| Microsoft.EntityFrameworkCore.Query|
WARN |***| The query uses a row limiting operator ('Skip'/'Take') without an 'OrderBy' operator. This may lead to unpredictable results. If the 'Distinct' operator is used after 'OrderBy', then make sure to use the 'OrderBy' operator after 'Distinct' as the ordering would otherwise get erased.  |***| 2022-10-01 12:52:25.8699 |***| 10102|***| Microsoft.EntityFrameworkCore.Query|
INFO |***| Now listening on: https://localhost:7060  |***| 2022-10-01 12:58:16.8289 |***| 14|***| Microsoft.Hosting.Lifetime|
INFO |***| Now listening on: http://localhost:5060  |***| 2022-10-01 12:58:16.8289 |***| 14|***| Microsoft.Hosting.Lifetime|
INFO |***| Application started. Press Ctrl+C to shut down.  |***| 2022-10-01 12:58:16.8289 |***| 0|***| Microsoft.Hosting.Lifetime|
INFO |***| Hosting environment: Development  |***| 2022-10-01 12:58:16.8289 |***| 0|***| Microsoft.Hosting.Lifetime|
INFO |***| Content root path: C:\WorkSpace\Asp\Projects\KalaMarket\Src\KalaMarket\KalaMarket.EndPoint\  |***| 2022-10-01 12:58:16.8289 |***| 0|***| Microsoft.Hosting.Lifetime|
WARN |***| No store type was specified for the decimal property 'Price' on entity type 'Product'. This will cause values to be silently truncated if they do not fit in the default precision and scale. Explicitly specify the SQL server column type that can accommodate all the values in 'OnModelCreating' using 'HasColumnType', specify precision and scale using 'HasPrecision', or configure a value converter using 'HasConversion'.  |***| 2022-10-01 12:58:19.6252 |***| 30000|***| Microsoft.EntityFrameworkCore.Model.Validation|
WARN |***| The query uses a row limiting operator ('Skip'/'Take') without an 'OrderBy' operator. This may lead to unpredictable results. If the 'Distinct' operator is used after 'OrderBy', then make sure to use the 'OrderBy' operator after 'Distinct' as the ordering would otherwise get erased.  |***| 2022-10-01 12:58:28.8180 |***| 10102|***| Microsoft.EntityFrameworkCore.Query|
WARN |***| The query uses a row limiting operator ('Skip'/'Take') without an 'OrderBy' operator. This may lead to unpredictable results. If the 'Distinct' operator is used after 'OrderBy', then make sure to use the 'OrderBy' operator after 'Distinct' as the ordering would otherwise get erased.  |***| 2022-10-01 12:58:28.8180 |***| 10102|***| Microsoft.EntityFrameworkCore.Query|
INFO |***| Now listening on: https://localhost:7060  |***| 2022-10-01 13:01:24.6732 |***| 14|***| Microsoft.Hosting.Lifetime|
INFO |***| Now listening on: http://localhost:5060  |***| 2022-10-01 13:01:24.6732 |***| 14|***| Microsoft.Hosting.Lifetime|
INFO |***| Application started. Press Ctrl+C to shut down.  |***| 2022-10-01 13:01:24.6732 |***| 0|***| Microsoft.Hosting.Lifetime|
INFO |***| Hosting environment: Development  |***| 2022-10-01 13:01:24.6732 |***| 0|***| Microsoft.Hosting.Lifetime|
INFO |***| Content root path: C:\WorkSpace\Asp\Projects\KalaMarket\Src\KalaMarket\KalaMarket.EndPoint\  |***| 2022-10-01 13:01:24.6732 |***| 0|***| Microsoft.Hosting.Lifetime|
WARN |***| No store type was specified for the decimal property 'Price' on entity type 'Product'. This will cause values to be silently truncated if they do not fit in the default precision and scale. Explicitly specify the SQL server column type that can accommodate all the values in 'OnModelCreating' using 'HasColumnType', specify precision and scale using 'HasPrecision', or configure a value converter using 'HasConversion'.  |***| 2022-10-01 13:01:27.4633 |***| 30000|***| Microsoft.EntityFrameworkCore.Model.Validation|
WARN |***| The query uses a row limiting operator ('Skip'/'Take') without an 'OrderBy' operator. This may lead to unpredictable results. If the 'Distinct' operator is used after 'OrderBy', then make sure to use the 'OrderBy' operator after 'Distinct' as the ordering would otherwise get erased.  |***| 2022-10-01 13:01:31.7896 |***| 10102|***| Microsoft.EntityFrameworkCore.Query|
WARN |***| The query uses a row limiting operator ('Skip'/'Take') without an 'OrderBy' operator. This may lead to unpredictable results. If the 'Distinct' operator is used after 'OrderBy', then make sure to use the 'OrderBy' operator after 'Distinct' as the ordering would otherwise get erased.  |***| 2022-10-01 13:01:31.7896 |***| 10102|***| Microsoft.EntityFrameworkCore.Query|
WARN |***| The query uses a row limiting operator ('Skip'/'Take') without an 'OrderBy' operator. This may lead to unpredictable results. If the 'Distinct' operator is used after 'OrderBy', then make sure to use the 'OrderBy' operator after 'Distinct' as the ordering would otherwise get erased.  |***| 2022-10-01 13:02:20.2317 |***| 10102|***| Microsoft.EntityFrameworkCore.Query|
WARN |***| The query uses a row limiting operator ('Skip'/'Take') without an 'OrderBy' operator. This may lead to unpredictable results. If the 'Distinct' operator is used after 'OrderBy', then make sure to use the 'OrderBy' operator after 'Distinct' as the ordering would otherwise get erased.  |***| 2022-10-01 13:02:20.2317 |***| 10102|***| Microsoft.EntityFrameworkCore.Query|
INFO |***| Now listening on: https://localhost:7060  |***| 2022-10-01 13:15:41.5497 |***| 14|***| Microsoft.Hosting.Lifetime|
INFO |***| Now listening on: http://localhost:5060  |***| 2022-10-01 13:15:41.5497 |***| 14|***| Microsoft.Hosting.Lifetime|
INFO |***| Application started. Press Ctrl+C to shut down.  |***| 2022-10-01 13:15:41.5497 |***| 0|***| Microsoft.Hosting.Lifetime|
INFO |***| Hosting environment: Development  |***| 2022-10-01 13:15:41.5497 |***| 0|***| Microsoft.Hosting.Lifetime|
INFO |***| Content root path: C:\WorkSpace\Asp\Projects\KalaMarket\Src\KalaMarket\KalaMarket.EndPoint\  |***| 2022-10-01 13:15:41.5497 |***| 0|***| Microsoft.Hosting.Lifetime|
WARN |***| No store type was specified for the decimal property 'Price' on entity type 'Product'. This will cause values to be silently truncated if they do not fit in the default precision and scale. Explicitly specify the SQL server column type that can accommodate all the values in 'OnModelCreating' using 'HasColumnType', specify precision and scale using 'HasPrecision', or configure a value converter using 'HasConversion'.  |***| 2022-10-01 13:15:46.1899 |***| 30000|***| Microsoft.EntityFrameworkCore.Model.Validation|
INFO |***| Now listening on: https://localhost:7060  |***| 2022-10-01 13:20:34.3247 |***| 14|***| Microsoft.Hosting.Lifetime|
INFO |***| Now listening on: http://localhost:5060  |***| 2022-10-01 13:20:34.3247 |***| 14|***| Microsoft.Hosting.Lifetime|
INFO |***| Application started. Press Ctrl+C to shut down.  |***| 2022-10-01 13:20:34.3247 |***| 0|***| Microsoft.Hosting.Lifetime|
INFO |***| Hosting environment: Development  |***| 2022-10-01 13:20:34.3247 |***| 0|***| Microsoft.Hosting.Lifetime|
INFO |***| Content root path: C:\WorkSpace\Asp\Projects\KalaMarket\Src\KalaMarket\KalaMarket.EndPoint\  |***| 2022-10-01 13:20:34.3247 |***| 0|***| Microsoft.Hosting.Lifetime|
WARN |***| No store type was specified for the decimal property 'Price' on entity type 'Product'. This will cause values to be silently truncated if they do not fit in the default precision and scale. Explicitly specify the SQL server column type that can accommodate all the values in 'OnModelCreating' using 'HasColumnType', specify precision and scale using 'HasPrecision', or configure a value converter using 'HasConversion'.  |***| 2022-10-01 13:20:38.8393 |***| 30000|***| Microsoft.EntityFrameworkCore.Model.Validation|
