INFO |***| Now listening on: https://localhost:7060  |***| 2022-10-05 04:48:59.8902 |***| 14|***| Microsoft.Hosting.Lifetime|
INFO |***| Now listening on: http://localhost:5060  |***| 2022-10-05 04:48:59.8902 |***| 14|***| Microsoft.Hosting.Lifetime|
INFO |***| Application started. Press Ctrl+C to shut down.  |***| 2022-10-05 04:48:59.8902 |***| 0|***| Microsoft.Hosting.Lifetime|
INFO |***| Hosting environment: Development  |***| 2022-10-05 04:48:59.8902 |***| 0|***| Microsoft.Hosting.Lifetime|
INFO |***| Content root path: C:\WorkSpace\Asp\Projects\KalaMarket\Src\KalaMarket\KalaMarket.EndPoint\  |***| 2022-10-05 04:48:59.8902 |***| 0|***| Microsoft.Hosting.Lifetime|
WARN |***| No store type was specified for the decimal property 'Price' on entity type 'Product'. This will cause values to be silently truncated if they do not fit in the default precision and scale. Explicitly specify the SQL server column type that can accommodate all the values in 'OnModelCreating' using 'HasColumnType', specify precision and scale using 'HasPrecision', or configure a value converter using 'HasConversion'.  |***| 2022-10-05 04:49:14.2541 |***| 30000|***| Microsoft.EntityFrameworkCore.Model.Validation|
INFO |***| Now listening on: https://localhost:7060  |***| 2022-10-05 05:00:52.3159 |***| 14|***| Microsoft.Hosting.Lifetime|
INFO |***| Now listening on: http://localhost:5060  |***| 2022-10-05 05:00:52.3159 |***| 14|***| Microsoft.Hosting.Lifetime|
INFO |***| Application started. Press Ctrl+C to shut down.  |***| 2022-10-05 05:00:52.3159 |***| 0|***| Microsoft.Hosting.Lifetime|
INFO |***| Hosting environment: Development  |***| 2022-10-05 05:00:52.3159 |***| 0|***| Microsoft.Hosting.Lifetime|
INFO |***| Content root path: C:\WorkSpace\Asp\Projects\KalaMarket\Src\KalaMarket\KalaMarket.EndPoint\  |***| 2022-10-05 05:00:52.3159 |***| 0|***| Microsoft.Hosting.Lifetime|
WARN |***| No store type was specified for the decimal property 'Price' on entity type 'Product'. This will cause values to be silently truncated if they do not fit in the default precision and scale. Explicitly specify the SQL server column type that can accommodate all the values in 'OnModelCreating' using 'HasColumnType', specify precision and scale using 'HasPrecision', or configure a value converter using 'HasConversion'.  |***| 2022-10-05 05:00:56.3432 |***| 30000|***| Microsoft.EntityFrameworkCore.Model.Validation|
INFO |***| Now listening on: https://localhost:7060  |***| 2022-10-05 05:03:27.9217 |***| 14|***| Microsoft.Hosting.Lifetime|
INFO |***| Now listening on: http://localhost:5060  |***| 2022-10-05 05:03:27.9217 |***| 14|***| Microsoft.Hosting.Lifetime|
INFO |***| Application started. Press Ctrl+C to shut down.  |***| 2022-10-05 05:03:27.9217 |***| 0|***| Microsoft.Hosting.Lifetime|
INFO |***| Hosting environment: Development  |***| 2022-10-05 05:03:27.9217 |***| 0|***| Microsoft.Hosting.Lifetime|
INFO |***| Content root path: C:\WorkSpace\Asp\Projects\KalaMarket\Src\KalaMarket\KalaMarket.EndPoint\  |***| 2022-10-05 05:03:27.9217 |***| 0|***| Microsoft.Hosting.Lifetime|
INFO |***| Now listening on: https://localhost:7060  |***| 2022-10-05 05:04:06.7988 |***| 14|***| Microsoft.Hosting.Lifetime|
INFO |***| Now listening on: http://localhost:5060  |***| 2022-10-05 05:04:06.7988 |***| 14|***| Microsoft.Hosting.Lifetime|
INFO |***| Application started. Press Ctrl+C to shut down.  |***| 2022-10-05 05:04:06.7988 |***| 0|***| Microsoft.Hosting.Lifetime|
INFO |***| Hosting environment: Development  |***| 2022-10-05 05:04:06.7988 |***| 0|***| Microsoft.Hosting.Lifetime|
INFO |***| Content root path: C:\WorkSpace\Asp\Projects\KalaMarket\Src\KalaMarket\KalaMarket.EndPoint\  |***| 2022-10-05 05:04:06.7988 |***| 0|***| Microsoft.Hosting.Lifetime|
WARN |***| No store type was specified for the decimal property 'Price' on entity type 'Product'. This will cause values to be silently truncated if they do not fit in the default precision and scale. Explicitly specify the SQL server column type that can accommodate all the values in 'OnModelCreating' using 'HasColumnType', specify precision and scale using 'HasPrecision', or configure a value converter using 'HasConversion'.  |***| 2022-10-05 05:04:10.3457 |***| 30000|***| Microsoft.EntityFrameworkCore.Model.Validation|
WARN |***| No store type was specified for the decimal property 'TotalPrice' on entity type 'Cart'. This will cause values to be silently truncated if they do not fit in the default precision and scale. Explicitly specify the SQL server column type that can accommodate all the values in 'OnModelCreating' using 'HasColumnType', specify precision and scale using 'HasPrecision', or configure a value converter using 'HasConversion'.  |***| 2022-10-05 09:24:00.8774 |***| 30000|***| Microsoft.EntityFrameworkCore.Model.Validation|
WARN |***| No store type was specified for the decimal property 'Price' on entity type 'CartItem'. This will cause values to be silently truncated if they do not fit in the default precision and scale. Explicitly specify the SQL server column type that can accommodate all the values in 'OnModelCreating' using 'HasColumnType', specify precision and scale using 'HasPrecision', or configure a value converter using 'HasConversion'.  |***| 2022-10-05 09:24:00.8917 |***| 30000|***| Microsoft.EntityFrameworkCore.Model.Validation|
WARN |***| No store type was specified for the decimal property 'Price' on entity type 'Product'. This will cause values to be silently truncated if they do not fit in the default precision and scale. Explicitly specify the SQL server column type that can accommodate all the values in 'OnModelCreating' using 'HasColumnType', specify precision and scale using 'HasPrecision', or configure a value converter using 'HasConversion'.  |***| 2022-10-05 09:24:00.8917 |***| 30000|***| Microsoft.EntityFrameworkCore.Model.Validation|
WARN |***| No store type was specified for the decimal property 'TotalPrice' on entity type 'Cart'. This will cause values to be silently truncated if they do not fit in the default precision and scale. Explicitly specify the SQL server column type that can accommodate all the values in 'OnModelCreating' using 'HasColumnType', specify precision and scale using 'HasPrecision', or configure a value converter using 'HasConversion'.  |***| 2022-10-05 09:24:01.1377 |***| 30000|***| Microsoft.EntityFrameworkCore.Model.Validation|
WARN |***| No store type was specified for the decimal property 'Price' on entity type 'CartItem'. This will cause values to be silently truncated if they do not fit in the default precision and scale. Explicitly specify the SQL server column type that can accommodate all the values in 'OnModelCreating' using 'HasColumnType', specify precision and scale using 'HasPrecision', or configure a value converter using 'HasConversion'.  |***| 2022-10-05 09:24:01.1377 |***| 30000|***| Microsoft.EntityFrameworkCore.Model.Validation|
WARN |***| No store type was specified for the decimal property 'Price' on entity type 'Product'. This will cause values to be silently truncated if they do not fit in the default precision and scale. Explicitly specify the SQL server column type that can accommodate all the values in 'OnModelCreating' using 'HasColumnType', specify precision and scale using 'HasPrecision', or configure a value converter using 'HasConversion'.  |***| 2022-10-05 09:24:01.1377 |***| 30000|***| Microsoft.EntityFrameworkCore.Model.Validation|
WARN |***| No store type was specified for the decimal property 'TotalPrice' on entity type 'Cart'. This will cause values to be silently truncated if they do not fit in the default precision and scale. Explicitly specify the SQL server column type that can accommodate all the values in 'OnModelCreating' using 'HasColumnType', specify precision and scale using 'HasPrecision', or configure a value converter using 'HasConversion'.  |***| 2022-10-05 09:24:23.3290 |***| 30000|***| Microsoft.EntityFrameworkCore.Model.Validation|
WARN |***| No store type was specified for the decimal property 'Price' on entity type 'CartItem'. This will cause values to be silently truncated if they do not fit in the default precision and scale. Explicitly specify the SQL server column type that can accommodate all the values in 'OnModelCreating' using 'HasColumnType', specify precision and scale using 'HasPrecision', or configure a value converter using 'HasConversion'.  |***| 2022-10-05 09:24:23.3517 |***| 30000|***| Microsoft.EntityFrameworkCore.Model.Validation|
WARN |***| No store type was specified for the decimal property 'Price' on entity type 'Product'. This will cause values to be silently truncated if they do not fit in the default precision and scale. Explicitly specify the SQL server column type that can accommodate all the values in 'OnModelCreating' using 'HasColumnType', specify precision and scale using 'HasPrecision', or configure a value converter using 'HasConversion'.  |***| 2022-10-05 09:24:23.3517 |***| 30000|***| Microsoft.EntityFrameworkCore.Model.Validation|
INFO |***| Now listening on: https://localhost:7060  |***| 2022-10-05 14:46:43.7839 |***| 14|***| Microsoft.Hosting.Lifetime|
INFO |***| Now listening on: http://localhost:5060  |***| 2022-10-05 14:46:43.7839 |***| 14|***| Microsoft.Hosting.Lifetime|
INFO |***| Application started. Press Ctrl+C to shut down.  |***| 2022-10-05 14:46:43.7839 |***| 0|***| Microsoft.Hosting.Lifetime|
INFO |***| Hosting environment: Development  |***| 2022-10-05 14:46:43.7839 |***| 0|***| Microsoft.Hosting.Lifetime|
INFO |***| Content root path: C:\WorkSpace\Asp\Projects\KalaMarket\Src\KalaMarket\KalaMarket.EndPoint\  |***| 2022-10-05 14:46:43.7839 |***| 0|***| Microsoft.Hosting.Lifetime|
WARN |***| No store type was specified for the decimal property 'TotalPrice' on entity type 'Cart'. This will cause values to be silently truncated if they do not fit in the default precision and scale. Explicitly specify the SQL server column type that can accommodate all the values in 'OnModelCreating' using 'HasColumnType', specify precision and scale using 'HasPrecision', or configure a value converter using 'HasConversion'.  |***| 2022-10-05 14:46:51.2472 |***| 30000|***| Microsoft.EntityFrameworkCore.Model.Validation|
WARN |***| No store type was specified for the decimal property 'Price' on entity type 'CartItem'. This will cause values to be silently truncated if they do not fit in the default precision and scale. Explicitly specify the SQL server column type that can accommodate all the values in 'OnModelCreating' using 'HasColumnType', specify precision and scale using 'HasPrecision', or configure a value converter using 'HasConversion'.  |***| 2022-10-05 14:46:51.2472 |***| 30000|***| Microsoft.EntityFrameworkCore.Model.Validation|
WARN |***| No store type was specified for the decimal property 'Price' on entity type 'Product'. This will cause values to be silently truncated if they do not fit in the default precision and scale. Explicitly specify the SQL server column type that can accommodate all the values in 'OnModelCreating' using 'HasColumnType', specify precision and scale using 'HasPrecision', or configure a value converter using 'HasConversion'.  |***| 2022-10-05 14:46:51.2472 |***| 30000|***| Microsoft.EntityFrameworkCore.Model.Validation|
INFO |***| ----> PagingTagHelper SettingsJson: default - default  |***| 2022-10-05 14:46:59.5061 |***| 0|***| LazZiya.TagHelpers.PagingTagHelper|
INFO |***| ----> PagingTagHelper - PageNo: 1, PageSize: 8, TotalRecords: 1, TotalPages: 1, QueryStringKeyPageNo: page, QueryStringKeyPageSize: pageSize,   |***| 2022-10-05 14:46:59.5061 |***| 0|***| LazZiya.TagHelpers.PagingTagHelper|
INFO |***| ----> PagingTagHelper SettingsJson: default - default  |***| 2022-10-05 14:47:03.1949 |***| 0|***| LazZiya.TagHelpers.PagingTagHelper|
INFO |***| ----> PagingTagHelper - PageNo: 1, PageSize: 8, TotalRecords: 2, TotalPages: 1, QueryStringKeyPageNo: page, QueryStringKeyPageSize: pageSize,   |***| 2022-10-05 14:47:03.1949 |***| 0|***| LazZiya.TagHelpers.PagingTagHelper|
WARN |***| Compiling a query which loads related collections for more than one collection navigation, either via 'Include' or through projection, but no 'QuerySplittingBehavior' has been configured. By default, Entity Framework will use 'QuerySplittingBehavior.SingleQuery', which can potentially result in slow query performance. See https://go.microsoft.com/fwlink/?linkid=2134277 for more information. To identify the query that's triggering this warning call 'ConfigureWarnings(w => w.Throw(RelationalEventId.MultipleCollectionIncludeWarning))'.  |***| 2022-10-05 14:47:05.1542 |***| 20504|***| Microsoft.EntityFrameworkCore.Query|
INFO |***| Now listening on: https://localhost:7060  |***| 2022-10-05 14:53:24.0107 |***| 14|***| Microsoft.Hosting.Lifetime|
INFO |***| Now listening on: http://localhost:5060  |***| 2022-10-05 14:53:24.0107 |***| 14|***| Microsoft.Hosting.Lifetime|
INFO |***| Application started. Press Ctrl+C to shut down.  |***| 2022-10-05 14:53:24.0107 |***| 0|***| Microsoft.Hosting.Lifetime|
INFO |***| Hosting environment: Development  |***| 2022-10-05 14:53:24.0107 |***| 0|***| Microsoft.Hosting.Lifetime|
INFO |***| Content root path: C:\WorkSpace\Asp\Projects\KalaMarket\Src\KalaMarket\KalaMarket.EndPoint\  |***| 2022-10-05 14:53:24.0107 |***| 0|***| Microsoft.Hosting.Lifetime|
WARN |***| No store type was specified for the decimal property 'TotalPrice' on entity type 'Cart'. This will cause values to be silently truncated if they do not fit in the default precision and scale. Explicitly specify the SQL server column type that can accommodate all the values in 'OnModelCreating' using 'HasColumnType', specify precision and scale using 'HasPrecision', or configure a value converter using 'HasConversion'.  |***| 2022-10-05 14:53:31.2352 |***| 30000|***| Microsoft.EntityFrameworkCore.Model.Validation|
WARN |***| No store type was specified for the decimal property 'Price' on entity type 'CartItem'. This will cause values to be silently truncated if they do not fit in the default precision and scale. Explicitly specify the SQL server column type that can accommodate all the values in 'OnModelCreating' using 'HasColumnType', specify precision and scale using 'HasPrecision', or configure a value converter using 'HasConversion'.  |***| 2022-10-05 14:53:31.2352 |***| 30000|***| Microsoft.EntityFrameworkCore.Model.Validation|
WARN |***| No store type was specified for the decimal property 'Price' on entity type 'Product'. This will cause values to be silently truncated if they do not fit in the default precision and scale. Explicitly specify the SQL server column type that can accommodate all the values in 'OnModelCreating' using 'HasColumnType', specify precision and scale using 'HasPrecision', or configure a value converter using 'HasConversion'.  |***| 2022-10-05 14:53:31.2352 |***| 30000|***| Microsoft.EntityFrameworkCore.Model.Validation|
INFO |***| ----> PagingTagHelper SettingsJson: default - default  |***| 2022-10-05 14:58:30.1965 |***| 0|***| LazZiya.TagHelpers.PagingTagHelper|
INFO |***| ----> PagingTagHelper - PageNo: 1, PageSize: 8, TotalRecords: 2, TotalPages: 1, QueryStringKeyPageNo: page, QueryStringKeyPageSize: pageSize,   |***| 2022-10-05 14:58:30.1965 |***| 0|***| LazZiya.TagHelpers.PagingTagHelper|
WARN |***| Compiling a query which loads related collections for more than one collection navigation, either via 'Include' or through projection, but no 'QuerySplittingBehavior' has been configured. By default, Entity Framework will use 'QuerySplittingBehavior.SingleQuery', which can potentially result in slow query performance. See https://go.microsoft.com/fwlink/?linkid=2134277 for more information. To identify the query that's triggering this warning call 'ConfigureWarnings(w => w.Throw(RelationalEventId.MultipleCollectionIncludeWarning))'.  |***| 2022-10-05 14:58:32.4587 |***| 20504|***| Microsoft.EntityFrameworkCore.Query|
INFO |***| Now listening on: https://localhost:7060  |***| 2022-10-05 14:59:46.9555 |***| 14|***| Microsoft.Hosting.Lifetime|
INFO |***| Now listening on: http://localhost:5060  |***| 2022-10-05 14:59:46.9555 |***| 14|***| Microsoft.Hosting.Lifetime|
INFO |***| Application started. Press Ctrl+C to shut down.  |***| 2022-10-05 14:59:46.9555 |***| 0|***| Microsoft.Hosting.Lifetime|
INFO |***| Hosting environment: Development  |***| 2022-10-05 14:59:46.9555 |***| 0|***| Microsoft.Hosting.Lifetime|
INFO |***| Content root path: C:\WorkSpace\Asp\Projects\KalaMarket\Src\KalaMarket\KalaMarket.EndPoint\  |***| 2022-10-05 14:59:46.9555 |***| 0|***| Microsoft.Hosting.Lifetime|
WARN |***| No store type was specified for the decimal property 'TotalPrice' on entity type 'Cart'. This will cause values to be silently truncated if they do not fit in the default precision and scale. Explicitly specify the SQL server column type that can accommodate all the values in 'OnModelCreating' using 'HasColumnType', specify precision and scale using 'HasPrecision', or configure a value converter using 'HasConversion'.  |***| 2022-10-05 14:59:53.5826 |***| 30000|***| Microsoft.EntityFrameworkCore.Model.Validation|
WARN |***| No store type was specified for the decimal property 'Price' on entity type 'CartItem'. This will cause values to be silently truncated if they do not fit in the default precision and scale. Explicitly specify the SQL server column type that can accommodate all the values in 'OnModelCreating' using 'HasColumnType', specify precision and scale using 'HasPrecision', or configure a value converter using 'HasConversion'.  |***| 2022-10-05 14:59:53.5826 |***| 30000|***| Microsoft.EntityFrameworkCore.Model.Validation|
WARN |***| No store type was specified for the decimal property 'Price' on entity type 'Product'. This will cause values to be silently truncated if they do not fit in the default precision and scale. Explicitly specify the SQL server column type that can accommodate all the values in 'OnModelCreating' using 'HasColumnType', specify precision and scale using 'HasPrecision', or configure a value converter using 'HasConversion'.  |***| 2022-10-05 14:59:53.5826 |***| 30000|***| Microsoft.EntityFrameworkCore.Model.Validation|
INFO |***| ----> PagingTagHelper SettingsJson: default - default  |***| 2022-10-05 15:00:11.9289 |***| 0|***| LazZiya.TagHelpers.PagingTagHelper|
INFO |***| ----> PagingTagHelper - PageNo: 1, PageSize: 8, TotalRecords: 2, TotalPages: 1, QueryStringKeyPageNo: page, QueryStringKeyPageSize: pageSize,   |***| 2022-10-05 15:00:11.9289 |***| 0|***| LazZiya.TagHelpers.PagingTagHelper|
WARN |***| Compiling a query which loads related collections for more than one collection navigation, either via 'Include' or through projection, but no 'QuerySplittingBehavior' has been configured. By default, Entity Framework will use 'QuerySplittingBehavior.SingleQuery', which can potentially result in slow query performance. See https://go.microsoft.com/fwlink/?linkid=2134277 for more information. To identify the query that's triggering this warning call 'ConfigureWarnings(w => w.Throw(RelationalEventId.MultipleCollectionIncludeWarning))'.  |***| 2022-10-05 15:00:13.3887 |***| 20504|***| Microsoft.EntityFrameworkCore.Query|
INFO |***| Now listening on: https://localhost:7060  |***| 2022-10-05 16:41:18.4647 |***| 14|***| Microsoft.Hosting.Lifetime|
INFO |***| Now listening on: http://localhost:5060  |***| 2022-10-05 16:41:18.4647 |***| 14|***| Microsoft.Hosting.Lifetime|
INFO |***| Application started. Press Ctrl+C to shut down.  |***| 2022-10-05 16:41:18.4647 |***| 0|***| Microsoft.Hosting.Lifetime|
INFO |***| Hosting environment: Development  |***| 2022-10-05 16:41:18.4647 |***| 0|***| Microsoft.Hosting.Lifetime|
INFO |***| Content root path: C:\WorkSpace\Asp\Projects\KalaMarket\Src\KalaMarket\KalaMarket.EndPoint\  |***| 2022-10-05 16:41:18.4647 |***| 0|***| Microsoft.Hosting.Lifetime|
WARN |***| No store type was specified for the decimal property 'TotalPrice' on entity type 'Cart'. This will cause values to be silently truncated if they do not fit in the default precision and scale. Explicitly specify the SQL server column type that can accommodate all the values in 'OnModelCreating' using 'HasColumnType', specify precision and scale using 'HasPrecision', or configure a value converter using 'HasConversion'.  |***| 2022-10-05 16:41:26.9134 |***| 30000|***| Microsoft.EntityFrameworkCore.Model.Validation|
WARN |***| No store type was specified for the decimal property 'Price' on entity type 'CartItem'. This will cause values to be silently truncated if they do not fit in the default precision and scale. Explicitly specify the SQL server column type that can accommodate all the values in 'OnModelCreating' using 'HasColumnType', specify precision and scale using 'HasPrecision', or configure a value converter using 'HasConversion'.  |***| 2022-10-05 16:41:26.9134 |***| 30000|***| Microsoft.EntityFrameworkCore.Model.Validation|
WARN |***| No store type was specified for the decimal property 'Price' on entity type 'Product'. This will cause values to be silently truncated if they do not fit in the default precision and scale. Explicitly specify the SQL server column type that can accommodate all the values in 'OnModelCreating' using 'HasColumnType', specify precision and scale using 'HasPrecision', or configure a value converter using 'HasConversion'.  |***| 2022-10-05 16:41:26.9134 |***| 30000|***| Microsoft.EntityFrameworkCore.Model.Validation|
INFO |***| ----> PagingTagHelper SettingsJson: default - default  |***| 2022-10-05 16:42:47.9208 |***| 0|***| LazZiya.TagHelpers.PagingTagHelper|
INFO |***| ----> PagingTagHelper - PageNo: 1, PageSize: 8, TotalRecords: 2, TotalPages: 1, QueryStringKeyPageNo: page, QueryStringKeyPageSize: pageSize,   |***| 2022-10-05 16:42:47.9208 |***| 0|***| LazZiya.TagHelpers.PagingTagHelper|
WARN |***| Compiling a query which loads related collections for more than one collection navigation, either via 'Include' or through projection, but no 'QuerySplittingBehavior' has been configured. By default, Entity Framework will use 'QuerySplittingBehavior.SingleQuery', which can potentially result in slow query performance. See https://go.microsoft.com/fwlink/?linkid=2134277 for more information. To identify the query that's triggering this warning call 'ConfigureWarnings(w => w.Throw(RelationalEventId.MultipleCollectionIncludeWarning))'.  |***| 2022-10-05 16:42:49.4489 |***| 20504|***| Microsoft.EntityFrameworkCore.Query|
ERROR |***| Failed executing DbCommand (16ms) [Parameters=[@__deviceId_0='?' (DbType = Guid)], CommandType='Text', CommandTimeout='30']
SELECT TOP(1) [c].[Id], [c].[DeviceId], [c].[Finished], [c].[InsertTime], [c].[IsRemoved], [c].[RemoveTime], [c].[TotalPrice], [c].[UpdateTime], [c].[UserId]
FROM [Carts] AS [c]
WHERE ([c].[DeviceId] = @__deviceId_0) AND ([c].[Finished] = CAST(0 AS bit))  |***| 2022-10-05 16:42:51.6694 |***| 20102|***| Microsoft.EntityFrameworkCore.Database.Command|
ERROR |***| An exception occurred while iterating over the results of a query for context type 'KalaMarket.Persistence.Context.KalaMarketContext'.
Microsoft.Data.SqlClient.SqlException (0x80131904): Invalid column name 'DeviceId'.
Invalid column name 'Finished'.
Invalid column name 'DeviceId'.
Invalid column name 'Finished'.
   at Microsoft.Data.SqlClient.SqlConnection.OnError(SqlException exception, Boolean breakConnection, Action`1 wrapCloseInAction)
   at Microsoft.Data.SqlClient.TdsParser.ThrowExceptionAndWarning(TdsParserStateObject stateObj, Boolean callerHasConnectionLock, Boolean asyncClose)
   at Microsoft.Data.SqlClient.TdsParser.TryRun(RunBehavior runBehavior, SqlCommand cmdHandler, SqlDataReader dataStream, BulkCopySimpleResultSet bulkCopyHandler, TdsParserStateObject stateObj, Boolean& dataReady)
   at Microsoft.Data.SqlClient.SqlDataReader.TryConsumeMetaData()
   at Microsoft.Data.SqlClient.SqlDataReader.get_MetaData()
   at Microsoft.Data.SqlClient.SqlCommand.FinishExecuteReader(SqlDataReader ds, RunBehavior runBehavior, String resetOptionsString, Boolean isInternal, Boolean forDescribeParameterEncryption, Boolean shouldCacheForAlwaysEncrypted)
   at Microsoft.Data.SqlClient.SqlCommand.RunExecuteReaderTds(CommandBehavior cmdBehavior, RunBehavior runBehavior, Boolean returnStream, Boolean isAsync, Int32 timeout, Task& task, Boolean asyncWrite, Boolean inRetry, SqlDataReader ds, Boolean describeParameterEncryptionRequest)
   at Microsoft.Data.SqlClient.SqlCommand.RunExecuteReader(CommandBehavior cmdBehavior, RunBehavior runBehavior, Boolean returnStream, TaskCompletionSource`1 completion, Int32 timeout, Task& task, Boolean& usedCache, Boolean asyncWrite, Boolean inRetry, String method)
   at Microsoft.Data.SqlClient.SqlCommand.ExecuteReader(CommandBehavior behavior)
   at Microsoft.EntityFrameworkCore.Storage.RelationalCommand.ExecuteReader(RelationalCommandParameterObject parameterObject)
   at Microsoft.EntityFrameworkCore.Query.Internal.SingleQueryingEnumerable`1.Enumerator.InitializeReader(Enumerator enumerator)
   at Microsoft.EntityFrameworkCore.SqlServer.Storage.Internal.SqlServerExecutionStrategy.Execute[TState,TResult](TState state, Func`3 operation, Func`3 verifySucceeded)
   at Microsoft.EntityFrameworkCore.Query.Internal.SingleQueryingEnumerable`1.Enumerator.MoveNext()
ClientConnectionId:a5ebd7b5-112c-4a43-99ea-d96eb597d63d
Error Number:207,State:1,Class:16 Microsoft.Data.SqlClient.SqlException (0x80131904): Invalid column name 'DeviceId'.
Invalid column name 'Finished'.
Invalid column name 'DeviceId'.
Invalid column name 'Finished'.
   at Microsoft.Data.SqlClient.SqlConnection.OnError(SqlException exception, Boolean breakConnection, Action`1 wrapCloseInAction)
   at Microsoft.Data.SqlClient.TdsParser.ThrowExceptionAndWarning(TdsParserStateObject stateObj, Boolean callerHasConnectionLock, Boolean asyncClose)
   at Microsoft.Data.SqlClient.TdsParser.TryRun(RunBehavior runBehavior, SqlCommand cmdHandler, SqlDataReader dataStream, BulkCopySimpleResultSet bulkCopyHandler, TdsParserStateObject stateObj, Boolean& dataReady)
   at Microsoft.Data.SqlClient.SqlDataReader.TryConsumeMetaData()
   at Microsoft.Data.SqlClient.SqlDataReader.get_MetaData()
   at Microsoft.Data.SqlClient.SqlCommand.FinishExecuteReader(SqlDataReader ds, RunBehavior runBehavior, String resetOptionsString, Boolean isInternal, Boolean forDescribeParameterEncryption, Boolean shouldCacheForAlwaysEncrypted)
   at Microsoft.Data.SqlClient.SqlCommand.RunExecuteReaderTds(CommandBehavior cmdBehavior, RunBehavior runBehavior, Boolean returnStream, Boolean isAsync, Int32 timeout, Task& task, Boolean asyncWrite, Boolean inRetry, SqlDataReader ds, Boolean describeParameterEncryptionRequest)
   at Microsoft.Data.SqlClient.SqlCommand.RunExecuteReader(CommandBehavior cmdBehavior, RunBehavior runBehavior, Boolean returnStream, TaskCompletionSource`1 completion, Int32 timeout, Task& task, Boolean& usedCache, Boolean asyncWrite, Boolean inRetry, String method)
   at Microsoft.Data.SqlClient.SqlCommand.ExecuteReader(CommandBehavior behavior)
   at Microsoft.EntityFrameworkCore.Storage.RelationalCommand.ExecuteReader(RelationalCommandParameterObject parameterObject)
   at Microsoft.EntityFrameworkCore.Query.Internal.SingleQueryingEnumerable`1.Enumerator.InitializeReader(Enumerator enumerator)
   at Microsoft.EntityFrameworkCore.SqlServer.Storage.Internal.SqlServerExecutionStrategy.Execute[TState,TResult](TState state, Func`3 operation, Func`3 verifySucceeded)
   at Microsoft.EntityFrameworkCore.Query.Internal.SingleQueryingEnumerable`1.Enumerator.MoveNext()
ClientConnectionId:a5ebd7b5-112c-4a43-99ea-d96eb597d63d
Error Number:207,State:1,Class:16 |***| 2022-10-05 16:42:51.6848 |***| 10100|***| Microsoft.EntityFrameworkCore.Query|
WARN |***| No store type was specified for the decimal property 'TotalPrice' on entity type 'Cart'. This will cause values to be silently truncated if they do not fit in the default precision and scale. Explicitly specify the SQL server column type that can accommodate all the values in 'OnModelCreating' using 'HasColumnType', specify precision and scale using 'HasPrecision', or configure a value converter using 'HasConversion'.  |***| 2022-10-05 16:43:46.0202 |***| 30000|***| Microsoft.EntityFrameworkCore.Model.Validation|
WARN |***| No store type was specified for the decimal property 'Price' on entity type 'CartItem'. This will cause values to be silently truncated if they do not fit in the default precision and scale. Explicitly specify the SQL server column type that can accommodate all the values in 'OnModelCreating' using 'HasColumnType', specify precision and scale using 'HasPrecision', or configure a value converter using 'HasConversion'.  |***| 2022-10-05 16:43:46.0341 |***| 30000|***| Microsoft.EntityFrameworkCore.Model.Validation|
WARN |***| No store type was specified for the decimal property 'Price' on entity type 'Product'. This will cause values to be silently truncated if they do not fit in the default precision and scale. Explicitly specify the SQL server column type that can accommodate all the values in 'OnModelCreating' using 'HasColumnType', specify precision and scale using 'HasPrecision', or configure a value converter using 'HasConversion'.  |***| 2022-10-05 16:43:46.0341 |***| 30000|***| Microsoft.EntityFrameworkCore.Model.Validation|
WARN |***| No store type was specified for the decimal property 'TotalPrice' on entity type 'Cart'. This will cause values to be silently truncated if they do not fit in the default precision and scale. Explicitly specify the SQL server column type that can accommodate all the values in 'OnModelCreating' using 'HasColumnType', specify precision and scale using 'HasPrecision', or configure a value converter using 'HasConversion'.  |***| 2022-10-05 16:43:46.2899 |***| 30000|***| Microsoft.EntityFrameworkCore.Model.Validation|
WARN |***| No store type was specified for the decimal property 'Price' on entity type 'CartItem'. This will cause values to be silently truncated if they do not fit in the default precision and scale. Explicitly specify the SQL server column type that can accommodate all the values in 'OnModelCreating' using 'HasColumnType', specify precision and scale using 'HasPrecision', or configure a value converter using 'HasConversion'.  |***| 2022-10-05 16:43:46.2899 |***| 30000|***| Microsoft.EntityFrameworkCore.Model.Validation|
WARN |***| No store type was specified for the decimal property 'Price' on entity type 'Product'. This will cause values to be silently truncated if they do not fit in the default precision and scale. Explicitly specify the SQL server column type that can accommodate all the values in 'OnModelCreating' using 'HasColumnType', specify precision and scale using 'HasPrecision', or configure a value converter using 'HasConversion'.  |***| 2022-10-05 16:43:46.2899 |***| 30000|***| Microsoft.EntityFrameworkCore.Model.Validation|
WARN |***| No store type was specified for the decimal property 'TotalPrice' on entity type 'Cart'. This will cause values to be silently truncated if they do not fit in the default precision and scale. Explicitly specify the SQL server column type that can accommodate all the values in 'OnModelCreating' using 'HasColumnType', specify precision and scale using 'HasPrecision', or configure a value converter using 'HasConversion'.  |***| 2022-10-05 16:44:08.4613 |***| 30000|***| Microsoft.EntityFrameworkCore.Model.Validation|
WARN |***| No store type was specified for the decimal property 'Price' on entity type 'CartItem'. This will cause values to be silently truncated if they do not fit in the default precision and scale. Explicitly specify the SQL server column type that can accommodate all the values in 'OnModelCreating' using 'HasColumnType', specify precision and scale using 'HasPrecision', or configure a value converter using 'HasConversion'.  |***| 2022-10-05 16:44:08.4759 |***| 30000|***| Microsoft.EntityFrameworkCore.Model.Validation|
WARN |***| No store type was specified for the decimal property 'Price' on entity type 'Product'. This will cause values to be silently truncated if they do not fit in the default precision and scale. Explicitly specify the SQL server column type that can accommodate all the values in 'OnModelCreating' using 'HasColumnType', specify precision and scale using 'HasPrecision', or configure a value converter using 'HasConversion'.  |***| 2022-10-05 16:44:08.4759 |***| 30000|***| Microsoft.EntityFrameworkCore.Model.Validation|
INFO |***| Now listening on: https://localhost:7060  |***| 2022-10-05 16:44:22.8179 |***| 14|***| Microsoft.Hosting.Lifetime|
INFO |***| Now listening on: http://localhost:5060  |***| 2022-10-05 16:44:22.8179 |***| 14|***| Microsoft.Hosting.Lifetime|
INFO |***| Application started. Press Ctrl+C to shut down.  |***| 2022-10-05 16:44:22.8179 |***| 0|***| Microsoft.Hosting.Lifetime|
INFO |***| Hosting environment: Development  |***| 2022-10-05 16:44:22.8179 |***| 0|***| Microsoft.Hosting.Lifetime|
INFO |***| Content root path: C:\WorkSpace\Asp\Projects\KalaMarket\Src\KalaMarket\KalaMarket.EndPoint\  |***| 2022-10-05 16:44:22.8179 |***| 0|***| Microsoft.Hosting.Lifetime|
WARN |***| No store type was specified for the decimal property 'TotalPrice' on entity type 'Cart'. This will cause values to be silently truncated if they do not fit in the default precision and scale. Explicitly specify the SQL server column type that can accommodate all the values in 'OnModelCreating' using 'HasColumnType', specify precision and scale using 'HasPrecision', or configure a value converter using 'HasConversion'.  |***| 2022-10-05 16:44:26.5679 |***| 30000|***| Microsoft.EntityFrameworkCore.Model.Validation|
WARN |***| No store type was specified for the decimal property 'Price' on entity type 'CartItem'. This will cause values to be silently truncated if they do not fit in the default precision and scale. Explicitly specify the SQL server column type that can accommodate all the values in 'OnModelCreating' using 'HasColumnType', specify precision and scale using 'HasPrecision', or configure a value converter using 'HasConversion'.  |***| 2022-10-05 16:44:26.5679 |***| 30000|***| Microsoft.EntityFrameworkCore.Model.Validation|
WARN |***| No store type was specified for the decimal property 'Price' on entity type 'Product'. This will cause values to be silently truncated if they do not fit in the default precision and scale. Explicitly specify the SQL server column type that can accommodate all the values in 'OnModelCreating' using 'HasColumnType', specify precision and scale using 'HasPrecision', or configure a value converter using 'HasConversion'.  |***| 2022-10-05 16:44:26.5679 |***| 30000|***| Microsoft.EntityFrameworkCore.Model.Validation|
INFO |***| ----> PagingTagHelper SettingsJson: default - default  |***| 2022-10-05 16:44:49.0643 |***| 0|***| LazZiya.TagHelpers.PagingTagHelper|
INFO |***| ----> PagingTagHelper - PageNo: 1, PageSize: 8, TotalRecords: 2, TotalPages: 1, QueryStringKeyPageNo: page, QueryStringKeyPageSize: pageSize,   |***| 2022-10-05 16:44:49.0643 |***| 0|***| LazZiya.TagHelpers.PagingTagHelper|
WARN |***| Compiling a query which loads related collections for more than one collection navigation, either via 'Include' or through projection, but no 'QuerySplittingBehavior' has been configured. By default, Entity Framework will use 'QuerySplittingBehavior.SingleQuery', which can potentially result in slow query performance. See https://go.microsoft.com/fwlink/?linkid=2134277 for more information. To identify the query that's triggering this warning call 'ConfigureWarnings(w => w.Throw(RelationalEventId.MultipleCollectionIncludeWarning))'.  |***| 2022-10-05 16:44:50.2391 |***| 20504|***| Microsoft.EntityFrameworkCore.Query|
INFO |***| Now listening on: https://localhost:7060  |***| 2022-10-05 17:00:04.1345 |***| 14|***| Microsoft.Hosting.Lifetime|
INFO |***| Now listening on: http://localhost:5060  |***| 2022-10-05 17:00:04.1345 |***| 14|***| Microsoft.Hosting.Lifetime|
INFO |***| Application started. Press Ctrl+C to shut down.  |***| 2022-10-05 17:00:04.1358 |***| 0|***| Microsoft.Hosting.Lifetime|
INFO |***| Hosting environment: Development  |***| 2022-10-05 17:00:04.1358 |***| 0|***| Microsoft.Hosting.Lifetime|
INFO |***| Content root path: C:\WorkSpace\Asp\Projects\KalaMarket\Src\KalaMarket\KalaMarket.EndPoint\  |***| 2022-10-05 17:00:04.1358 |***| 0|***| Microsoft.Hosting.Lifetime|
WARN |***| No store type was specified for the decimal property 'TotalPrice' on entity type 'Cart'. This will cause values to be silently truncated if they do not fit in the default precision and scale. Explicitly specify the SQL server column type that can accommodate all the values in 'OnModelCreating' using 'HasColumnType', specify precision and scale using 'HasPrecision', or configure a value converter using 'HasConversion'.  |***| 2022-10-05 17:00:09.1723 |***| 30000|***| Microsoft.EntityFrameworkCore.Model.Validation|
WARN |***| No store type was specified for the decimal property 'Price' on entity type 'CartItem'. This will cause values to be silently truncated if they do not fit in the default precision and scale. Explicitly specify the SQL server column type that can accommodate all the values in 'OnModelCreating' using 'HasColumnType', specify precision and scale using 'HasPrecision', or configure a value converter using 'HasConversion'.  |***| 2022-10-05 17:00:09.1723 |***| 30000|***| Microsoft.EntityFrameworkCore.Model.Validation|
WARN |***| No store type was specified for the decimal property 'Price' on entity type 'Product'. This will cause values to be silently truncated if they do not fit in the default precision and scale. Explicitly specify the SQL server column type that can accommodate all the values in 'OnModelCreating' using 'HasColumnType', specify precision and scale using 'HasPrecision', or configure a value converter using 'HasConversion'.  |***| 2022-10-05 17:00:09.1723 |***| 30000|***| Microsoft.EntityFrameworkCore.Model.Validation|
INFO |***| ----> PagingTagHelper SettingsJson: default - default  |***| 2022-10-05 17:00:34.4284 |***| 0|***| LazZiya.TagHelpers.PagingTagHelper|
INFO |***| ----> PagingTagHelper - PageNo: 1, PageSize: 8, TotalRecords: 2, TotalPages: 1, QueryStringKeyPageNo: page, QueryStringKeyPageSize: pageSize,   |***| 2022-10-05 17:00:34.4284 |***| 0|***| LazZiya.TagHelpers.PagingTagHelper|
WARN |***| Compiling a query which loads related collections for more than one collection navigation, either via 'Include' or through projection, but no 'QuerySplittingBehavior' has been configured. By default, Entity Framework will use 'QuerySplittingBehavior.SingleQuery', which can potentially result in slow query performance. See https://go.microsoft.com/fwlink/?linkid=2134277 for more information. To identify the query that's triggering this warning call 'ConfigureWarnings(w => w.Throw(RelationalEventId.MultipleCollectionIncludeWarning))'.  |***| 2022-10-05 17:00:36.7387 |***| 20504|***| Microsoft.EntityFrameworkCore.Query|
INFO |***| ----> PagingTagHelper SettingsJson: default - default  |***| 2022-10-05 17:09:21.4670 |***| 0|***| LazZiya.TagHelpers.PagingTagHelper|
INFO |***| ----> PagingTagHelper - PageNo: 1, PageSize: 8, TotalRecords: 2, TotalPages: 1, QueryStringKeyPageNo: page, QueryStringKeyPageSize: pageSize,   |***| 2022-10-05 17:09:21.4670 |***| 0|***| LazZiya.TagHelpers.PagingTagHelper|
INFO |***| ----> PagingTagHelper SettingsJson: default - default  |***| 2022-10-05 17:11:07.9092 |***| 0|***| LazZiya.TagHelpers.PagingTagHelper|
INFO |***| ----> PagingTagHelper - PageNo: 1, PageSize: 8, TotalRecords: 2, TotalPages: 1, QueryStringKeyPageNo: page, QueryStringKeyPageSize: pageSize,   |***| 2022-10-05 17:11:07.9092 |***| 0|***| LazZiya.TagHelpers.PagingTagHelper|
WARN |***| Compiling a query which loads related collections for more than one collection navigation, either via 'Include' or through projection, but no 'QuerySplittingBehavior' has been configured. By default, Entity Framework will use 'QuerySplittingBehavior.SingleQuery', which can potentially result in slow query performance. See https://go.microsoft.com/fwlink/?linkid=2134277 for more information. To identify the query that's triggering this warning call 'ConfigureWarnings(w => w.Throw(RelationalEventId.MultipleCollectionIncludeWarning))'.  |***| 2022-10-05 17:11:08.9380 |***| 20504|***| Microsoft.EntityFrameworkCore.Query|
