INFO |***| Application started. Press Ctrl+C to shut down.  |***| 2022-09-19 07:05:18.4376 |***| 0|***| Microsoft.Hosting.Lifetime|
INFO |***| Hosting environment: Development  |***| 2022-09-19 07:05:18.4376 |***| 0|***| Microsoft.Hosting.Lifetime|
INFO |***| Content root path: C:\WorkSpace\Asp\Projects\KalaMarket\Src\KalaMarket\KalaMarket.EndPoint\  |***| 2022-09-19 07:05:18.4376 |***| 0|***| Microsoft.Hosting.Lifetime|
WARN |***| No store type was specified for the decimal property 'Price' on entity type 'Product'. This will cause values to be silently truncated if they do not fit in the default precision and scale. Explicitly specify the SQL server column type that can accommodate all the values in 'OnModelCreating' using 'HasColumnType', specify precision and scale using 'HasPrecision', or configure a value converter using 'HasConversion'.  |***| 2022-09-19 07:05:22.1439 |***| 30000|***| Microsoft.EntityFrameworkCore.Model.Validation|
ERROR |***| An unhandled exception has occurred while executing the request. System.InvalidOperationException: Could not create an instance of type 'Microsoft.AspNetCore.Mvc.Rendering.SelectList'. Model bound complex types must not be abstract or value types and must have a parameterless constructor. Record types must have a single primary constructor. Alternatively, set the 'Brand' property to a non-null value in the 'KalaMarket.EndPoint.Pages.Admin.Products.AddProductModel' constructor.
   at Microsoft.AspNetCore.Mvc.ModelBinding.Binders.ComplexObjectModelBinder.CreateModel(ModelBindingContext bindingContext)
   at Microsoft.AspNetCore.Mvc.ModelBinding.Binders.ComplexObjectModelBinder.BindModelCoreAsync(ModelBindingContext bindingContext, Int32 propertyData)
   at Microsoft.AspNetCore.Mvc.ModelBinding.ParameterBinder.BindModelAsync(ActionContext actionContext, IModelBinder modelBinder, IValueProvider valueProvider, ParameterDescriptor parameter, ModelMetadata metadata, Object value, Object container)
   at Microsoft.AspNetCore.Mvc.RazorPages.Infrastructure.PageBinderFactory.<>c__DisplayClass2_0.<<CreatePropertyBinder>g__Bind|0>d.MoveNext()
--- End of stack trace from previous location ---
   at Microsoft.AspNetCore.Mvc.RazorPages.Infrastructure.PageActionInvoker.BindArgumentsCoreAsync()
   at Microsoft.AspNetCore.Mvc.RazorPages.Infrastructure.PageActionInvoker.InvokeInnerFilterAsync()
   at Microsoft.AspNetCore.Mvc.Infrastructure.ResourceInvoker.<InvokeNextResourceFilter>g__Awaited|25_0(ResourceInvoker invoker, Task lastTask, State next, Scope scope, Object state, Boolean isCompleted)
   at Microsoft.AspNetCore.Mvc.Infrastructure.ResourceInvoker.Rethrow(ResourceExecutedContextSealed context)
   at Microsoft.AspNetCore.Mvc.Infrastructure.ResourceInvoker.Next(State& next, Scope& scope, Object& state, Boolean& isCompleted)
   at Microsoft.AspNetCore.Mvc.Infrastructure.ResourceInvoker.InvokeFilterPipelineAsync()
--- End of stack trace from previous location ---
   at Microsoft.AspNetCore.Mvc.Infrastructure.ResourceInvoker.<InvokeAsync>g__Logged|17_1(ResourceInvoker invoker)
   at Microsoft.AspNetCore.Mvc.Infrastructure.ResourceInvoker.<InvokeAsync>g__Logged|17_1(ResourceInvoker invoker)
   at Microsoft.AspNetCore.Routing.EndpointMiddleware.<Invoke>g__AwaitRequestTask|6_0(Endpoint endpoint, Task requestTask, ILogger logger)
   at Microsoft.AspNetCore.Authorization.AuthorizationMiddleware.Invoke(HttpContext context)
   at Microsoft.AspNetCore.Authentication.AuthenticationMiddleware.Invoke(HttpContext context)
   at Microsoft.AspNetCore.Diagnostics.DeveloperExceptionPageMiddleware.Invoke(HttpContext context) |***| 2022-09-19 07:10:12.5068 |***| 1|***| Microsoft.AspNetCore.Diagnostics.DeveloperExceptionPageMiddleware|
ERROR |***| An unhandled exception has occurred while executing the request. System.InvalidOperationException: Could not create an instance of type 'Microsoft.AspNetCore.Mvc.Rendering.SelectList'. Model bound complex types must not be abstract or value types and must have a parameterless constructor. Record types must have a single primary constructor. Alternatively, set the 'Brand' property to a non-null value in the 'KalaMarket.EndPoint.Pages.Admin.Products.AddProductModel' constructor.
   at Microsoft.AspNetCore.Mvc.ModelBinding.Binders.ComplexObjectModelBinder.CreateModel(ModelBindingContext bindingContext)
   at Microsoft.AspNetCore.Mvc.ModelBinding.Binders.ComplexObjectModelBinder.BindModelCoreAsync(ModelBindingContext bindingContext, Int32 propertyData)
   at Microsoft.AspNetCore.Mvc.ModelBinding.ParameterBinder.BindModelAsync(ActionContext actionContext, IModelBinder modelBinder, IValueProvider valueProvider, ParameterDescriptor parameter, ModelMetadata metadata, Object value, Object container)
   at Microsoft.AspNetCore.Mvc.RazorPages.Infrastructure.PageBinderFactory.<>c__DisplayClass2_0.<<CreatePropertyBinder>g__Bind|0>d.MoveNext()
--- End of stack trace from previous location ---
   at Microsoft.AspNetCore.Mvc.RazorPages.Infrastructure.PageActionInvoker.BindArgumentsCoreAsync()
   at Microsoft.AspNetCore.Mvc.RazorPages.Infrastructure.PageActionInvoker.InvokeInnerFilterAsync()
   at Microsoft.AspNetCore.Mvc.Infrastructure.ResourceInvoker.<InvokeNextResourceFilter>g__Awaited|25_0(ResourceInvoker invoker, Task lastTask, State next, Scope scope, Object state, Boolean isCompleted)
   at Microsoft.AspNetCore.Mvc.Infrastructure.ResourceInvoker.Rethrow(ResourceExecutedContextSealed context)
   at Microsoft.AspNetCore.Mvc.Infrastructure.ResourceInvoker.Next(State& next, Scope& scope, Object& state, Boolean& isCompleted)
   at Microsoft.AspNetCore.Mvc.Infrastructure.ResourceInvoker.InvokeFilterPipelineAsync()
--- End of stack trace from previous location ---
   at Microsoft.AspNetCore.Mvc.Infrastructure.ResourceInvoker.<InvokeAsync>g__Logged|17_1(ResourceInvoker invoker)
   at Microsoft.AspNetCore.Mvc.Infrastructure.ResourceInvoker.<InvokeAsync>g__Logged|17_1(ResourceInvoker invoker)
   at Microsoft.AspNetCore.Routing.EndpointMiddleware.<Invoke>g__AwaitRequestTask|6_0(Endpoint endpoint, Task requestTask, ILogger logger)
   at Microsoft.AspNetCore.Authorization.AuthorizationMiddleware.Invoke(HttpContext context)
   at Microsoft.AspNetCore.Authentication.AuthenticationMiddleware.Invoke(HttpContext context)
   at Microsoft.AspNetCore.Diagnostics.DeveloperExceptionPageMiddleware.Invoke(HttpContext context) |***| 2022-09-19 07:10:46.7193 |***| 1|***| Microsoft.AspNetCore.Diagnostics.DeveloperExceptionPageMiddleware|
INFO |***| Application started. Press Ctrl+C to shut down.  |***| 2022-09-19 07:12:43.5553 |***| 0|***| Microsoft.Hosting.Lifetime|
INFO |***| Hosting environment: Development  |***| 2022-09-19 07:12:43.5553 |***| 0|***| Microsoft.Hosting.Lifetime|
INFO |***| Content root path: C:\WorkSpace\Asp\Projects\KalaMarket\Src\KalaMarket\KalaMarket.EndPoint\  |***| 2022-09-19 07:12:43.5553 |***| 0|***| Microsoft.Hosting.Lifetime|
WARN |***| No store type was specified for the decimal property 'Price' on entity type 'Product'. This will cause values to be silently truncated if they do not fit in the default precision and scale. Explicitly specify the SQL server column type that can accommodate all the values in 'OnModelCreating' using 'HasColumnType', specify precision and scale using 'HasPrecision', or configure a value converter using 'HasConversion'.  |***| 2022-09-19 07:12:44.9927 |***| 30000|***| Microsoft.EntityFrameworkCore.Model.Validation|
ERROR |***| An unhandled exception has occurred while executing the request. System.InvalidOperationException: Could not create an instance of type 'Microsoft.AspNetCore.Mvc.Rendering.SelectList'. Model bound complex types must not be abstract or value types and must have a parameterless constructor. Record types must have a single primary constructor. Alternatively, set the 'Brand' property to a non-null value in the 'KalaMarket.EndPoint.Pages.Admin.Products.AddProductModel' constructor.
   at Microsoft.AspNetCore.Mvc.ModelBinding.Binders.ComplexObjectModelBinder.CreateModel(ModelBindingContext bindingContext)
   at Microsoft.AspNetCore.Mvc.ModelBinding.Binders.ComplexObjectModelBinder.BindModelCoreAsync(ModelBindingContext bindingContext, Int32 propertyData)
   at Microsoft.AspNetCore.Mvc.ModelBinding.ParameterBinder.BindModelAsync(ActionContext actionContext, IModelBinder modelBinder, IValueProvider valueProvider, ParameterDescriptor parameter, ModelMetadata metadata, Object value, Object container)
   at Microsoft.AspNetCore.Mvc.RazorPages.Infrastructure.PageBinderFactory.<>c__DisplayClass2_0.<<CreatePropertyBinder>g__Bind|0>d.MoveNext()
--- End of stack trace from previous location ---
   at Microsoft.AspNetCore.Mvc.RazorPages.Infrastructure.PageActionInvoker.BindArgumentsCoreAsync()
   at Microsoft.AspNetCore.Mvc.RazorPages.Infrastructure.PageActionInvoker.InvokeInnerFilterAsync()
   at Microsoft.AspNetCore.Mvc.Infrastructure.ResourceInvoker.<InvokeNextResourceFilter>g__Awaited|25_0(ResourceInvoker invoker, Task lastTask, State next, Scope scope, Object state, Boolean isCompleted)
   at Microsoft.AspNetCore.Mvc.Infrastructure.ResourceInvoker.Rethrow(ResourceExecutedContextSealed context)
   at Microsoft.AspNetCore.Mvc.Infrastructure.ResourceInvoker.Next(State& next, Scope& scope, Object& state, Boolean& isCompleted)
   at Microsoft.AspNetCore.Mvc.Infrastructure.ResourceInvoker.InvokeFilterPipelineAsync()
--- End of stack trace from previous location ---
   at Microsoft.AspNetCore.Mvc.Infrastructure.ResourceInvoker.<InvokeAsync>g__Logged|17_1(ResourceInvoker invoker)
   at Microsoft.AspNetCore.Mvc.Infrastructure.ResourceInvoker.<InvokeAsync>g__Logged|17_1(ResourceInvoker invoker)
   at Microsoft.AspNetCore.Routing.EndpointMiddleware.<Invoke>g__AwaitRequestTask|6_0(Endpoint endpoint, Task requestTask, ILogger logger)
   at Microsoft.AspNetCore.Authorization.AuthorizationMiddleware.Invoke(HttpContext context)
   at Microsoft.AspNetCore.Authentication.AuthenticationMiddleware.Invoke(HttpContext context)
   at Microsoft.AspNetCore.Diagnostics.DeveloperExceptionPageMiddleware.Invoke(HttpContext context) |***| 2022-09-19 07:13:05.9276 |***| 1|***| Microsoft.AspNetCore.Diagnostics.DeveloperExceptionPageMiddleware|
ERROR |***| An unhandled exception has occurred while executing the request. System.InvalidOperationException: Could not create an instance of type 'Microsoft.AspNetCore.Mvc.Rendering.SelectList'. Model bound complex types must not be abstract or value types and must have a parameterless constructor. Record types must have a single primary constructor. Alternatively, set the 'Brand' property to a non-null value in the 'KalaMarket.EndPoint.Pages.Admin.Products.AddProductModel' constructor.
   at Microsoft.AspNetCore.Mvc.ModelBinding.Binders.ComplexObjectModelBinder.CreateModel(ModelBindingContext bindingContext)
   at Microsoft.AspNetCore.Mvc.ModelBinding.Binders.ComplexObjectModelBinder.BindModelCoreAsync(ModelBindingContext bindingContext, Int32 propertyData)
   at Microsoft.AspNetCore.Mvc.ModelBinding.ParameterBinder.BindModelAsync(ActionContext actionContext, IModelBinder modelBinder, IValueProvider valueProvider, ParameterDescriptor parameter, ModelMetadata metadata, Object value, Object container)
   at Microsoft.AspNetCore.Mvc.RazorPages.Infrastructure.PageBinderFactory.<>c__DisplayClass2_0.<<CreatePropertyBinder>g__Bind|0>d.MoveNext()
--- End of stack trace from previous location ---
   at Microsoft.AspNetCore.Mvc.RazorPages.Infrastructure.PageActionInvoker.BindArgumentsCoreAsync()
   at Microsoft.AspNetCore.Mvc.RazorPages.Infrastructure.PageActionInvoker.InvokeInnerFilterAsync()
   at Microsoft.AspNetCore.Mvc.Infrastructure.ResourceInvoker.<InvokeNextResourceFilter>g__Awaited|25_0(ResourceInvoker invoker, Task lastTask, State next, Scope scope, Object state, Boolean isCompleted)
   at Microsoft.AspNetCore.Mvc.Infrastructure.ResourceInvoker.Rethrow(ResourceExecutedContextSealed context)
   at Microsoft.AspNetCore.Mvc.Infrastructure.ResourceInvoker.Next(State& next, Scope& scope, Object& state, Boolean& isCompleted)
   at Microsoft.AspNetCore.Mvc.Infrastructure.ResourceInvoker.InvokeFilterPipelineAsync()
--- End of stack trace from previous location ---
   at Microsoft.AspNetCore.Mvc.Infrastructure.ResourceInvoker.<InvokeAsync>g__Logged|17_1(ResourceInvoker invoker)
   at Microsoft.AspNetCore.Mvc.Infrastructure.ResourceInvoker.<InvokeAsync>g__Logged|17_1(ResourceInvoker invoker)
   at Microsoft.AspNetCore.Routing.EndpointMiddleware.<Invoke>g__AwaitRequestTask|6_0(Endpoint endpoint, Task requestTask, ILogger logger)
   at Microsoft.AspNetCore.Authorization.AuthorizationMiddleware.Invoke(HttpContext context)
   at Microsoft.AspNetCore.Authentication.AuthenticationMiddleware.Invoke(HttpContext context)
   at Microsoft.AspNetCore.Diagnostics.DeveloperExceptionPageMiddleware.Invoke(HttpContext context) |***| 2022-09-19 07:13:30.8307 |***| 1|***| Microsoft.AspNetCore.Diagnostics.DeveloperExceptionPageMiddleware|
ERROR |***| An unhandled exception has occurred while executing the request. System.InvalidOperationException: Could not create an instance of type 'Microsoft.AspNetCore.Mvc.Rendering.SelectList'. Model bound complex types must not be abstract or value types and must have a parameterless constructor. Record types must have a single primary constructor. Alternatively, set the 'Brand' property to a non-null value in the 'KalaMarket.EndPoint.Pages.Admin.Products.AddProductModel' constructor.
   at Microsoft.AspNetCore.Mvc.ModelBinding.Binders.ComplexObjectModelBinder.CreateModel(ModelBindingContext bindingContext)
   at Microsoft.AspNetCore.Mvc.ModelBinding.Binders.ComplexObjectModelBinder.BindModelCoreAsync(ModelBindingContext bindingContext, Int32 propertyData)
   at Microsoft.AspNetCore.Mvc.ModelBinding.ParameterBinder.BindModelAsync(ActionContext actionContext, IModelBinder modelBinder, IValueProvider valueProvider, ParameterDescriptor parameter, ModelMetadata metadata, Object value, Object container)
   at Microsoft.AspNetCore.Mvc.RazorPages.Infrastructure.PageBinderFactory.<>c__DisplayClass2_0.<<CreatePropertyBinder>g__Bind|0>d.MoveNext()
--- End of stack trace from previous location ---
   at Microsoft.AspNetCore.Mvc.RazorPages.Infrastructure.PageActionInvoker.BindArgumentsCoreAsync()
   at Microsoft.AspNetCore.Mvc.RazorPages.Infrastructure.PageActionInvoker.InvokeInnerFilterAsync()
   at Microsoft.AspNetCore.Mvc.Infrastructure.ResourceInvoker.<InvokeNextResourceFilter>g__Awaited|25_0(ResourceInvoker invoker, Task lastTask, State next, Scope scope, Object state, Boolean isCompleted)
   at Microsoft.AspNetCore.Mvc.Infrastructure.ResourceInvoker.Rethrow(ResourceExecutedContextSealed context)
   at Microsoft.AspNetCore.Mvc.Infrastructure.ResourceInvoker.Next(State& next, Scope& scope, Object& state, Boolean& isCompleted)
   at Microsoft.AspNetCore.Mvc.Infrastructure.ResourceInvoker.InvokeFilterPipelineAsync()
--- End of stack trace from previous location ---
   at Microsoft.AspNetCore.Mvc.Infrastructure.ResourceInvoker.<InvokeAsync>g__Logged|17_1(ResourceInvoker invoker)
   at Microsoft.AspNetCore.Mvc.Infrastructure.ResourceInvoker.<InvokeAsync>g__Logged|17_1(ResourceInvoker invoker)
   at Microsoft.AspNetCore.Routing.EndpointMiddleware.<Invoke>g__AwaitRequestTask|6_0(Endpoint endpoint, Task requestTask, ILogger logger)
   at Microsoft.AspNetCore.Authorization.AuthorizationMiddleware.Invoke(HttpContext context)
   at Microsoft.AspNetCore.Authentication.AuthenticationMiddleware.Invoke(HttpContext context)
   at Microsoft.AspNetCore.Diagnostics.DeveloperExceptionPageMiddleware.Invoke(HttpContext context) |***| 2022-09-19 07:13:46.2228 |***| 1|***| Microsoft.AspNetCore.Diagnostics.DeveloperExceptionPageMiddleware|
INFO |***| Application started. Press Ctrl+C to shut down.  |***| 2022-09-19 07:14:40.3867 |***| 0|***| Microsoft.Hosting.Lifetime|
INFO |***| Hosting environment: Development  |***| 2022-09-19 07:14:40.3867 |***| 0|***| Microsoft.Hosting.Lifetime|
INFO |***| Content root path: C:\WorkSpace\Asp\Projects\KalaMarket\Src\KalaMarket\KalaMarket.EndPoint\  |***| 2022-09-19 07:14:40.3867 |***| 0|***| Microsoft.Hosting.Lifetime|
WARN |***| No store type was specified for the decimal property 'Price' on entity type 'Product'. This will cause values to be silently truncated if they do not fit in the default precision and scale. Explicitly specify the SQL server column type that can accommodate all the values in 'OnModelCreating' using 'HasColumnType', specify precision and scale using 'HasPrecision', or configure a value converter using 'HasConversion'.  |***| 2022-09-19 07:14:41.7781 |***| 30000|***| Microsoft.EntityFrameworkCore.Model.Validation|
ERROR |***| An unhandled exception has occurred while executing the request. System.InvalidOperationException: Could not create an instance of type 'Microsoft.AspNetCore.Mvc.Rendering.SelectList'. Model bound complex types must not be abstract or value types and must have a parameterless constructor. Record types must have a single primary constructor. Alternatively, set the 'Brand' property to a non-null value in the 'KalaMarket.EndPoint.Pages.Admin.Products.AddProductModel' constructor.
   at Microsoft.AspNetCore.Mvc.ModelBinding.Binders.ComplexObjectModelBinder.CreateModel(ModelBindingContext bindingContext)
   at Microsoft.AspNetCore.Mvc.ModelBinding.Binders.ComplexObjectModelBinder.BindModelCoreAsync(ModelBindingContext bindingContext, Int32 propertyData)
   at Microsoft.AspNetCore.Mvc.ModelBinding.ParameterBinder.BindModelAsync(ActionContext actionContext, IModelBinder modelBinder, IValueProvider valueProvider, ParameterDescriptor parameter, ModelMetadata metadata, Object value, Object container)
   at Microsoft.AspNetCore.Mvc.RazorPages.Infrastructure.PageBinderFactory.<>c__DisplayClass2_0.<<CreatePropertyBinder>g__Bind|0>d.MoveNext()
--- End of stack trace from previous location ---
   at Microsoft.AspNetCore.Mvc.RazorPages.Infrastructure.PageActionInvoker.BindArgumentsCoreAsync()
   at Microsoft.AspNetCore.Mvc.RazorPages.Infrastructure.PageActionInvoker.InvokeInnerFilterAsync()
   at Microsoft.AspNetCore.Mvc.Infrastructure.ResourceInvoker.<InvokeNextResourceFilter>g__Awaited|25_0(ResourceInvoker invoker, Task lastTask, State next, Scope scope, Object state, Boolean isCompleted)
   at Microsoft.AspNetCore.Mvc.Infrastructure.ResourceInvoker.Rethrow(ResourceExecutedContextSealed context)
   at Microsoft.AspNetCore.Mvc.Infrastructure.ResourceInvoker.Next(State& next, Scope& scope, Object& state, Boolean& isCompleted)
   at Microsoft.AspNetCore.Mvc.Infrastructure.ResourceInvoker.InvokeFilterPipelineAsync()
--- End of stack trace from previous location ---
   at Microsoft.AspNetCore.Mvc.Infrastructure.ResourceInvoker.<InvokeAsync>g__Logged|17_1(ResourceInvoker invoker)
   at Microsoft.AspNetCore.Mvc.Infrastructure.ResourceInvoker.<InvokeAsync>g__Logged|17_1(ResourceInvoker invoker)
   at Microsoft.AspNetCore.Routing.EndpointMiddleware.<Invoke>g__AwaitRequestTask|6_0(Endpoint endpoint, Task requestTask, ILogger logger)
   at Microsoft.AspNetCore.Authorization.AuthorizationMiddleware.Invoke(HttpContext context)
   at Microsoft.AspNetCore.Authentication.AuthenticationMiddleware.Invoke(HttpContext context)
   at Microsoft.AspNetCore.Diagnostics.DeveloperExceptionPageMiddleware.Invoke(HttpContext context) |***| 2022-09-19 07:15:00.4558 |***| 1|***| Microsoft.AspNetCore.Diagnostics.DeveloperExceptionPageMiddleware|
INFO |***| Application started. Press Ctrl+C to shut down.  |***| 2022-09-19 07:16:13.8855 |***| 0|***| Microsoft.Hosting.Lifetime|
INFO |***| Hosting environment: Development  |***| 2022-09-19 07:16:13.8855 |***| 0|***| Microsoft.Hosting.Lifetime|
INFO |***| Content root path: C:\WorkSpace\Asp\Projects\KalaMarket\Src\KalaMarket\KalaMarket.EndPoint\  |***| 2022-09-19 07:16:13.8855 |***| 0|***| Microsoft.Hosting.Lifetime|
WARN |***| No store type was specified for the decimal property 'Price' on entity type 'Product'. This will cause values to be silently truncated if they do not fit in the default precision and scale. Explicitly specify the SQL server column type that can accommodate all the values in 'OnModelCreating' using 'HasColumnType', specify precision and scale using 'HasPrecision', or configure a value converter using 'HasConversion'.  |***| 2022-09-19 07:16:15.2043 |***| 30000|***| Microsoft.EntityFrameworkCore.Model.Validation|
INFO |***| Application started. Press Ctrl+C to shut down.  |***| 2022-09-19 07:20:59.6898 |***| 0|***| Microsoft.Hosting.Lifetime|
INFO |***| Hosting environment: Development  |***| 2022-09-19 07:20:59.6898 |***| 0|***| Microsoft.Hosting.Lifetime|
INFO |***| Content root path: C:\WorkSpace\Asp\Projects\KalaMarket\Src\KalaMarket\KalaMarket.EndPoint\  |***| 2022-09-19 07:20:59.6898 |***| 0|***| Microsoft.Hosting.Lifetime|
WARN |***| No store type was specified for the decimal property 'Price' on entity type 'Product'. This will cause values to be silently truncated if they do not fit in the default precision and scale. Explicitly specify the SQL server column type that can accommodate all the values in 'OnModelCreating' using 'HasColumnType', specify precision and scale using 'HasPrecision', or configure a value converter using 'HasConversion'.  |***| 2022-09-19 07:21:01.4870 |***| 30000|***| Microsoft.EntityFrameworkCore.Model.Validation|
INFO |***| Application started. Press Ctrl+C to shut down.  |***| 2022-09-19 16:31:22.4711 |***| 0|***| Microsoft.Hosting.Lifetime|
INFO |***| Hosting environment: Development  |***| 2022-09-19 16:31:22.4711 |***| 0|***| Microsoft.Hosting.Lifetime|
INFO |***| Content root path: C:\WorkSpace\Asp\Projects\KalaMarket\Src\KalaMarket\KalaMarket.EndPoint\  |***| 2022-09-19 16:31:22.4711 |***| 0|***| Microsoft.Hosting.Lifetime|
WARN |***| No store type was specified for the decimal property 'Price' on entity type 'Product'. This will cause values to be silently truncated if they do not fit in the default precision and scale. Explicitly specify the SQL server column type that can accommodate all the values in 'OnModelCreating' using 'HasColumnType', specify precision and scale using 'HasPrecision', or configure a value converter using 'HasConversion'.  |***| 2022-09-19 16:31:25.3456 |***| 30000|***| Microsoft.EntityFrameworkCore.Model.Validation|
INFO |***| Application started. Press Ctrl+C to shut down.  |***| 2022-09-19 16:33:57.4059 |***| 0|***| Microsoft.Hosting.Lifetime|
INFO |***| Hosting environment: Development  |***| 2022-09-19 16:33:57.4128 |***| 0|***| Microsoft.Hosting.Lifetime|
INFO |***| Content root path: C:\WorkSpace\Asp\Projects\KalaMarket\Src\KalaMarket\KalaMarket.EndPoint\  |***| 2022-09-19 16:33:57.4128 |***| 0|***| Microsoft.Hosting.Lifetime|
WARN |***| No store type was specified for the decimal property 'Price' on entity type 'Product'. This will cause values to be silently truncated if they do not fit in the default precision and scale. Explicitly specify the SQL server column type that can accommodate all the values in 'OnModelCreating' using 'HasColumnType', specify precision and scale using 'HasPrecision', or configure a value converter using 'HasConversion'.  |***| 2022-09-19 16:34:36.4954 |***| 30000|***| Microsoft.EntityFrameworkCore.Model.Validation|
INFO |***| Application started. Press Ctrl+C to shut down.  |***| 2022-09-19 16:36:22.2516 |***| 0|***| Microsoft.Hosting.Lifetime|
INFO |***| Hosting environment: Development  |***| 2022-09-19 16:36:22.2516 |***| 0|***| Microsoft.Hosting.Lifetime|
INFO |***| Content root path: C:\WorkSpace\Asp\Projects\KalaMarket\Src\KalaMarket\KalaMarket.EndPoint\  |***| 2022-09-19 16:36:22.2516 |***| 0|***| Microsoft.Hosting.Lifetime|
WARN |***| No store type was specified for the decimal property 'Price' on entity type 'Product'. This will cause values to be silently truncated if they do not fit in the default precision and scale. Explicitly specify the SQL server column type that can accommodate all the values in 'OnModelCreating' using 'HasColumnType', specify precision and scale using 'HasPrecision', or configure a value converter using 'HasConversion'.  |***| 2022-09-19 16:36:30.1466 |***| 30000|***| Microsoft.EntityFrameworkCore.Model.Validation|
INFO |***| Application started. Press Ctrl+C to shut down.  |***| 2022-09-19 19:31:09.9462 |***| 0|***| Microsoft.Hosting.Lifetime|
INFO |***| Hosting environment: Development  |***| 2022-09-19 19:31:09.9462 |***| 0|***| Microsoft.Hosting.Lifetime|
INFO |***| Content root path: C:\WorkSpace\Asp\Projects\KalaMarket\Src\KalaMarket\KalaMarket.EndPoint\  |***| 2022-09-19 19:31:09.9462 |***| 0|***| Microsoft.Hosting.Lifetime|
WARN |***| No store type was specified for the decimal property 'Price' on entity type 'Product'. This will cause values to be silently truncated if they do not fit in the default precision and scale. Explicitly specify the SQL server column type that can accommodate all the values in 'OnModelCreating' using 'HasColumnType', specify precision and scale using 'HasPrecision', or configure a value converter using 'HasConversion'.  |***| 2022-09-19 19:31:11.3189 |***| 30000|***| Microsoft.EntityFrameworkCore.Model.Validation|
INFO |***| Now listening on: https://localhost:7060  |***| 2022-09-19 19:31:53.0169 |***| 14|***| Microsoft.Hosting.Lifetime|
INFO |***| Now listening on: http://localhost:5060  |***| 2022-09-19 19:31:53.0169 |***| 14|***| Microsoft.Hosting.Lifetime|
INFO |***| Application started. Press Ctrl+C to shut down.  |***| 2022-09-19 19:31:53.0169 |***| 0|***| Microsoft.Hosting.Lifetime|
INFO |***| Hosting environment: Development  |***| 2022-09-19 19:31:53.0169 |***| 0|***| Microsoft.Hosting.Lifetime|
INFO |***| Content root path: C:\WorkSpace\Asp\Projects\KalaMarket\Src\KalaMarket\KalaMarket.EndPoint\  |***| 2022-09-19 19:31:53.0169 |***| 0|***| Microsoft.Hosting.Lifetime|
WARN |***| No store type was specified for the decimal property 'Price' on entity type 'Product'. This will cause values to be silently truncated if they do not fit in the default precision and scale. Explicitly specify the SQL server column type that can accommodate all the values in 'OnModelCreating' using 'HasColumnType', specify precision and scale using 'HasPrecision', or configure a value converter using 'HasConversion'.  |***| 2022-09-19 19:31:55.4548 |***| 30000|***| Microsoft.EntityFrameworkCore.Model.Validation|
INFO |***| Now listening on: https://localhost:7060  |***| 2022-09-19 19:34:38.4688 |***| 14|***| Microsoft.Hosting.Lifetime|
INFO |***| Now listening on: http://localhost:5060  |***| 2022-09-19 19:34:38.4688 |***| 14|***| Microsoft.Hosting.Lifetime|
INFO |***| Application started. Press Ctrl+C to shut down.  |***| 2022-09-19 19:34:38.4750 |***| 0|***| Microsoft.Hosting.Lifetime|
INFO |***| Hosting environment: Development  |***| 2022-09-19 19:34:38.4750 |***| 0|***| Microsoft.Hosting.Lifetime|
INFO |***| Content root path: C:\WorkSpace\Asp\Projects\KalaMarket\Src\KalaMarket\KalaMarket.EndPoint\  |***| 2022-09-19 19:34:38.4750 |***| 0|***| Microsoft.Hosting.Lifetime|
WARN |***| No store type was specified for the decimal property 'Price' on entity type 'Product'. This will cause values to be silently truncated if they do not fit in the default precision and scale. Explicitly specify the SQL server column type that can accommodate all the values in 'OnModelCreating' using 'HasColumnType', specify precision and scale using 'HasPrecision', or configure a value converter using 'HasConversion'.  |***| 2022-09-19 19:34:41.0201 |***| 30000|***| Microsoft.EntityFrameworkCore.Model.Validation|
INFO |***| Now listening on: https://localhost:7060  |***| 2022-09-19 21:06:31.8618 |***| 14|***| Microsoft.Hosting.Lifetime|
INFO |***| Now listening on: http://localhost:5060  |***| 2022-09-19 21:06:31.8618 |***| 14|***| Microsoft.Hosting.Lifetime|
INFO |***| Application started. Press Ctrl+C to shut down.  |***| 2022-09-19 21:06:31.8618 |***| 0|***| Microsoft.Hosting.Lifetime|
INFO |***| Hosting environment: Development  |***| 2022-09-19 21:06:31.8618 |***| 0|***| Microsoft.Hosting.Lifetime|
INFO |***| Content root path: C:\WorkSpace\Asp\Projects\KalaMarket\Src\KalaMarket\KalaMarket.EndPoint\  |***| 2022-09-19 21:06:31.8618 |***| 0|***| Microsoft.Hosting.Lifetime|
WARN |***| No store type was specified for the decimal property 'Price' on entity type 'Product'. This will cause values to be silently truncated if they do not fit in the default precision and scale. Explicitly specify the SQL server column type that can accommodate all the values in 'OnModelCreating' using 'HasColumnType', specify precision and scale using 'HasPrecision', or configure a value converter using 'HasConversion'.  |***| 2022-09-19 21:06:35.9159 |***| 30000|***| Microsoft.EntityFrameworkCore.Model.Validation|
INFO |***| Now listening on: https://localhost:7060  |***| 2022-09-19 21:55:00.0519 |***| 14|***| Microsoft.Hosting.Lifetime|
INFO |***| Now listening on: http://localhost:5060  |***| 2022-09-19 21:55:00.0519 |***| 14|***| Microsoft.Hosting.Lifetime|
INFO |***| Application started. Press Ctrl+C to shut down.  |***| 2022-09-19 21:55:00.0519 |***| 0|***| Microsoft.Hosting.Lifetime|
INFO |***| Hosting environment: Development  |***| 2022-09-19 21:55:00.0519 |***| 0|***| Microsoft.Hosting.Lifetime|
INFO |***| Content root path: C:\WorkSpace\Asp\Projects\KalaMarket\Src\KalaMarket\KalaMarket.EndPoint\  |***| 2022-09-19 21:55:00.0519 |***| 0|***| Microsoft.Hosting.Lifetime|
WARN |***| No store type was specified for the decimal property 'Price' on entity type 'Product'. This will cause values to be silently truncated if they do not fit in the default precision and scale. Explicitly specify the SQL server column type that can accommodate all the values in 'OnModelCreating' using 'HasColumnType', specify precision and scale using 'HasPrecision', or configure a value converter using 'HasConversion'.  |***| 2022-09-19 21:55:03.2955 |***| 30000|***| Microsoft.EntityFrameworkCore.Model.Validation|
INFO |***| Now listening on: https://localhost:7060  |***| 2022-09-19 22:07:46.5613 |***| 14|***| Microsoft.Hosting.Lifetime|
INFO |***| Now listening on: http://localhost:5060  |***| 2022-09-19 22:07:46.5613 |***| 14|***| Microsoft.Hosting.Lifetime|
INFO |***| Application started. Press Ctrl+C to shut down.  |***| 2022-09-19 22:07:46.5626 |***| 0|***| Microsoft.Hosting.Lifetime|
INFO |***| Hosting environment: Development  |***| 2022-09-19 22:07:46.5626 |***| 0|***| Microsoft.Hosting.Lifetime|
INFO |***| Content root path: C:\WorkSpace\Asp\Projects\KalaMarket\Src\KalaMarket\KalaMarket.EndPoint\  |***| 2022-09-19 22:07:46.5626 |***| 0|***| Microsoft.Hosting.Lifetime|
WARN |***| No store type was specified for the decimal property 'Price' on entity type 'Product'. This will cause values to be silently truncated if they do not fit in the default precision and scale. Explicitly specify the SQL server column type that can accommodate all the values in 'OnModelCreating' using 'HasColumnType', specify precision and scale using 'HasPrecision', or configure a value converter using 'HasConversion'.  |***| 2022-09-19 22:07:49.1370 |***| 30000|***| Microsoft.EntityFrameworkCore.Model.Validation|
INFO |***| Now listening on: https://localhost:7060  |***| 2022-09-19 22:13:56.2337 |***| 14|***| Microsoft.Hosting.Lifetime|
INFO |***| Now listening on: http://localhost:5060  |***| 2022-09-19 22:13:56.2337 |***| 14|***| Microsoft.Hosting.Lifetime|
INFO |***| Application started. Press Ctrl+C to shut down.  |***| 2022-09-19 22:13:56.2363 |***| 0|***| Microsoft.Hosting.Lifetime|
INFO |***| Hosting environment: Development  |***| 2022-09-19 22:13:56.2363 |***| 0|***| Microsoft.Hosting.Lifetime|
INFO |***| Content root path: C:\WorkSpace\Asp\Projects\KalaMarket\Src\KalaMarket\KalaMarket.EndPoint\  |***| 2022-09-19 22:13:56.2363 |***| 0|***| Microsoft.Hosting.Lifetime|
WARN |***| No store type was specified for the decimal property 'Price' on entity type 'Product'. This will cause values to be silently truncated if they do not fit in the default precision and scale. Explicitly specify the SQL server column type that can accommodate all the values in 'OnModelCreating' using 'HasColumnType', specify precision and scale using 'HasPrecision', or configure a value converter using 'HasConversion'.  |***| 2022-09-19 22:14:00.6770 |***| 30000|***| Microsoft.EntityFrameworkCore.Model.Validation|
INFO |***| Now listening on: https://localhost:7060  |***| 2022-09-19 22:32:48.1866 |***| 14|***| Microsoft.Hosting.Lifetime|
INFO |***| Now listening on: http://localhost:5060  |***| 2022-09-19 22:32:48.1866 |***| 14|***| Microsoft.Hosting.Lifetime|
INFO |***| Application started. Press Ctrl+C to shut down.  |***| 2022-09-19 22:32:48.1881 |***| 0|***| Microsoft.Hosting.Lifetime|
INFO |***| Hosting environment: Development  |***| 2022-09-19 22:32:48.1881 |***| 0|***| Microsoft.Hosting.Lifetime|
INFO |***| Content root path: C:\WorkSpace\Asp\Projects\KalaMarket\Src\KalaMarket\KalaMarket.EndPoint\  |***| 2022-09-19 22:32:48.1881 |***| 0|***| Microsoft.Hosting.Lifetime|
WARN |***| No store type was specified for the decimal property 'Price' on entity type 'Product'. This will cause values to be silently truncated if they do not fit in the default precision and scale. Explicitly specify the SQL server column type that can accommodate all the values in 'OnModelCreating' using 'HasColumnType', specify precision and scale using 'HasPrecision', or configure a value converter using 'HasConversion'.  |***| 2022-09-19 22:32:51.6581 |***| 30000|***| Microsoft.EntityFrameworkCore.Model.Validation|
INFO |***| Now listening on: https://localhost:7060  |***| 2022-09-19 23:04:09.5935 |***| 14|***| Microsoft.Hosting.Lifetime|
INFO |***| Now listening on: http://localhost:5060  |***| 2022-09-19 23:04:09.5935 |***| 14|***| Microsoft.Hosting.Lifetime|
INFO |***| Application started. Press Ctrl+C to shut down.  |***| 2022-09-19 23:04:09.5953 |***| 0|***| Microsoft.Hosting.Lifetime|
INFO |***| Hosting environment: Development  |***| 2022-09-19 23:04:09.5953 |***| 0|***| Microsoft.Hosting.Lifetime|
INFO |***| Content root path: C:\WorkSpace\Asp\Projects\KalaMarket\Src\KalaMarket\KalaMarket.EndPoint\  |***| 2022-09-19 23:04:09.5953 |***| 0|***| Microsoft.Hosting.Lifetime|
WARN |***| No store type was specified for the decimal property 'Price' on entity type 'Product'. This will cause values to be silently truncated if they do not fit in the default precision and scale. Explicitly specify the SQL server column type that can accommodate all the values in 'OnModelCreating' using 'HasColumnType', specify precision and scale using 'HasPrecision', or configure a value converter using 'HasConversion'.  |***| 2022-09-19 23:04:12.8538 |***| 30000|***| Microsoft.EntityFrameworkCore.Model.Validation|
INFO |***| Now listening on: https://localhost:7060  |***| 2022-09-19 23:39:59.8944 |***| 14|***| Microsoft.Hosting.Lifetime|
INFO |***| Now listening on: http://localhost:5060  |***| 2022-09-19 23:39:59.8944 |***| 14|***| Microsoft.Hosting.Lifetime|
INFO |***| Application started. Press Ctrl+C to shut down.  |***| 2022-09-19 23:39:59.8944 |***| 0|***| Microsoft.Hosting.Lifetime|
INFO |***| Hosting environment: Development  |***| 2022-09-19 23:39:59.8944 |***| 0|***| Microsoft.Hosting.Lifetime|
INFO |***| Content root path: C:\WorkSpace\Asp\Projects\KalaMarket\Src\KalaMarket\KalaMarket.EndPoint\  |***| 2022-09-19 23:39:59.8944 |***| 0|***| Microsoft.Hosting.Lifetime|
WARN |***| No store type was specified for the decimal property 'Price' on entity type 'Product'. This will cause values to be silently truncated if they do not fit in the default precision and scale. Explicitly specify the SQL server column type that can accommodate all the values in 'OnModelCreating' using 'HasColumnType', specify precision and scale using 'HasPrecision', or configure a value converter using 'HasConversion'.  |***| 2022-09-19 23:40:03.1158 |***| 30000|***| Microsoft.EntityFrameworkCore.Model.Validation|
