2022-09-05 23:56:25.9222|0|DEBUG|Program|init main 
2022-09-05 23:56:27.3794|3|DEBUG|Microsoft.AspNetCore.Mvc.Razor.Compilation.DefaultViewCompiler|Initializing Razor view compiler with compiled view: '/Pages/Account/AccessDenied.cshtml'. 
2022-09-05 23:56:27.3963|3|DEBUG|Microsoft.AspNetCore.Mvc.Razor.Compilation.DefaultViewCompiler|Initializing Razor view compiler with compiled view: '/Pages/Account/ForgetPassword.cshtml'. 
2022-09-05 23:56:27.3963|3|DEBUG|Microsoft.AspNetCore.Mvc.Razor.Compilation.DefaultViewCompiler|Initializing Razor view compiler with compiled view: '/Pages/Account/Login.cshtml'. 
2022-09-05 23:56:27.3963|3|DEBUG|Microsoft.AspNetCore.Mvc.Razor.Compilation.DefaultViewCompiler|Initializing Razor view compiler with compiled view: '/Pages/Account/Register.cshtml'. 
2022-09-05 23:56:27.3963|3|DEBUG|Microsoft.AspNetCore.Mvc.Razor.Compilation.DefaultViewCompiler|Initializing Razor view compiler with compiled view: '/Pages/Account/Signout.cshtml'. 
2022-09-05 23:56:27.3963|3|DEBUG|Microsoft.AspNetCore.Mvc.Razor.Compilation.DefaultViewCompiler|Initializing Razor view compiler with compiled view: '/Pages/Account/_Partial/_LoginScriptPartial.cshtml'. 
2022-09-05 23:56:27.3963|3|DEBUG|Microsoft.AspNetCore.Mvc.Razor.Compilation.DefaultViewCompiler|Initializing Razor view compiler with compiled view: '/Pages/Account/_Partial/_LoginStylePartial.cshtml'. 
2022-09-05 23:56:27.3963|3|DEBUG|Microsoft.AspNetCore.Mvc.Razor.Compilation.DefaultViewCompiler|Initializing Razor view compiler with compiled view: '/Pages/Account/_Partial/_RegisterScriptPartial.cshtml'. 
2022-09-05 23:56:27.3963|3|DEBUG|Microsoft.AspNetCore.Mvc.Razor.Compilation.DefaultViewCompiler|Initializing Razor view compiler with compiled view: '/Pages/Account/_Partial/_RegisterStylePartial.cshtml'. 
2022-09-05 23:56:27.3963|3|DEBUG|Microsoft.AspNetCore.Mvc.Razor.Compilation.DefaultViewCompiler|Initializing Razor view compiler with compiled view: '/Pages/Admin/Index.cshtml'. 
2022-09-05 23:56:27.3963|3|DEBUG|Microsoft.AspNetCore.Mvc.Razor.Compilation.DefaultViewCompiler|Initializing Razor view compiler with compiled view: '/Pages/Admin/Shared/_AdminLayout.cshtml'. 
2022-09-05 23:56:27.3963|3|DEBUG|Microsoft.AspNetCore.Mvc.Razor.Compilation.DefaultViewCompiler|Initializing Razor view compiler with compiled view: '/Pages/Admin/Shared/_Partials/_LinkPartial.cshtml'. 
2022-09-05 23:56:27.3963|3|DEBUG|Microsoft.AspNetCore.Mvc.Razor.Compilation.DefaultViewCompiler|Initializing Razor view compiler with compiled view: '/Pages/Admin/Shared/_Partials/_MetaTagPartial.cshtml'. 
2022-09-05 23:56:27.3963|3|DEBUG|Microsoft.AspNetCore.Mvc.Razor.Compilation.DefaultViewCompiler|Initializing Razor view compiler with compiled view: '/Pages/Admin/Shared/_Partials/_ScriptPartial.cshtml'. 
2022-09-05 23:56:27.3963|3|DEBUG|Microsoft.AspNetCore.Mvc.Razor.Compilation.DefaultViewCompiler|Initializing Razor view compiler with compiled view: '/Pages/Admin/Users/Index.cshtml'. 
2022-09-05 23:56:27.3963|3|DEBUG|Microsoft.AspNetCore.Mvc.Razor.Compilation.DefaultViewCompiler|Initializing Razor view compiler with compiled view: '/Pages/Admin/Users/Register.cshtml'. 
2022-09-05 23:56:27.3963|3|DEBUG|Microsoft.AspNetCore.Mvc.Razor.Compilation.DefaultViewCompiler|Initializing Razor view compiler with compiled view: '/Pages/Admin/Users/RemovedUsers.cshtml'. 
2022-09-05 23:56:27.3963|3|DEBUG|Microsoft.AspNetCore.Mvc.Razor.Compilation.DefaultViewCompiler|Initializing Razor view compiler with compiled view: '/Pages/Admin/Users/_Partial/_ChangeActivationUserScript.cshtml'. 
2022-09-05 23:56:27.3963|3|DEBUG|Microsoft.AspNetCore.Mvc.Razor.Compilation.DefaultViewCompiler|Initializing Razor view compiler with compiled view: '/Pages/Admin/Users/_Partial/_DeleteUserScript.cshtml'. 
2022-09-05 23:56:27.3963|3|DEBUG|Microsoft.AspNetCore.Mvc.Razor.Compilation.DefaultViewCompiler|Initializing Razor view compiler with compiled view: '/Pages/Admin/Users/_Partial/_EditModalPartial.cshtml'. 
2022-09-05 23:56:27.3963|3|DEBUG|Microsoft.AspNetCore.Mvc.Razor.Compilation.DefaultViewCompiler|Initializing Razor view compiler with compiled view: '/Pages/Admin/Users/_Partial/_EditUserScript.cshtml'. 
2022-09-05 23:56:27.3963|3|DEBUG|Microsoft.AspNetCore.Mvc.Razor.Compilation.DefaultViewCompiler|Initializing Razor view compiler with compiled view: '/Pages/Admin/_ViewImports.cshtml'. 
2022-09-05 23:56:27.3963|3|DEBUG|Microsoft.AspNetCore.Mvc.Razor.Compilation.DefaultViewCompiler|Initializing Razor view compiler with compiled view: '/Pages/Admin/_ViewStart.cshtml'. 
2022-09-05 23:56:27.3963|3|DEBUG|Microsoft.AspNetCore.Mvc.Razor.Compilation.DefaultViewCompiler|Initializing Razor view compiler with compiled view: '/Pages/Index.cshtml'. 
2022-09-05 23:56:27.3963|3|DEBUG|Microsoft.AspNetCore.Mvc.Razor.Compilation.DefaultViewCompiler|Initializing Razor view compiler with compiled view: '/Pages/Shared/_Partials/SideScript/_DisableFormBtn.cshtml'. 
2022-09-05 23:56:27.3963|3|DEBUG|Microsoft.AspNetCore.Mvc.Razor.Compilation.DefaultViewCompiler|Initializing Razor view compiler with compiled view: '/Pages/Shared/_Partials/_DisplayPageMessages.cshtml'. 
2022-09-05 23:56:27.3963|3|DEBUG|Microsoft.AspNetCore.Mvc.Razor.Compilation.DefaultViewCompiler|Initializing Razor view compiler with compiled view: '/Pages/Shared/_Partials/_DisplayPageMessagesInLayout.cshtml'. 
2022-09-05 23:56:27.3963|3|DEBUG|Microsoft.AspNetCore.Mvc.Razor.Compilation.DefaultViewCompiler|Initializing Razor view compiler with compiled view: '/Pages/Shared/_Partials/_DisplayToastMessages.cshtml'. 
2022-09-05 23:56:27.3963|3|DEBUG|Microsoft.AspNetCore.Mvc.Razor.Compilation.DefaultViewCompiler|Initializing Razor view compiler with compiled view: '/Pages/Shared/_Partials/_LinkPartial.cshtml'. 
2022-09-05 23:56:27.3963|3|DEBUG|Microsoft.AspNetCore.Mvc.Razor.Compilation.DefaultViewCompiler|Initializing Razor view compiler with compiled view: '/Pages/Shared/_Partials/_MetaTagPartial.cshtml'. 
2022-09-05 23:56:27.3963|3|DEBUG|Microsoft.AspNetCore.Mvc.Razor.Compilation.DefaultViewCompiler|Initializing Razor view compiler with compiled view: '/Pages/Shared/_Partials/_ScriptPartial.cshtml'. 
2022-09-05 23:56:27.3963|3|DEBUG|Microsoft.AspNetCore.Mvc.Razor.Compilation.DefaultViewCompiler|Initializing Razor view compiler with compiled view: '/Pages/Shared/_ValidationScriptsPartial.cshtml'. 
2022-09-05 23:56:27.3963|3|DEBUG|Microsoft.AspNetCore.Mvc.Razor.Compilation.DefaultViewCompiler|Initializing Razor view compiler with compiled view: '/Pages/_ViewImports.cshtml'. 
2022-09-05 23:56:27.3963|3|DEBUG|Microsoft.AspNetCore.Mvc.Razor.Compilation.DefaultViewCompiler|Initializing Razor view compiler with compiled view: '/Pages/_ViewStart.cshtml'. 
2022-09-05 23:56:27.3963|3|DEBUG|Microsoft.AspNetCore.Mvc.Razor.Compilation.DefaultViewCompiler|Initializing Razor view compiler with compiled view: '/Pages/Shared/_Layout.cshtml'. 
2022-09-05 23:56:27.4074|12|DEBUG|Microsoft.AspNetCore.Mvc.ModelBinding.ModelBinderFactory|Registered model binder providers, in the following order: Microsoft.AspNetCore.Mvc.ModelBinding.Binders.BinderTypeModelBinderProvider, Microsoft.AspNetCore.Mvc.ModelBinding.Binders.ServicesModelBinderProvider, Microsoft.AspNetCore.Mvc.ModelBinding.Binders.BodyModelBinderProvider, Microsoft.AspNetCore.Mvc.ModelBinding.Binders.HeaderModelBinderProvider, Microsoft.AspNetCore.Mvc.ModelBinding.Binders.FloatingPointTypeModelBinderProvider, Microsoft.AspNetCore.Mvc.ModelBinding.Binders.EnumTypeModelBinderProvider, Microsoft.AspNetCore.Mvc.ModelBinding.Binders.DateTimeModelBinderProvider, Microsoft.AspNetCore.Mvc.ModelBinding.Binders.SimpleTypeModelBinderProvider, Microsoft.AspNetCore.Mvc.ModelBinding.Binders.CancellationTokenModelBinderProvider, Microsoft.AspNetCore.Mvc.ModelBinding.Binders.ByteArrayModelBinderProvider, Microsoft.AspNetCore.Mvc.ModelBinding.Binders.FormFileModelBinderProvider, Microsoft.AspNetCore.Mvc.ModelBinding.Binders.FormCollectionModelBinderProvider, Microsoft.AspNetCore.Mvc.ModelBinding.Binders.KeyValuePairModelBinderProvider, Microsoft.AspNetCore.Mvc.ModelBinding.Binders.DictionaryModelBinderProvider, Microsoft.AspNetCore.Mvc.ModelBinding.Binders.ArrayModelBinderProvider, Microsoft.AspNetCore.Mvc.ModelBinding.Binders.CollectionModelBinderProvider, Microsoft.AspNetCore.Mvc.ModelBinding.Binders.ComplexObjectModelBinderProvider 
2022-09-05 23:56:27.4478|63|INFO|Microsoft.AspNetCore.DataProtection.KeyManagement.XmlKeyManager|User profile is available. Using 'C:\Users\manga\AppData\Local\ASP.NET\DataProtection-Keys' as key repository and Windows DPAPI to encrypt keys at rest. 
2022-09-05 23:56:27.5735|1|DEBUG|Microsoft.Extensions.Hosting.Internal.Host|Hosting starting 
2022-09-05 23:56:27.5735|37|DEBUG|Microsoft.AspNetCore.DataProtection.Repositories.FileSystemXmlRepository|Reading data from file 'C:\Users\manga\AppData\Local\ASP.NET\DataProtection-Keys\key-1d229e6e-b996-49aa-b68a-88a15fd4472d.xml'. 
2022-09-05 23:56:27.5735|18|DEBUG|Microsoft.AspNetCore.DataProtection.KeyManagement.XmlKeyManager|Found key {1d229e6e-b996-49aa-b68a-88a15fd4472d}. 
2022-09-05 23:56:27.5932|13|DEBUG|Microsoft.AspNetCore.DataProtection.KeyManagement.DefaultKeyResolver|Considering key {1d229e6e-b996-49aa-b68a-88a15fd4472d} with expiration date 2022-09-29 15:23:03Z as default key. 
2022-09-05 23:56:27.5932|0|DEBUG|Microsoft.AspNetCore.DataProtection.TypeForwardingActivator|Forwarded activator type request from Microsoft.AspNetCore.DataProtection.XmlEncryption.DpapiXmlDecryptor, Microsoft.AspNetCore.DataProtection, Version=5.0.0.0, Culture=neutral, PublicKeyToken=adb9793829ddae60 to Microsoft.AspNetCore.DataProtection.XmlEncryption.DpapiXmlDecryptor, Microsoft.AspNetCore.DataProtection, Culture=neutral, PublicKeyToken=adb9793829ddae60 
2022-09-05 23:56:27.5932|51|DEBUG|Microsoft.AspNetCore.DataProtection.XmlEncryption.DpapiXmlDecryptor|Decrypting secret element using Windows DPAPI. 
2022-09-05 23:56:27.5932|0|DEBUG|Microsoft.AspNetCore.DataProtection.TypeForwardingActivator|Forwarded activator type request from Microsoft.AspNetCore.DataProtection.AuthenticatedEncryption.ConfigurationModel.AuthenticatedEncryptorDescriptorDeserializer, Microsoft.AspNetCore.DataProtection, Version=5.0.0.0, Culture=neutral, PublicKeyToken=adb9793829ddae60 to Microsoft.AspNetCore.DataProtection.AuthenticatedEncryption.ConfigurationModel.AuthenticatedEncryptorDescriptorDeserializer, Microsoft.AspNetCore.DataProtection, Culture=neutral, PublicKeyToken=adb9793829ddae60 
2022-09-05 23:56:27.5932|4|DEBUG|Microsoft.AspNetCore.DataProtection.AuthenticatedEncryption.CngCbcAuthenticatedEncryptorFactory|Opening CNG algorithm 'AES' from provider '(null)' with chaining mode CBC. 
2022-09-05 23:56:27.6051|3|DEBUG|Microsoft.AspNetCore.DataProtection.AuthenticatedEncryption.CngCbcAuthenticatedEncryptorFactory|Opening CNG algorithm 'SHA256' from provider '(null)' with HMAC. 
2022-09-05 23:56:27.6051|2|DEBUG|Microsoft.AspNetCore.DataProtection.KeyManagement.KeyRingProvider|Using key {1d229e6e-b996-49aa-b68a-88a15fd4472d} as the default key. 
2022-09-05 23:56:27.6051|65|DEBUG|Microsoft.AspNetCore.DataProtection.Internal.DataProtectionHostedService|Key ring with default key {1d229e6e-b996-49aa-b68a-88a15fd4472d} was loaded during application startup. 
2022-09-05 23:56:27.6406|13|DEBUG|Microsoft.AspNetCore.Hosting.Diagnostics|Loaded hosting startup assembly KalaMarket.EndPoint 
2022-09-05 23:56:27.6406|13|DEBUG|Microsoft.AspNetCore.Hosting.Diagnostics|Loaded hosting startup assembly Microsoft.AspNetCore.Watch.BrowserRefresh 
2022-09-05 23:56:27.6406|13|DEBUG|Microsoft.AspNetCore.Hosting.Diagnostics|Loaded hosting startup assembly Microsoft.WebTools.BrowserLink.Net 
2022-09-05 23:56:27.6406|0|INFO|Microsoft.Hosting.Lifetime|Application started. Press Ctrl+C to shut down. 
2022-09-05 23:56:27.6711|0|INFO|Microsoft.Hosting.Lifetime|Hosting environment: Development 
2022-09-05 23:56:27.6711|0|INFO|Microsoft.Hosting.Lifetime|Content root path: C:\WorkSpace\Asp\Projects\KalaMarket\Src\KalaMarket\KalaMarket.EndPoint\ 
2022-09-05 23:56:27.6711|2|DEBUG|Microsoft.Extensions.Hosting.Internal.Host|Hosting started 
2022-09-05 23:56:27.6938|1|INFO|Microsoft.AspNetCore.Hosting.Diagnostics|Request starting HTTP/2 GET https://localhost:44316/ - - 
2022-09-05 23:56:27.7344|0|DEBUG|Microsoft.AspNetCore.HostFiltering.HostFilteringMiddleware|Wildcard detected, all requests with hosts will be allowed. 
2022-09-05 23:56:27.7344|2|TRACE|Microsoft.AspNetCore.HostFiltering.HostFilteringMiddleware|All hosts are allowed. 
2022-09-05 23:56:27.7344|4|DEBUG|Microsoft.AspNetCore.StaticFiles.StaticFileMiddleware|The request path / does not match a supported file type 
2022-09-05 23:56:27.7658|1001|DEBUG|Microsoft.AspNetCore.Routing.Matching.DfaMatcher|1 candidate(s) found for the request path '/' 
2022-09-05 23:56:27.7658|1005|DEBUG|Microsoft.AspNetCore.Routing.Matching.DfaMatcher|Endpoint '/Index' with route pattern '' is valid for the request path '/' 
2022-09-05 23:56:27.7658|1|DEBUG|Microsoft.AspNetCore.Routing.EndpointRoutingMiddleware|Request matched endpoint '/Index' 
2022-09-05 23:56:27.7832|9|DEBUG|Microsoft.AspNetCore.Authentication.Cookies.CookieAuthenticationHandler|AuthenticationScheme: Cookies was not authenticated. 
2022-09-05 23:56:27.7832|0|INFO|Microsoft.AspNetCore.Routing.EndpointMiddleware|Executing endpoint '/Index' 
2022-09-05 23:56:27.8485|5|TRACE|Microsoft.AspNetCore.Mvc.Razor.Compilation.DefaultViewCompiler|Located compiled view for view at path '/Pages/_ViewStart.cshtml'. 
2022-09-05 23:56:27.8485|7|TRACE|Microsoft.AspNetCore.Mvc.Razor.Compilation.DefaultViewCompiler|Could not find a file for view at path '/_ViewStart.cshtml'. 
2022-09-05 23:56:27.8485|3|INFO|Microsoft.AspNetCore.Mvc.RazorPages.Infrastructure.PageActionInvoker|Route matched with {page = "/Index", area = "", action = "", controller = ""}. Executing page /Index 
2022-09-05 23:56:27.8485|1|DEBUG|Microsoft.AspNetCore.Mvc.RazorPages.Infrastructure.PageActionInvoker|Execution plan of authorization filters (in the following order): Microsoft.AspNetCore.Mvc.ViewFeatures.Filters.AutoValidateAntiforgeryTokenAuthorizationFilter 
2022-09-05 23:56:27.8485|1|DEBUG|Microsoft.AspNetCore.Mvc.RazorPages.Infrastructure.PageActionInvoker|Execution plan of resource filters (in the following order): Microsoft.AspNetCore.Mvc.ViewFeatures.Filters.SaveTempDataFilter 
2022-09-05 23:56:27.8485|1|DEBUG|Microsoft.AspNetCore.Mvc.RazorPages.Infrastructure.PageActionInvoker|Execution plan of action filters (in the following order): Microsoft.AspNetCore.Mvc.ModelBinding.UnsupportedContentTypeFilter (Order: -3000) 
2022-09-05 23:56:27.8543|1|DEBUG|Microsoft.AspNetCore.Mvc.RazorPages.Infrastructure.PageActionInvoker|Execution plan of exception filters (in the following order): None 
2022-09-05 23:56:27.8543|1|DEBUG|Microsoft.AspNetCore.Mvc.RazorPages.Infrastructure.PageActionInvoker|Execution plan of result filters (in the following order): Microsoft.AspNetCore.Mvc.ViewFeatures.Filters.SaveTempDataFilter 
2022-09-05 23:56:27.8543|2|TRACE|Microsoft.AspNetCore.Mvc.RazorPages.Infrastructure.PageActionInvoker|Authorization Filter: Before executing OnAuthorizationAsync on filter Microsoft.AspNetCore.Mvc.ViewFeatures.Filters.AutoValidateAntiforgeryTokenAuthorizationFilter. 
2022-09-05 23:56:27.8543|3|TRACE|Microsoft.AspNetCore.Mvc.RazorPages.Infrastructure.PageActionInvoker|Authorization Filter: After executing OnAuthorizationAsync on filter Microsoft.AspNetCore.Mvc.ViewFeatures.Filters.AutoValidateAntiforgeryTokenAuthorizationFilter. 
2022-09-05 23:56:27.8543|2|TRACE|Microsoft.AspNetCore.Mvc.RazorPages.Infrastructure.PageActionInvoker|Resource Filter: Before executing OnResourceExecuting on filter Microsoft.AspNetCore.Mvc.ViewFeatures.Filters.SaveTempDataFilter. 
2022-09-05 23:56:27.8543|3|TRACE|Microsoft.AspNetCore.Mvc.RazorPages.Infrastructure.PageActionInvoker|Resource Filter: After executing OnResourceExecuting on filter Microsoft.AspNetCore.Mvc.ViewFeatures.Filters.SaveTempDataFilter. 
2022-09-05 23:56:27.8543|101|DEBUG|Microsoft.AspNetCore.Mvc.RazorPages.Infrastructure.PageActionInvoker|Executing page model factory for page KalaMarket.EndPoint.Pages.Pages_Index (KalaMarket.EndPoint) 
2022-09-05 23:56:27.8543|0|DEBUG|KalaMarket.EndPoint.Pages.IndexModel|1 
2022-09-05 23:56:27.8543|102|DEBUG|Microsoft.AspNetCore.Mvc.RazorPages.Infrastructure.PageActionInvoker|Executed page model factory for page KalaMarket.EndPoint.Pages.Pages_Index (KalaMarket.EndPoint) 
2022-09-05 23:56:27.8543|1|TRACE|Microsoft.AspNetCore.Mvc.RazorPages.Infrastructure.PageActionInvoker|Page Filter: Before executing OnPageHandlerSelectionAsync on filter Microsoft.AspNetCore.Mvc.Filters.PageHandlerPageFilter. 
2022-09-05 23:56:27.8543|2|TRACE|Microsoft.AspNetCore.Mvc.RazorPages.Infrastructure.PageActionInvoker|Page Filter: After executing OnPageHandlerSelectionAsync on filter Microsoft.AspNetCore.Mvc.Filters.PageHandlerPageFilter. 
2022-09-05 23:56:27.8543|1|TRACE|Microsoft.AspNetCore.Mvc.RazorPages.Infrastructure.PageActionInvoker|Page Filter: Before executing OnPageHandlerSelected on filter Microsoft.AspNetCore.Mvc.RazorPages.Infrastructure.HandleOptionsRequestsPageFilter. 
2022-09-05 23:56:27.8543|1|TRACE|Microsoft.AspNetCore.Mvc.RazorPages.Infrastructure.PageActionInvoker|Page Filter: Before executing OnPageHandlerExecutionAsync on filter Microsoft.AspNetCore.Mvc.Filters.PageHandlerPageFilter. 
2022-09-05 23:56:27.8543|1|TRACE|Microsoft.AspNetCore.Mvc.RazorPages.Infrastructure.PageActionInvoker|Page Filter: Before executing OnPageHandlerExecuting on filter Microsoft.AspNetCore.Mvc.RazorPages.Infrastructure.HandleOptionsRequestsPageFilter. 
2022-09-05 23:56:27.8543|2|TRACE|Microsoft.AspNetCore.Mvc.RazorPages.Infrastructure.PageActionInvoker|Page Filter: After executing OnPageHandlerExecuting on filter Microsoft.AspNetCore.Mvc.RazorPages.Infrastructure.HandleOptionsRequestsPageFilter. 
2022-09-05 23:56:27.8749|105|INFO|Microsoft.AspNetCore.Mvc.RazorPages.Infrastructure.PageActionInvoker|Executing handler method KalaMarket.EndPoint.Pages.IndexModel.OnGet - ModelState is Valid 
2022-09-05 23:56:27.8749|0|INFO|KalaMarket.EndPoint.Pages.IndexModel|Hello , This is OnGet Method Of Main 
2022-09-05 23:56:27.8749|108|INFO|Microsoft.AspNetCore.Mvc.RazorPages.Infrastructure.PageActionInvoker|Executed handler method OnGet, returned result . 
2022-09-05 23:56:27.8749|107|INFO|Microsoft.AspNetCore.Mvc.RazorPages.Infrastructure.PageActionInvoker|Executing an implicit handler method - ModelState is Valid 
2022-09-05 23:56:27.8749|109|INFO|Microsoft.AspNetCore.Mvc.RazorPages.Infrastructure.PageActionInvoker|Executed an implicit handler method, returned result Microsoft.AspNetCore.Mvc.RazorPages.PageResult. 
2022-09-05 23:56:27.8749|1|TRACE|Microsoft.AspNetCore.Mvc.RazorPages.Infrastructure.PageActionInvoker|Page Filter: Before executing OnPageHandlerExecuted on filter Microsoft.AspNetCore.Mvc.RazorPages.Infrastructure.HandleOptionsRequestsPageFilter. 
2022-09-05 23:56:27.8749|2|TRACE|Microsoft.AspNetCore.Mvc.RazorPages.Infrastructure.PageActionInvoker|Page Filter: After executing OnPageHandlerExecuted on filter Microsoft.AspNetCore.Mvc.RazorPages.Infrastructure.HandleOptionsRequestsPageFilter. 
2022-09-05 23:56:27.8749|2|TRACE|Microsoft.AspNetCore.Mvc.RazorPages.Infrastructure.PageActionInvoker|Page Filter: After executing OnPageHandlerExecutionAsync on filter Microsoft.AspNetCore.Mvc.Filters.PageHandlerPageFilter. 
2022-09-05 23:56:27.8749|2|TRACE|Microsoft.AspNetCore.Mvc.RazorPages.Infrastructure.PageActionInvoker|Result Filter: Before executing OnResultExecuting on filter Microsoft.AspNetCore.Mvc.ViewFeatures.Filters.SaveTempDataFilter. 
2022-09-05 23:56:27.8749|3|TRACE|Microsoft.AspNetCore.Mvc.RazorPages.Infrastructure.PageActionInvoker|Result Filter: After executing OnResultExecuting on filter Microsoft.AspNetCore.Mvc.ViewFeatures.Filters.SaveTempDataFilter. 
2022-09-05 23:56:27.8869|4|TRACE|Microsoft.AspNetCore.Mvc.RazorPages.Infrastructure.PageActionInvoker|Before executing action result Microsoft.AspNetCore.Mvc.RazorPages.PageResult. 
2022-09-05 23:56:27.9905|1|DEBUG|Microsoft.AspNetCore.Mvc.Razor.RazorViewEngine|View lookup cache miss for view '_Layout' in controller '(null)'. 
2022-09-05 23:56:27.9905|7|TRACE|Microsoft.AspNetCore.Mvc.Razor.Compilation.DefaultViewCompiler|Could not find a file for view at path '/Pages/_Layout.cshtml'. 
2022-09-05 23:56:27.9905|5|TRACE|Microsoft.AspNetCore.Mvc.Razor.Compilation.DefaultViewCompiler|Located compiled view for view at path '/Pages/Shared/_Layout.cshtml'. 
2022-09-05 23:56:28.0132|1|DEBUG|Microsoft.AspNetCore.Mvc.Razor.RazorViewEngine|View lookup cache miss for view '_Partials/_MetaTagPartial' in controller '(null)'. 
2022-09-05 23:56:28.0132|7|TRACE|Microsoft.AspNetCore.Mvc.Razor.Compilation.DefaultViewCompiler|Could not find a file for view at path '/Pages/_Partials/_MetaTagPartial.cshtml'. 
2022-09-05 23:56:28.0132|5|TRACE|Microsoft.AspNetCore.Mvc.Razor.Compilation.DefaultViewCompiler|Located compiled view for view at path '/Pages/Shared/_Partials/_MetaTagPartial.cshtml'. 
2022-09-05 23:56:28.0132|1|DEBUG|Microsoft.AspNetCore.Mvc.Razor.RazorViewEngine|View lookup cache miss for view '_Partials/_LinkPartial' in controller '(null)'. 
2022-09-05 23:56:28.0132|7|TRACE|Microsoft.AspNetCore.Mvc.Razor.Compilation.DefaultViewCompiler|Could not find a file for view at path '/Pages/_Partials/_LinkPartial.cshtml'. 
2022-09-05 23:56:28.0132|5|TRACE|Microsoft.AspNetCore.Mvc.Razor.Compilation.DefaultViewCompiler|Located compiled view for view at path '/Pages/Shared/_Partials/_LinkPartial.cshtml'. 
2022-09-05 23:56:28.0787|1|DEBUG|Microsoft.AspNetCore.Mvc.Razor.RazorViewEngine|View lookup cache miss for view '_Partials/_DisplayToastMessages' in controller '(null)'. 
2022-09-05 23:56:28.0787|7|TRACE|Microsoft.AspNetCore.Mvc.Razor.Compilation.DefaultViewCompiler|Could not find a file for view at path '/Pages/_Partials/_DisplayToastMessages.cshtml'. 
2022-09-05 23:56:28.0787|5|TRACE|Microsoft.AspNetCore.Mvc.Razor.Compilation.DefaultViewCompiler|Located compiled view for view at path '/Pages/Shared/_Partials/_DisplayToastMessages.cshtml'. 
2022-09-05 23:56:28.1069|1|DEBUG|Microsoft.AspNetCore.Mvc.ViewFeatures.CookieTempDataProvider|The temp data cookie .AspNetCore.Mvc.CookieTempDataProvider was not found. 
2022-09-05 23:56:28.1806|100|DEBUG|Microsoft.AspNetCore.Routing.DefaultLinkGenerator|Found the endpoints /Account/Login, Route: {area:exists}/{controller=Home}/{action=Index}/{id?}, Route: {controller=Home}/{action=Index}/{id?} for address Microsoft.AspNetCore.Routing.RouteValuesAddress 
2022-09-05 23:56:28.2092|102|DEBUG|Microsoft.AspNetCore.Routing.DefaultLinkGenerator|Successfully processed template Account/Login for /Account/Login resulting in /account/login and  
2022-09-05 23:56:28.2092|105|DEBUG|Microsoft.AspNetCore.Routing.DefaultLinkGenerator|Link generation succeeded for endpoints /Account/Login, Route: {area:exists}/{controller=Home}/{action=Index}/{id?}, Route: {controller=Home}/{action=Index}/{id?} with result /account/login 
2022-09-05 23:56:28.2133|100|DEBUG|Microsoft.AspNetCore.Routing.DefaultLinkGenerator|Found the endpoints /Account/Register, Route: {area:exists}/{controller=Home}/{action=Index}/{id?}, Route: {controller=Home}/{action=Index}/{id?} for address Microsoft.AspNetCore.Routing.RouteValuesAddress 
2022-09-05 23:56:28.2133|102|DEBUG|Microsoft.AspNetCore.Routing.DefaultLinkGenerator|Successfully processed template Account/Register/{handler?} for /Account/Register resulting in /account/register and  
2022-09-05 23:56:28.2133|105|DEBUG|Microsoft.AspNetCore.Routing.DefaultLinkGenerator|Link generation succeeded for endpoints /Account/Register, Route: {area:exists}/{controller=Home}/{action=Index}/{id?}, Route: {controller=Home}/{action=Index}/{id?} with result /account/register 
2022-09-05 23:56:28.2133|1|DEBUG|Microsoft.AspNetCore.Mvc.Razor.RazorViewEngine|View lookup cache miss for view '_Partials/_ScriptPartial' in controller '(null)'. 
2022-09-05 23:56:28.2133|7|TRACE|Microsoft.AspNetCore.Mvc.Razor.Compilation.DefaultViewCompiler|Could not find a file for view at path '/Pages/_Partials/_ScriptPartial.cshtml'. 
2022-09-05 23:56:28.2133|5|TRACE|Microsoft.AspNetCore.Mvc.Razor.Compilation.DefaultViewCompiler|Located compiled view for view at path '/Pages/Shared/_Partials/_ScriptPartial.cshtml'. 
2022-09-05 23:56:28.5466|5|TRACE|Microsoft.AspNetCore.Mvc.RazorPages.Infrastructure.PageActionInvoker|After executing action result Microsoft.AspNetCore.Mvc.RazorPages.PageResult. 
2022-09-05 23:56:28.5466|2|TRACE|Microsoft.AspNetCore.Mvc.RazorPages.Infrastructure.PageActionInvoker|Result Filter: Before executing OnResultExecuted on filter Microsoft.AspNetCore.Mvc.ViewFeatures.Filters.SaveTempDataFilter. 
2022-09-05 23:56:28.5611|3|TRACE|Microsoft.AspNetCore.Mvc.RazorPages.Infrastructure.PageActionInvoker|Result Filter: After executing OnResultExecuted on filter Microsoft.AspNetCore.Mvc.ViewFeatures.Filters.SaveTempDataFilter. 
2022-09-05 23:56:28.5611|2|TRACE|Microsoft.AspNetCore.Mvc.RazorPages.Infrastructure.PageActionInvoker|Resource Filter: Before executing OnResourceExecuted on filter Microsoft.AspNetCore.Mvc.ViewFeatures.Filters.SaveTempDataFilter. 
2022-09-05 23:56:28.5611|3|TRACE|Microsoft.AspNetCore.Mvc.RazorPages.Infrastructure.PageActionInvoker|Resource Filter: After executing OnResourceExecuted on filter Microsoft.AspNetCore.Mvc.ViewFeatures.Filters.SaveTempDataFilter. 
2022-09-05 23:56:28.5803|4|INFO|Microsoft.AspNetCore.Mvc.RazorPages.Infrastructure.PageActionInvoker|Executed page /Index in 714.4525ms 
2022-09-05 23:56:28.5803|1|INFO|Microsoft.AspNetCore.Routing.EndpointMiddleware|Executed endpoint '/Index' 
2022-09-05 23:56:28.6310|1|DEBUG|Microsoft.AspNetCore.Watch.BrowserRefresh.BrowserRefreshMiddleware|Response markup is scheduled to include browser refresh script injection. 
2022-09-05 23:56:28.7206|2|DEBUG|Microsoft.AspNetCore.Watch.BrowserRefresh.BrowserRefreshMiddleware|Response markup was updated to include browser refresh script injection. 
2022-09-05 23:56:28.7792|1|DEBUG|Microsoft.AspNetCore.Server.IIS.Core.IISHttpServer|Connection ID "18374686497656799271" disconnecting. 
2022-09-05 23:56:28.7792|2|INFO|Microsoft.AspNetCore.Hosting.Diagnostics|Request finished HTTP/2 GET https://localhost:44316/ - - - 200 - text/html;+charset=utf-8 1098.3558ms 
2022-09-05 23:56:28.9769|1|INFO|Microsoft.AspNetCore.Hosting.Diagnostics|Request starting HTTP/2 GET https://localhost:44316/_framework/aspnetcore-browser-refresh.js - - 
2022-09-05 23:56:28.9988|2|INFO|Microsoft.AspNetCore.Hosting.Diagnostics|Request finished HTTP/2 GET https://localhost:44316/_framework/aspnetcore-browser-refresh.js - - - 200 12007 application/javascript;+charset=utf-8 21.4108ms 
2022-09-05 23:56:30.1252|1|INFO|Microsoft.AspNetCore.Hosting.Diagnostics|Request starting HTTP/2 GET https://localhost:44316/_vs/browserLink - - 
2022-09-05 23:56:30.1987|1|DEBUG|Microsoft.AspNetCore.Server.IIS.Core.IISHttpServer|Connection ID "18374686484771897357" disconnecting. 
2022-09-05 23:56:30.2156|2|INFO|Microsoft.AspNetCore.Hosting.Diagnostics|Request finished HTTP/2 GET https://localhost:44316/_vs/browserLink - - - 200 - text/javascript;+charset=UTF-8 90.3713ms 
